<?xml version="1.0" encoding="gb2312" ?>
<!-- main configuration for all testing -->
<cfg>
	<setting>
		<err_setting>
      <item><enable>1</enable><upload>1</upload><chip_error_code>0</chip_error_code><lenovo_error_code>0</lenovo_error_code><disc_eng>success</disc_eng><disc_chs>err_tester_connect_fail</disc_chs><value>..\doc\</value><helpdoc>..\doc\</helpdoc><prompt></prompt></item>
      <item><enable>1</enable><upload>1</upload><chip_error_code>1</chip_error_code><lenovo_error_code>-410001</lenovo_error_code><disc_eng>LIB INIT FAILED</disc_eng><disc_chs>Mtk调用库初始化失败</disc_chs><value>.\log</value><helpdoc>..\doc\</helpdoc><prompt></prompt></item>
      <item><enable>1</enable><upload>1</upload><chip_error_code>2</chip_error_code><lenovo_error_code>-410002</lenovo_error_code><disc_eng>INVALID HANDLE</disc_eng><disc_chs>无效句柄</disc_chs><value>.\log</value><helpdoc>..\doc\</helpdoc><prompt></prompt></item>
      <item><enable>1</enable><upload>1</upload><chip_error_code>3</chip_error_code><lenovo_error_code>-410003</lenovo_error_code><disc_eng>CREATE LOG FILE FAILED</disc_eng><disc_chs>创建log文件失败</disc_chs><value>.\log</value><helpdoc>..\doc\</helpdoc><prompt></prompt></item>
      <item><enable>1</enable><upload>1</upload><chip_error_code>4</chip_error_code><lenovo_error_code>-410004</lenovo_error_code><disc_eng>CREATE REPORT FILE FAILED</disc_eng><disc_chs>创建报表文件失败</disc_chs><value>.\log</value><helpdoc>..\doc\</helpdoc><prompt></prompt></item>
      <item><enable>1</enable><upload>1</upload><chip_error_code>5</chip_error_code><lenovo_error_code>-410005</lenovo_error_code><disc_eng>GENERATE OUTPUT FILE FAILED</disc_eng><disc_chs>产生输出文件失败</disc_chs><value>.\log</value><helpdoc>..\doc\</helpdoc><prompt></prompt></item>
      <item><enable>1</enable><upload>1</upload><chip_error_code>6</chip_error_code><lenovo_error_code>-410006</lenovo_error_code><disc_eng>CFG FILE INVALID</disc_eng><disc_chs>cfg文件无效</disc_chs><value>.\log</value><helpdoc>..\doc\</helpdoc><prompt></prompt></item>
      <item><enable>1</enable><upload>1</upload><chip_error_code>7</chip_error_code><lenovo_error_code>-410007</lenovo_error_code><disc_eng>INI FILE INVALID</disc_eng><disc_chs>ini文件无效</disc_chs><value>.\log</value><helpdoc>..\doc\</helpdoc><prompt></prompt></item>
      <item><enable>1</enable><upload>1</upload><chip_error_code>8</chip_error_code><lenovo_error_code>-410008</lenovo_error_code><disc_eng>GET NVRAM RECLEN FAILED</disc_eng><disc_chs>err_comport_fail</disc_chs><value>.\log</value><helpdoc>..\doc\</helpdoc><prompt></prompt></item>
      <item><enable>1</enable><upload>1</upload><chip_error_code>9</chip_error_code><lenovo_error_code>-410009</lenovo_error_code><disc_eng>COMPOSE NVRAM FAILED</disc_eng><disc_chs>err_comport_fail</disc_chs><value>.\log</value><helpdoc>..\doc\</helpdoc><prompt></prompt></item>
      <item><enable>1</enable><upload>1</upload><chip_error_code>10</chip_error_code><lenovo_error_code>-410010</lenovo_error_code><disc_eng>WRITE NVRAM FAILED</disc_eng><disc_chs>err_comport_fail</disc_chs><value>.\log</value><helpdoc>..\doc\</helpdoc><prompt></prompt></item>
      <item><enable>1</enable><upload>1</upload><chip_error_code>11</chip_error_code><lenovo_error_code>-410011</lenovo_error_code><disc_eng>WRITE CAL FILE FAILED</disc_eng><disc_chs>err_comport_fail</disc_chs><value>.\log</value><helpdoc>..\doc\</helpdoc><prompt></prompt></item>
      <item><enable>1</enable><upload>1</upload><chip_error_code>12</chip_error_code><lenovo_error_code>-410012</lenovo_error_code><disc_eng>TESTER CTRL FAILED</disc_eng><disc_chs>err_comport_fail</disc_chs><value>.\log</value><helpdoc>..\doc\</helpdoc><prompt></prompt></item>
      <item><enable>1</enable><upload>1</upload><chip_error_code>13</chip_error_code><lenovo_error_code>-410013</lenovo_error_code><disc_eng>TESTER CTRL DEINIT FAILED</disc_eng><disc_chs>err_comport_fail</disc_chs><value>.\log</value><helpdoc>..\doc\</helpdoc><prompt></prompt></item>
      <item><enable>1</enable><upload>1</upload><chip_error_code>14</chip_error_code><lenovo_error_code>-410014</lenovo_error_code><disc_eng>USER TERMINATED</disc_eng><disc_chs>err_comport_fail</disc_chs><value>.\log</value><helpdoc>..\doc\</helpdoc><prompt></prompt></item>
      <item><enable>1</enable><upload>1</upload><chip_error_code>15</chip_error_code><lenovo_error_code>-410015</lenovo_error_code><disc_eng>STOP RF FAILED</disc_eng><disc_chs>err_comport_fail</disc_chs><value>.\log</value><helpdoc>..\doc\</helpdoc><prompt></prompt></item>
      <item><enable>1</enable><upload>1</upload><chip_error_code>16</chip_error_code><lenovo_error_code>-410016</lenovo_error_code><disc_eng>READ NVRAM FAILED</disc_eng><disc_chs>err_comport_fail</disc_chs><value>.\log</value><helpdoc>..\doc\</helpdoc><prompt></prompt></item>
      <item><enable>1</enable><upload>1</upload><chip_error_code>17</chip_error_code><lenovo_error_code>-410017</lenovo_error_code><disc_eng>GET NVRAM BUFFER FIELD FAILED</disc_eng><disc_chs>err_comport_fail</disc_chs><value>.\log</value><helpdoc>..\doc\</helpdoc><prompt></prompt></item>
      <item><enable>1</enable><upload>1</upload><chip_error_code>18</chip_error_code><lenovo_error_code>-410018</lenovo_error_code><disc_eng>WCDMA SET POWER CONTROL MODE FAILED</disc_eng><disc_chs>err_comport_fail</disc_chs><value>.\log</value><helpdoc>..\doc\</helpdoc><prompt></prompt></item>
      <item><enable>1</enable><upload>1</upload><chip_error_code>19</chip_error_code><lenovo_error_code>-410019</lenovo_error_code><disc_eng>WCDMA REPLACE GAIN TABLE FAILED</disc_eng><disc_chs>err_comport_fail</disc_chs><value>.\log</value><helpdoc>..\doc\</helpdoc><prompt></prompt></item>
      <item><enable>1</enable><upload>1</upload><chip_error_code>20</chip_error_code><lenovo_error_code>-410020</lenovo_error_code><disc_eng>WCDMA GET CAPABILITY FAILED</disc_eng><disc_chs>err_comport_fail</disc_chs><value>.\log</value><helpdoc>..\doc\</helpdoc><prompt></prompt></item>
      <item><enable>1</enable><upload>1</upload><chip_error_code>21</chip_error_code><lenovo_error_code>-410021</lenovo_error_code><disc_eng>WCDMA SET PA DRIFT COMPENSATION FAILED</disc_eng><disc_chs>err_comport_fail</disc_chs><value>.\log</value><helpdoc>..\doc\</helpdoc><prompt></prompt></item>
      <item><enable>1</enable><upload>1</upload><chip_error_code>22</chip_error_code><lenovo_error_code>-410022</lenovo_error_code><disc_eng>NOT SUPPORTED MATH MODE</disc_eng><disc_chs>err_comport_fail</disc_chs><value>.\log</value><helpdoc>..\doc\</helpdoc><prompt></prompt></item>
      <item><enable>1</enable><upload>1</upload><chip_error_code>23</chip_error_code><lenovo_error_code>-410023</lenovo_error_code><disc_eng>INCONSISTENT W CAL MODE</disc_eng><disc_chs>err_comport_fail</disc_chs><value>.\log</value><helpdoc>..\doc\</helpdoc><prompt></prompt></item>
      <item><enable>1</enable><upload>1</upload><chip_error_code>24</chip_error_code><lenovo_error_code>-410024</lenovo_error_code><disc_eng>GGE GET CAPABILITY FAILED</disc_eng><disc_chs>err_comport_fail</disc_chs><value>.\log</value><helpdoc>..\doc\</helpdoc><prompt></prompt></item>
      <item><enable>1</enable><upload>1</upload><chip_error_code>25</chip_error_code><lenovo_error_code>-410025</lenovo_error_code><disc_eng>TESTER OCCUPY HANDLE FAILED</disc_eng><disc_chs>err_comport_fail</disc_chs><value>.\log</value><helpdoc>..\doc\</helpdoc><prompt></prompt></item>
      <item><enable>1</enable><upload>1</upload><chip_error_code>26</chip_error_code><lenovo_error_code>-410026</lenovo_error_code><disc_eng>TESTER INITIALIZE FAILED</disc_eng><disc_chs>err_comport_fail</disc_chs><value>.\log</value><helpdoc>..\doc\</helpdoc><prompt></prompt></item>
      <item><enable>1</enable><upload>1</upload><chip_error_code>27</chip_error_code><lenovo_error_code>-410027</lenovo_error_code><disc_eng>TESTER RESET FAILED</disc_eng><disc_chs>err_comport_fail</disc_chs><value>.\log</value><helpdoc>..\doc\</helpdoc><prompt></prompt></item>
      <item><enable>1</enable><upload>1</upload><chip_error_code>28</chip_error_code><lenovo_error_code>-410028</lenovo_error_code><disc_eng>TESTER SWITCH PORT FAILED</disc_eng><disc_chs>err_comport_fail</disc_chs><value>.\log</value><helpdoc>..\doc\</helpdoc><prompt></prompt></item>
      <item><enable>1</enable><upload>1</upload><chip_error_code>29</chip_error_code><lenovo_error_code>-410029</lenovo_error_code><disc_eng>UNEXPECTED EXCEPTION</disc_eng><disc_chs>err_comport_fail</disc_chs><value>.\log</value><helpdoc>..\doc\</helpdoc><prompt></prompt></item>
      <item><enable>1</enable><upload>1</upload><chip_error_code>64</chip_error_code><lenovo_error_code>-410064</lenovo_error_code><disc_eng>WCDMA TADC START</disc_eng><disc_chs>err_comport_fail</disc_chs><value>.\log</value><helpdoc>..\doc\</helpdoc><prompt></prompt></item>
      <item><enable>1</enable><upload>1</upload><chip_error_code>65</chip_error_code><lenovo_error_code>-410065</lenovo_error_code><disc_eng>WCDMA TADC MEASURE FAILED</disc_eng><disc_chs>err_comport_fail</disc_chs><value>.\log</value><helpdoc>..\doc\</helpdoc><prompt></prompt></item>
      <item><enable>1</enable><upload>1</upload><chip_error_code>66</chip_error_code><lenovo_error_code>-410066</lenovo_error_code><disc_eng>WCDMA TADC GET NVRAM RECORD LENGTH FAILED</disc_eng><disc_chs>err_comport_fail</disc_chs><value>.\log</value><helpdoc>..\doc\</helpdoc><prompt></prompt></item>
      <item><enable>1</enable><upload>1</upload><chip_error_code>67</chip_error_code><lenovo_error_code>-410067</lenovo_error_code><disc_eng>WCDMA TADC COMPOSE NVRAM FAILED</disc_eng><disc_chs>err_comport_fail</disc_chs><value>.\log</value><helpdoc>..\doc\</helpdoc><prompt></prompt></item>
      <item><enable>1</enable><upload>1</upload><chip_error_code>68</chip_error_code><lenovo_error_code>-410068</lenovo_error_code><disc_eng>WCDMA TADC WRITE NVRAM INITIAL VALUE FAILED</disc_eng><disc_chs>err_comport_fail</disc_chs><value>.\log</value><helpdoc>..\doc\</helpdoc><prompt></prompt></item>
      <item><enable>1</enable><upload>1</upload><chip_error_code>69</chip_error_code><lenovo_error_code>-410069</lenovo_error_code><disc_eng>WCDMA TADC WRITE NVRAM CAL DATA FAILED</disc_eng><disc_chs>err_comport_fail</disc_chs><value>.\log</value><helpdoc>..\doc\</helpdoc><prompt></prompt></item>
      <item><enable>1</enable><upload>1</upload><chip_error_code>70</chip_error_code><lenovo_error_code>-410070</lenovo_error_code><disc_eng>WCDMA TADC INVALID CURRENT TEMPERATURE</disc_eng><disc_chs>err_comport_fail</disc_chs><value>.\log</value><helpdoc>..\doc\</helpdoc><prompt></prompt></item>
      <item><enable>1</enable><upload>1</upload><chip_error_code>71</chip_error_code><lenovo_error_code>-410071</lenovo_error_code><disc_eng>WCDMA TADC CHECK START</disc_eng><disc_chs>err_comport_fail</disc_chs><value>.\log</value><helpdoc>..\doc\</helpdoc><prompt></prompt></item>
      <item><enable>1</enable><upload>1</upload><chip_error_code>72</chip_error_code><lenovo_error_code>-410072</lenovo_error_code><disc_eng>WCDMA TADC CHECK FAILED</disc_eng><disc_chs>err_comport_fail</disc_chs><value>.\log</value><helpdoc>..\doc\</helpdoc><prompt></prompt></item>
      <item><enable>1</enable><upload>1</upload><chip_error_code>73</chip_error_code><lenovo_error_code>-410073</lenovo_error_code><disc_eng>WCDMA TADC DONE</disc_eng><disc_chs>err_comport_fail</disc_chs><value>.\log</value><helpdoc>..\doc\</helpdoc><prompt></prompt></item>
      <item><enable>1</enable><upload>1</upload><chip_error_code>74</chip_error_code><lenovo_error_code>-410074</lenovo_error_code><disc_eng>WCDMA TADC PARSE CONFIG FAILED</disc_eng><disc_chs>err_comport_fail</disc_chs><value>.\log</value><helpdoc>..\doc\</helpdoc><prompt></prompt></item>
      <item><enable>1</enable><upload>1</upload><chip_error_code>75</chip_error_code><lenovo_error_code>-410075</lenovo_error_code><disc_eng>WCDMA TADC PARSE INI FAILED</disc_eng><disc_chs>err_comport_fail</disc_chs><value>.\log</value><helpdoc>..\doc\</helpdoc><prompt></prompt></item>
      <item><enable>1</enable><upload>1</upload><chip_error_code>76</chip_error_code><lenovo_error_code>-410076</lenovo_error_code><disc_eng>WCDMA TADC INVALID SENSOR STATUS</disc_eng><disc_chs>err_comport_fail</disc_chs><value>.\log</value><helpdoc>..\doc\</helpdoc><prompt></prompt></item>
      <item><enable>1</enable><upload>1</upload><chip_error_code>128</chip_error_code><lenovo_error_code>-410128</lenovo_error_code><disc_eng>WCDMA AFC START</disc_eng><disc_chs>err_comport_fail</disc_chs><value>.\log</value><helpdoc>..\doc\</helpdoc><prompt></prompt></item>
      <item><enable>1</enable><upload>1</upload><chip_error_code>129</chip_error_code><lenovo_error_code>-410129</lenovo_error_code><disc_eng>WCDMA AFC MEASURE FAILED</disc_eng><disc_chs>err_comport_fail</disc_chs><value>.\log</value><helpdoc>..\doc\</helpdoc><prompt></prompt></item>
      <item><enable>1</enable><upload>1</upload><chip_error_code>130</chip_error_code><lenovo_error_code>-410130</lenovo_error_code><disc_eng>WCDMA AFC CHECK START</disc_eng><disc_chs>err_comport_fail</disc_chs><value>.\log</value><helpdoc>..\doc\</helpdoc><prompt></prompt></item>
      <item><enable>1</enable><upload>1</upload><chip_error_code>131</chip_error_code><lenovo_error_code>-410131</lenovo_error_code><disc_eng>WCDMA AFC CHECK FAILED</disc_eng><disc_chs>err_comport_fail</disc_chs><value>.\log</value><helpdoc>..\doc\</helpdoc><prompt></prompt></item>
      <item><enable>1</enable><upload>1</upload><chip_error_code>132</chip_error_code><lenovo_error_code>-410132</lenovo_error_code><disc_eng>WCDMA AFC DONE</disc_eng><disc_chs>err_comport_fail</disc_chs><value>.\log</value><helpdoc>..\doc\</helpdoc><prompt></prompt></item>
      <item><enable>1</enable><upload>1</upload><chip_error_code>192</chip_error_code><lenovo_error_code>-410192</lenovo_error_code><disc_eng>WCDMA AGC START</disc_eng><disc_chs>err_comport_fail</disc_chs><value>.\log</value><helpdoc>..\doc\</helpdoc><prompt></prompt></item>
      <item><enable>1</enable><upload>1</upload><chip_error_code>193</chip_error_code><lenovo_error_code>-410193</lenovo_error_code><disc_eng>WCDMA AGC CHECK START</disc_eng><disc_chs>err_comport_fail</disc_chs><value>.\log</value><helpdoc>..\doc\</helpdoc><prompt></prompt></item>
      <item><enable>1</enable><upload>1</upload><chip_error_code>194</chip_error_code><lenovo_error_code>-410194</lenovo_error_code><disc_eng>WCDMA AGC DONE</disc_eng><disc_chs>err_comport_fail</disc_chs><value>.\log</value><helpdoc>..\doc\</helpdoc><prompt></prompt></item>
      <item><enable>1</enable><upload>1</upload><chip_error_code>195</chip_error_code><lenovo_error_code>-410195</lenovo_error_code><disc_eng>WCDMA AGC MEASURE FAILED</disc_eng><disc_chs>err_comport_fail</disc_chs><value>.\log</value><helpdoc>..\doc\</helpdoc><prompt></prompt></item>
      <item><enable>1</enable><upload>1</upload><chip_error_code>196</chip_error_code><lenovo_error_code>-410196</lenovo_error_code><disc_eng>WCDMA AGC CHECK HIGH FAILED</disc_eng><disc_chs>err_comport_fail</disc_chs><value>.\log</value><helpdoc>..\doc\</helpdoc><prompt></prompt></item>
      <item><enable>1</enable><upload>1</upload><chip_error_code>197</chip_error_code><lenovo_error_code>-410197</lenovo_error_code><disc_eng>WCDMA AGC CHECK MID FAILED</disc_eng><disc_chs>err_comport_fail</disc_chs><value>.\log</value><helpdoc>..\doc\</helpdoc><prompt></prompt></item>
      <item><enable>1</enable><upload>1</upload><chip_error_code>198</chip_error_code><lenovo_error_code>-410198</lenovo_error_code><disc_eng>WCDMA AGC CHECK LOW FAILED</disc_eng><disc_chs>err_comport_fail</disc_chs><value>.\log</value><helpdoc>..\doc\</helpdoc><prompt></prompt></item>
      <item><enable>1</enable><upload>1</upload><chip_error_code>199</chip_error_code><lenovo_error_code>-410199</lenovo_error_code><disc_eng>WCDMA AGC CHECK LNA MODE FAILED</disc_eng><disc_chs>err_comport_fail</disc_chs><value>.\log</value><helpdoc>..\doc\</helpdoc><prompt></prompt></item>
      <item><enable>1</enable><upload>1</upload><chip_error_code>200</chip_error_code><lenovo_error_code>-410200</lenovo_error_code><disc_eng>WCDMA AGC WRITE INIT VALUE FAILED</disc_eng><disc_chs>err_comport_fail</disc_chs><value>.\log</value><helpdoc>..\doc\</helpdoc><prompt></prompt></item>
      <item><enable>1</enable><upload>1</upload><chip_error_code>201</chip_error_code><lenovo_error_code>-410201</lenovo_error_code><disc_eng>WCDMA AGC WRITE CAL DATA FAILED</disc_eng><disc_chs>err_comport_fail</disc_chs><value>.\log</value><helpdoc>..\doc\</helpdoc><prompt></prompt></item>
      <item><enable>1</enable><upload>1</upload><chip_error_code>202</chip_error_code><lenovo_error_code>-410202</lenovo_error_code><disc_eng>WCDMA AGC PARSE CONFIG FAILED</disc_eng><disc_chs>err_comport_fail</disc_chs><value>.\log</value><helpdoc>..\doc\</helpdoc><prompt></prompt></item>
      <item><enable>1</enable><upload>1</upload><chip_error_code>203</chip_error_code><lenovo_error_code>-410203</lenovo_error_code><disc_eng>WCDMA AGC TESTER PRESETTING FAILED</disc_eng><disc_chs>err_comport_fail</disc_chs><value>.\log</value><helpdoc>..\doc\</helpdoc><prompt></prompt></item>
      <item><enable>1</enable><upload>1</upload><chip_error_code>204</chip_error_code><lenovo_error_code>-410204</lenovo_error_code><disc_eng>WCDMA AGC TESTER CHANGE BAND FAILED</disc_eng><disc_chs>err_comport_fail</disc_chs><value>.\log</value><helpdoc>..\doc\</helpdoc><prompt></prompt></item>
      <item><enable>1</enable><upload>1</upload><chip_error_code>205</chip_error_code><lenovo_error_code>-410205</lenovo_error_code><disc_eng>WCDMA AGC TESTER CHANGE CHANNEL FAILED</disc_eng><disc_chs>err_comport_fail</disc_chs><value>.\log</value><helpdoc>..\doc\</helpdoc><prompt></prompt></item>
      <item><enable>1</enable><upload>1</upload><chip_error_code>206</chip_error_code><lenovo_error_code>-410206</lenovo_error_code><disc_eng>WCDMA AGC TESTER CHANGE POWER FAILED</disc_eng><disc_chs>err_comport_fail</disc_chs><value>.\log</value><helpdoc>..\doc\</helpdoc><prompt></prompt></item>
      <item><enable>1</enable><upload>1</upload><chip_error_code>207</chip_error_code><lenovo_error_code>-410207</lenovo_error_code><disc_eng>WCDMA AGC GAIN OFFSET OVERFLOW</disc_eng><disc_chs>err_comport_fail</disc_chs><value>.\log</value><helpdoc>..\doc\</helpdoc><prompt></prompt></item>
      <item><enable>1</enable><upload>1</upload><chip_error_code>208</chip_error_code><lenovo_error_code>-410208</lenovo_error_code><disc_eng>WCDMA AGC SET GAIN OFFSET FAILED</disc_eng><disc_chs>err_comport_fail</disc_chs><value>.\log</value><helpdoc>..\doc\</helpdoc><prompt></prompt></item>
      <item><enable>1</enable><upload>1</upload><chip_error_code>209</chip_error_code><lenovo_error_code>-410209</lenovo_error_code><disc_eng>WCDMA AGC SET ANTENNA PATH FAILED</disc_eng><disc_chs>err_comport_fail</disc_chs><value>.\log</value><helpdoc>..\doc\</helpdoc><prompt></prompt></item>
      <item><enable>1</enable><upload>1</upload><chip_error_code>210</chip_error_code><lenovo_error_code>-410210</lenovo_error_code><disc_eng>WCDMA AGC GET TEMP INFO FAILED</disc_eng><disc_chs>err_comport_fail</disc_chs><value>.\log</value><helpdoc>..\doc\</helpdoc><prompt></prompt></item>
      <item><enable>1</enable><upload>1</upload><chip_error_code>256</chip_error_code><lenovo_error_code>-410256</lenovo_error_code><disc_eng>WCDMA APC START</disc_eng><disc_chs>err_comport_fail</disc_chs><value>.\log</value><helpdoc>..\doc\</helpdoc><prompt></prompt></item>
      <item><enable>1</enable><upload>1</upload><chip_error_code>257</chip_error_code><lenovo_error_code>-410257</lenovo_error_code><disc_eng>WCDMA APC CHECK START</disc_eng><disc_chs>err_comport_fail</disc_chs><value>.\log</value><helpdoc>..\doc\</helpdoc><prompt></prompt></item>
      <item><enable>1</enable><upload>1</upload><chip_error_code>258</chip_error_code><lenovo_error_code>-410258</lenovo_error_code><disc_eng>WCDMA APC DONE</disc_eng><disc_chs>err_comport_fail</disc_chs><value>.\log</value><helpdoc>..\doc\</helpdoc><prompt></prompt></item>
      <item><enable>1</enable><upload>1</upload><chip_error_code>259</chip_error_code><lenovo_error_code>-410259</lenovo_error_code><disc_eng>WCDMA APC COUPLER LOSS OUT OF RANGE</disc_eng><disc_chs>err_comport_fail</disc_chs><value>.\log</value><helpdoc>..\doc\</helpdoc><prompt></prompt></item>
      <item><enable>1</enable><upload>1</upload><chip_error_code>260</chip_error_code><lenovo_error_code>-410260</lenovo_error_code><disc_eng>WCDMA APC PA GAIN PING PONG DETECTED</disc_eng><disc_chs>err_comport_fail</disc_chs><value>.\log</value><helpdoc>..\doc\</helpdoc><prompt></prompt></item>
      <item><enable>1</enable><upload>1</upload><chip_error_code>261</chip_error_code><lenovo_error_code>-410261</lenovo_error_code><disc_eng>WCDMA APC PA GAIN CAL EXCEEDS MAX ITERATION</disc_eng><disc_chs>err_comport_fail</disc_chs><value>.\log</value><helpdoc>..\doc\</helpdoc><prompt></prompt></item>
      <item><enable>1</enable><upload>1</upload><chip_error_code>262</chip_error_code><lenovo_error_code>-410262</lenovo_error_code><disc_eng>WCDMA APC PA SUBBAND COMPENSATION OUT OF RANGE</disc_eng><disc_chs>err_comport_fail</disc_chs><value>.\log</value><helpdoc>..\doc\</helpdoc><prompt></prompt></item>
      <item><enable>1</enable><upload>1</upload><chip_error_code>263</chip_error_code><lenovo_error_code>-410263</lenovo_error_code><disc_eng>WCDMA APC COUPLER SUBBAND COMPENSATION OUT OF RANGE</disc_eng><disc_chs>err_comport_fail</disc_chs><value>.\log</value><helpdoc>..\doc\</helpdoc><prompt></prompt></item>
      <item><enable>1</enable><upload>1</upload><chip_error_code>264</chip_error_code><lenovo_error_code>-410264</lenovo_error_code><disc_eng>WCDMA APC SET PA OCT LEVEL CONTROL TO TARGET FAILED</disc_eng><disc_chs>err_comport_fail</disc_chs><value>.\log</value><helpdoc>..\doc\</helpdoc><prompt></prompt></item>
      <item><enable>1</enable><upload>1</upload><chip_error_code>265</chip_error_code><lenovo_error_code>-410265</lenovo_error_code><disc_eng>WCDMA APC SET COMPENSATION TO TARGET FAILED</disc_eng><disc_chs>err_comport_fail</disc_chs><value>.\log</value><helpdoc>..\doc\</helpdoc><prompt></prompt></item>
      <item><enable>1</enable><upload>1</upload><chip_error_code>266</chip_error_code><lenovo_error_code>-410266</lenovo_error_code><disc_eng>WCDMA APC DETECTOR MEASUREMENT FAILED</disc_eng><disc_chs>err_comport_fail</disc_chs><value>.\log</value><helpdoc>..\doc\</helpdoc><prompt></prompt></item>
      <item><enable>1</enable><upload>1</upload><chip_error_code>267</chip_error_code><lenovo_error_code>-410267</lenovo_error_code><disc_eng>WCDMA APC DUT TX FAILED</disc_eng><disc_chs>err_comport_fail</disc_chs><value>.\log</value><helpdoc>..\doc\</helpdoc><prompt></prompt></item>
      <item><enable>1</enable><upload>1</upload><chip_error_code>268</chip_error_code><lenovo_error_code>-410268</lenovo_error_code><disc_eng>WCDMA APC PA GAIN CHECK FAILED</disc_eng><disc_chs>err_comport_fail</disc_chs><value>.\log</value><helpdoc>..\doc\</helpdoc><prompt></prompt></item>
      <item><enable>1</enable><upload>1</upload><chip_error_code>269</chip_error_code><lenovo_error_code>-410269</lenovo_error_code><disc_eng>WCDMA APC COUPLER LOSS CHECK FAILED</disc_eng><disc_chs>err_comport_fail</disc_chs><value>.\log</value><helpdoc>..\doc\</helpdoc><prompt></prompt></item>
      <item><enable>1</enable><upload>1</upload><chip_error_code>270</chip_error_code><lenovo_error_code>-410270</lenovo_error_code><disc_eng>WCDMA APC PA SUBBAND COMPENSATION CHECK FAILED</disc_eng><disc_chs>err_comport_fail</disc_chs><value>.\log</value><helpdoc>..\doc\</helpdoc><prompt></prompt></item>
      <item><enable>1</enable><upload>1</upload><chip_error_code>271</chip_error_code><lenovo_error_code>-410271</lenovo_error_code><disc_eng>WCDMA APC COUPLER LOSS SUBBAND COMPENSATION CHECK FAILED</disc_eng><disc_chs>err_comport_fail</disc_chs><value>.\log</value><helpdoc>..\doc\</helpdoc><prompt></prompt></item>
      <item><enable>1</enable><upload>1</upload><chip_error_code>272</chip_error_code><lenovo_error_code>-410272</lenovo_error_code><disc_eng>WCDMA APC INIT TX MEASUREMENT FAILED</disc_eng><disc_chs>err_comport_fail</disc_chs><value>.\log</value><helpdoc>..\doc\</helpdoc><prompt></prompt></item>
      <item><enable>1</enable><upload>1</upload><chip_error_code>273</chip_error_code><lenovo_error_code>-410273</lenovo_error_code><disc_eng>WCDMA APC FETCH TX MEASUREMENT FAILED</disc_eng><disc_chs>err_comport_fail</disc_chs><value>.\log</value><helpdoc>..\doc\</helpdoc><prompt></prompt></item>
      <item><enable>1</enable><upload>1</upload><chip_error_code>274</chip_error_code><lenovo_error_code>-410274</lenovo_error_code><disc_eng>WCDMA APC PA CAL INIT TX MEASUREMENT FAILED</disc_eng><disc_chs>err_comport_fail</disc_chs><value>.\log</value><helpdoc>..\doc\</helpdoc><prompt></prompt></item>
      <item><enable>1</enable><upload>1</upload><chip_error_code>275</chip_error_code><lenovo_error_code>-410275</lenovo_error_code><disc_eng>WCDMA APC PA CAL DUT TX FAILED</disc_eng><disc_chs>err_comport_fail</disc_chs><value>.\log</value><helpdoc>..\doc\</helpdoc><prompt></prompt></item>
      <item><enable>1</enable><upload>1</upload><chip_error_code>276</chip_error_code><lenovo_error_code>-410276</lenovo_error_code><disc_eng>WCDMA APC PA CAL FETCH TX MEASUREMENT FAILED</disc_eng><disc_chs>err_comport_fail</disc_chs><value>.\log</value><helpdoc>..\doc\</helpdoc><prompt></prompt></item>
      <item><enable>1</enable><upload>1</upload><chip_error_code>277</chip_error_code><lenovo_error_code>-410277</lenovo_error_code><disc_eng>WCDMA APC COUPLER LOSS CAL INIT TX MEASUREMENT FAILED</disc_eng><disc_chs>err_comport_fail</disc_chs><value>.\log</value><helpdoc>..\doc\</helpdoc><prompt></prompt></item>
      <item><enable>1</enable><upload>1</upload><chip_error_code>278</chip_error_code><lenovo_error_code>-410278</lenovo_error_code><disc_eng>WCDMA APC COUPLER LOSS CAL DUT TX FAILED</disc_eng><disc_chs>err_comport_fail</disc_chs><value>.\log</value><helpdoc>..\doc\</helpdoc><prompt></prompt></item>
      <item><enable>1</enable><upload>1</upload><chip_error_code>279</chip_error_code><lenovo_error_code>-410279</lenovo_error_code><disc_eng>WCDMA APC COUPLER LOSS CAL FETCH TX MEASUREMENT FAILED</disc_eng><disc_chs>err_comport_fail</disc_chs><value>.\log</value><helpdoc>..\doc\</helpdoc><prompt></prompt></item>
      <item><enable>1</enable><upload>1</upload><chip_error_code>280</chip_error_code><lenovo_error_code>-410280</lenovo_error_code><disc_eng>WCDMA APC SUBBAND CAL INIT TX MEASUREMENT FAILED</disc_eng><disc_chs>err_comport_fail</disc_chs><value>.\log</value><helpdoc>..\doc\</helpdoc><prompt></prompt></item>
      <item><enable>1</enable><upload>1</upload><chip_error_code>281</chip_error_code><lenovo_error_code>-410281</lenovo_error_code><disc_eng>WCDMA APC SUBBAND CAL DUT TX FAILED</disc_eng><disc_chs>err_comport_fail</disc_chs><value>.\log</value><helpdoc>..\doc\</helpdoc><prompt></prompt></item>
      <item><enable>1</enable><upload>1</upload><chip_error_code>282</chip_error_code><lenovo_error_code>-410282</lenovo_error_code><disc_eng>WCDMA APC SUBBAND CAL FETCH TX MEASUREMENT FAILED</disc_eng><disc_chs>err_comport_fail</disc_chs><value>.\log</value><helpdoc>..\doc\</helpdoc><prompt></prompt></item>
      <item><enable>1</enable><upload>1</upload><chip_error_code>283</chip_error_code><lenovo_error_code>-410283</lenovo_error_code><disc_eng>WCDMA APC COUPLER LOSS CAL DETECTOR MEASUREMENT FAILED</disc_eng><disc_chs>err_comport_fail</disc_chs><value>.\log</value><helpdoc>..\doc\</helpdoc><prompt></prompt></item>
      <item><enable>1</enable><upload>1</upload><chip_error_code>284</chip_error_code><lenovo_error_code>-410284</lenovo_error_code><disc_eng>WCDMA APC SUBBAND CAL DETECTOR MEASUREMENT FAILED</disc_eng><disc_chs>err_comport_fail</disc_chs><value>.\log</value><helpdoc>..\doc\</helpdoc><prompt></prompt></item>
      <item><enable>1</enable><upload>1</upload><chip_error_code>285</chip_error_code><lenovo_error_code>-410285</lenovo_error_code><disc_eng>WCDMA APC WRITE INIT VALUE FAILED</disc_eng><disc_chs>err_comport_fail</disc_chs><value>.\log</value><helpdoc>..\doc\</helpdoc><prompt></prompt></item>
      <item><enable>1</enable><upload>1</upload><chip_error_code>286</chip_error_code><lenovo_error_code>-410286</lenovo_error_code><disc_eng>WCDMA APC WRITE CAL DATA FAILED</disc_eng><disc_chs>err_comport_fail</disc_chs><value>.\log</value><helpdoc>..\doc\</helpdoc><prompt></prompt></item>
      <item><enable>1</enable><upload>1</upload><chip_error_code>287</chip_error_code><lenovo_error_code>-410287</lenovo_error_code><disc_eng>WCDMA APC PARSE CONFIG FAILED</disc_eng><disc_chs>err_comport_fail</disc_chs><value>.\log</value><helpdoc>..\doc\</helpdoc><prompt></prompt></item>
      <item><enable>1</enable><upload>1</upload><chip_error_code>288</chip_error_code><lenovo_error_code>-410288</lenovo_error_code><disc_eng>WCDMA APC TESTER PRESETTING FAILED</disc_eng><disc_chs>err_comport_fail</disc_chs><value>.\log</value><helpdoc>..\doc\</helpdoc><prompt></prompt></item>
      <item><enable>1</enable><upload>1</upload><chip_error_code>289</chip_error_code><lenovo_error_code>-410289</lenovo_error_code><disc_eng>WCDMA APC TESTER CHANGE BAND FAILED</disc_eng><disc_chs>err_comport_fail</disc_chs><value>.\log</value><helpdoc>..\doc\</helpdoc><prompt></prompt></item>
      <item><enable>1</enable><upload>1</upload><chip_error_code>290</chip_error_code><lenovo_error_code>-410290</lenovo_error_code><disc_eng>WCDMA APC TESTER CHANGE EXPECTED POWER IN PA GAIN CAL FAILED</disc_eng><disc_chs>err_comport_fail</disc_chs><value>.\log</value><helpdoc>..\doc\</helpdoc><prompt></prompt></item>
      <item><enable>1</enable><upload>1</upload><chip_error_code>291</chip_error_code><lenovo_error_code>-410291</lenovo_error_code><disc_eng>WCDMA APC TESTER CHANGE EXPECTED POWER IN SUBBAND CAL FAILED</disc_eng><disc_chs>err_comport_fail</disc_chs><value>.\log</value><helpdoc>..\doc\</helpdoc><prompt></prompt></item>
      <item><enable>1</enable><upload>1</upload><chip_error_code>292</chip_error_code><lenovo_error_code>-410292</lenovo_error_code><disc_eng>WCDMA APC TESTER CHANGE EXPECTED POWER IN COUPLER LOSS CAL FAILED</disc_eng><disc_chs>err_comport_fail</disc_chs><value>.\log</value><helpdoc>..\doc\</helpdoc><prompt></prompt></item>
      <item><enable>1</enable><upload>1</upload><chip_error_code>320</chip_error_code><lenovo_error_code>-410320</lenovo_error_code><disc_eng>WCDMA FHC START</disc_eng><disc_chs>err_comport_fail</disc_chs><value>.\log</value><helpdoc>..\doc\</helpdoc><prompt></prompt></item>
      <item><enable>1</enable><upload>1</upload><chip_error_code>321</chip_error_code><lenovo_error_code>-410321</lenovo_error_code><disc_eng>WCDMA FHC START FAILED</disc_eng><disc_chs>err_comport_fail</disc_chs><value>.\log</value><helpdoc>..\doc\</helpdoc><prompt></prompt></item>
      <item><enable>1</enable><upload>1</upload><chip_error_code>322</chip_error_code><lenovo_error_code>-410322</lenovo_error_code><disc_eng>WCDMA FHC QUERY FAILED</disc_eng><disc_chs>err_comport_fail</disc_chs><value>.\log</value><helpdoc>..\doc\</helpdoc><prompt></prompt></item>
      <item><enable>1</enable><upload>1</upload><chip_error_code>323</chip_error_code><lenovo_error_code>-410323</lenovo_error_code><disc_eng>WCDMA FHC CHECK FAILED</disc_eng><disc_chs>err_comport_fail</disc_chs><value>.\log</value><helpdoc>..\doc\</helpdoc><prompt></prompt></item>
      <item><enable>1</enable><upload>1</upload><chip_error_code>324</chip_error_code><lenovo_error_code>-410324</lenovo_error_code><disc_eng>WCDMA FHC DONE</disc_eng><disc_chs>err_comport_fail</disc_chs><value>.\log</value><helpdoc>..\doc\</helpdoc><prompt></prompt></item>
      <item><enable>1</enable><upload>1</upload><chip_error_code>325</chip_error_code><lenovo_error_code>-410325</lenovo_error_code><disc_eng>WCDMA FHC AGC CHECK HIGH FAILED</disc_eng><disc_chs>err_comport_fail</disc_chs><value>.\log</value><helpdoc>..\doc\</helpdoc><prompt></prompt></item>
      <item><enable>1</enable><upload>1</upload><chip_error_code>326</chip_error_code><lenovo_error_code>-410326</lenovo_error_code><disc_eng>WCDMA FHC AGC CHECK MID FAILED</disc_eng><disc_chs>err_comport_fail</disc_chs><value>.\log</value><helpdoc>..\doc\</helpdoc><prompt></prompt></item>
      <item><enable>1</enable><upload>1</upload><chip_error_code>327</chip_error_code><lenovo_error_code>-410327</lenovo_error_code><disc_eng>WCDMA FHC AGC CHECK LOW FAILED</disc_eng><disc_chs>err_comport_fail</disc_chs><value>.\log</value><helpdoc>..\doc\</helpdoc><prompt></prompt></item>
      <item><enable>1</enable><upload>1</upload><chip_error_code>328</chip_error_code><lenovo_error_code>-410328</lenovo_error_code><disc_eng>WCDMA FHC AGC LNA MODE CHECK FAILED</disc_eng><disc_chs>err_comport_fail</disc_chs><value>.\log</value><helpdoc>..\doc\</helpdoc><prompt></prompt></item>
      <item><enable>1</enable><upload>1</upload><chip_error_code>329</chip_error_code><lenovo_error_code>-410329</lenovo_error_code><disc_eng>WCDMA FHC APC PA GAIN CHECK FAILED</disc_eng><disc_chs>err_comport_fail</disc_chs><value>.\log</value><helpdoc>..\doc\</helpdoc><prompt></prompt></item>
      <item><enable>1</enable><upload>1</upload><chip_error_code>330</chip_error_code><lenovo_error_code>-410330</lenovo_error_code><disc_eng>WCDMA FHC APC COUPLER LOSS CHECK FAILED</disc_eng><disc_chs>err_comport_fail</disc_chs><value>.\log</value><helpdoc>..\doc\</helpdoc><prompt></prompt></item>
      <item><enable>1</enable><upload>1</upload><chip_error_code>331</chip_error_code><lenovo_error_code>-410331</lenovo_error_code><disc_eng>WCDMA FHC APC PA SUBBAND COMPENSATION CHECK FAILED</disc_eng><disc_chs>err_comport_fail</disc_chs><value>.\log</value><helpdoc>..\doc\</helpdoc><prompt></prompt></item>
      <item><enable>1</enable><upload>1</upload><chip_error_code>332</chip_error_code><lenovo_error_code>-410332</lenovo_error_code><disc_eng>WCDMA FHC APC COUPLER LOSS SUBBAND COMPENSATION CHECK FAILED</disc_eng><disc_chs>err_comport_fail</disc_chs><value>.\log</value><helpdoc>..\doc\</helpdoc><prompt></prompt></item>
      <item><enable>1</enable><upload>1</upload><chip_error_code>333</chip_error_code><lenovo_error_code>-410333</lenovo_error_code><disc_eng>WCDMA FHC AGC WRITE INIT VALUE FAILED</disc_eng><disc_chs>err_comport_fail</disc_chs><value>.\log</value><helpdoc>..\doc\</helpdoc><prompt></prompt></item>
      <item><enable>1</enable><upload>1</upload><chip_error_code>334</chip_error_code><lenovo_error_code>-410334</lenovo_error_code><disc_eng>WCDMA FHC APC WRITE INIT VALUE FAILED</disc_eng><disc_chs>err_comport_fail</disc_chs><value>.\log</value><helpdoc>..\doc\</helpdoc><prompt></prompt></item>
      <item><enable>1</enable><upload>1</upload><chip_error_code>335</chip_error_code><lenovo_error_code>-410335</lenovo_error_code><disc_eng>WCDMA FHC AGC WRITE CAL DATA FAILED</disc_eng><disc_chs>err_comport_fail</disc_chs><value>.\log</value><helpdoc>..\doc\</helpdoc><prompt></prompt></item>
      <item><enable>1</enable><upload>1</upload><chip_error_code>336</chip_error_code><lenovo_error_code>-410336</lenovo_error_code><disc_eng>WCDMA FHC APC WRITE CAL DATA FAILED</disc_eng><disc_chs>err_comport_fail</disc_chs><value>.\log</value><helpdoc>..\doc\</helpdoc><prompt></prompt></item>
      <item><enable>1</enable><upload>1</upload><chip_error_code>337</chip_error_code><lenovo_error_code>-410337</lenovo_error_code><disc_eng>WCDMA FHC AGC PARSE CONFIG FAILED</disc_eng><disc_chs>err_comport_fail</disc_chs><value>.\log</value><helpdoc>..\doc\</helpdoc><prompt></prompt></item>
      <item><enable>1</enable><upload>1</upload><chip_error_code>338</chip_error_code><lenovo_error_code>-410338</lenovo_error_code><disc_eng>WCDMA FHC APC PARSE CONFIG FAILED</disc_eng><disc_chs>err_comport_fail</disc_chs><value>.\log</value><helpdoc>..\doc\</helpdoc><prompt></prompt></item>
      <item><enable>1</enable><upload>1</upload><chip_error_code>339</chip_error_code><lenovo_error_code>-410339</lenovo_error_code><disc_eng>WCDMA FHC PARSE CONFIG FAILED</disc_eng><disc_chs>err_comport_fail</disc_chs><value>.\log</value><helpdoc>..\doc\</helpdoc><prompt></prompt></item>
      <item><enable>1</enable><upload>1</upload><chip_error_code>340</chip_error_code><lenovo_error_code>-410340</lenovo_error_code><disc_eng>WCDMA FHC TESTER PRESETTING FAILED</disc_eng><disc_chs>err_comport_fail</disc_chs><value>.\log</value><helpdoc>..\doc\</helpdoc><prompt></prompt></item>
      <item><enable>1</enable><upload>1</upload><chip_error_code>384</chip_error_code><lenovo_error_code>-410384</lenovo_error_code><disc_eng>WCDMA NSFT START</disc_eng><disc_chs>err_comport_fail</disc_chs><value>.\log</value><helpdoc>..\doc\</helpdoc><prompt></prompt></item>
      <item><enable>1</enable><upload>1</upload><chip_error_code>385</chip_error_code><lenovo_error_code>-410385</lenovo_error_code><disc_eng>WCDMA NSFT TARGET START FAILED</disc_eng><disc_chs>err_comport_fail</disc_chs><value>.\log</value><helpdoc>..\doc\</helpdoc><prompt></prompt></item>
      <item><enable>1</enable><upload>1</upload><chip_error_code>386</chip_error_code><lenovo_error_code>-410386</lenovo_error_code><disc_eng>WCDMA NSFT TARGET STOP FAILED</disc_eng><disc_chs>err_comport_fail</disc_chs><value>.\log</value><helpdoc>..\doc\</helpdoc><prompt></prompt></item>
      <item><enable>1</enable><upload>1</upload><chip_error_code>387</chip_error_code><lenovo_error_code>-410387</lenovo_error_code><disc_eng>WCDMA NSFT TX MEASURE FAILED</disc_eng><disc_chs>err_comport_fail</disc_chs><value>.\log</value><helpdoc>..\doc\</helpdoc><prompt></prompt></item>
      <item><enable>1</enable><upload>1</upload><chip_error_code>388</chip_error_code><lenovo_error_code>-410388</lenovo_error_code><disc_eng>WCDMA NSFT BER MEASURE FAILED</disc_eng><disc_chs>err_comport_fail</disc_chs><value>.\log</value><helpdoc>..\doc\</helpdoc><prompt></prompt></item>
      <item><enable>1</enable><upload>1</upload><chip_error_code>389</chip_error_code><lenovo_error_code>-410389</lenovo_error_code><disc_eng>WCDMA NSFT CHECK FAILED</disc_eng><disc_chs>err_comport_fail</disc_chs><value>.\log</value><helpdoc>..\doc\</helpdoc><prompt></prompt></item>
      <item><enable>1</enable><upload>1</upload><chip_error_code>390</chip_error_code><lenovo_error_code>-410390</lenovo_error_code><disc_eng>WCDMA NSFT DONE</disc_eng><disc_chs>err_comport_fail</disc_chs><value>.\log</value><helpdoc>..\doc\</helpdoc><prompt></prompt></item>
      <item><enable>1</enable><upload>1</upload><chip_error_code>391</chip_error_code><lenovo_error_code>-410391</lenovo_error_code><disc_eng>WCDMA NSFT CONFIG DUT TPC ALGO FAILED</disc_eng><disc_chs>err_comport_fail</disc_chs><value>.\log</value><helpdoc>..\doc\</helpdoc><prompt></prompt></item>
      <item><enable>1</enable><upload>1</upload><chip_error_code>392</chip_error_code><lenovo_error_code>-410392</lenovo_error_code><disc_eng>WCDMA NSFT TX TEST MAX POWER FAILED</disc_eng><disc_chs>err_comport_fail</disc_chs><value>.\log</value><helpdoc>..\doc\</helpdoc><prompt></prompt></item>
      <item><enable>1</enable><upload>1</upload><chip_error_code>393</chip_error_code><lenovo_error_code>-410393</lenovo_error_code><disc_eng>WCDMA NSFT TX TEST MIN POWER FAILED</disc_eng><disc_chs>err_comport_fail</disc_chs><value>.\log</value><helpdoc>..\doc\</helpdoc><prompt></prompt></item>
      <item><enable>1</enable><upload>1</upload><chip_error_code>394</chip_error_code><lenovo_error_code>-410394</lenovo_error_code><disc_eng>WCDMA NSFT TX TEST ILPC FAILED</disc_eng><disc_chs>err_comport_fail</disc_chs><value>.\log</value><helpdoc>..\doc\</helpdoc><prompt></prompt></item>
      <item><enable>1</enable><upload>1</upload><chip_error_code>395</chip_error_code><lenovo_error_code>-410395</lenovo_error_code><disc_eng>WCDMA NSFT BER TEST FAILED</disc_eng><disc_chs>err_comport_fail</disc_chs><value>.\log</value><helpdoc>..\doc\</helpdoc><prompt></prompt></item>
      <item><enable>1</enable><upload>1</upload><chip_error_code>396</chip_error_code><lenovo_error_code>-410396</lenovo_error_code><disc_eng>WCDMA NSFT DUT OPEN LOOP POWER CONTROL FAILED</disc_eng><disc_chs>err_comport_fail</disc_chs><value>.\log</value><helpdoc>..\doc\</helpdoc><prompt></prompt></item>
      <item><enable>1</enable><upload>1</upload><chip_error_code>397</chip_error_code><lenovo_error_code>-410397</lenovo_error_code><disc_eng>WCDMA NSFT DUT OPEN LOOP POWER TEST FAILED</disc_eng><disc_chs>err_comport_fail</disc_chs><value>.\log</value><helpdoc>..\doc\</helpdoc><prompt></prompt></item>
      <item><enable>1</enable><upload>1</upload><chip_error_code>398</chip_error_code><lenovo_error_code>-410398</lenovo_error_code><disc_eng>WCDMA NSFT PARSE CONFIG FAILED</disc_eng><disc_chs>err_comport_fail</disc_chs><value>.\log</value><helpdoc>..\doc\</helpdoc><prompt></prompt></item>
      <item><enable>1</enable><upload>1</upload><chip_error_code>399</chip_error_code><lenovo_error_code>-410399</lenovo_error_code><disc_eng>WCDMA NSFT TESTER PRESETTING IN SYNC TEST FAILED</disc_eng><disc_chs>err_comport_fail</disc_chs><value>.\log</value><helpdoc>..\doc\</helpdoc><prompt></prompt></item>
      <item><enable>1</enable><upload>1</upload><chip_error_code>400</chip_error_code><lenovo_error_code>-410400</lenovo_error_code><disc_eng>WCDMA NSFT TESTER PRESETTING IN PRACH TEST FAILED</disc_eng><disc_chs>err_comport_fail</disc_chs><value>.\log</value><helpdoc>..\doc\</helpdoc><prompt></prompt></item>
      <item><enable>1</enable><upload>1</upload><chip_error_code>401</chip_error_code><lenovo_error_code>-410401</lenovo_error_code><disc_eng>WCDMA NSFT TESTER TESTCASE SETTING IN SYNC TEST FAILED</disc_eng><disc_chs>err_comport_fail</disc_chs><value>.\log</value><helpdoc>..\doc\</helpdoc><prompt></prompt></item>
      <item><enable>1</enable><upload>1</upload><chip_error_code>402</chip_error_code><lenovo_error_code>-410402</lenovo_error_code><disc_eng>WCDMA NSFT TESTER TESTCASE SETTING IN PRACH TEST FAILED</disc_eng><disc_chs>err_comport_fail</disc_chs><value>.\log</value><helpdoc>..\doc\</helpdoc><prompt></prompt></item>
      <item><enable>1</enable><upload>1</upload><chip_error_code>403</chip_error_code><lenovo_error_code>-410403</lenovo_error_code><disc_eng>WCDMA NSFT NOT SUPPORTED BAND</disc_eng><disc_chs>err_comport_fail</disc_chs><value>.\log</value><helpdoc>..\doc\</helpdoc><prompt></prompt></item>
      <item><enable>1</enable><upload>1</upload><chip_error_code>448</chip_error_code><lenovo_error_code>-410448</lenovo_error_code><disc_eng>WCDMA HSDPA NSFT START</disc_eng><disc_chs>err_comport_fail</disc_chs><value>.\log</value><helpdoc>..\doc\</helpdoc><prompt></prompt></item>
      <item><enable>1</enable><upload>1</upload><chip_error_code>449</chip_error_code><lenovo_error_code>-410449</lenovo_error_code><disc_eng>WCDMA HSDPA NSFT TARGET START FAILED</disc_eng><disc_chs>err_comport_fail</disc_chs><value>.\log</value><helpdoc>..\doc\</helpdoc><prompt></prompt></item>
      <item><enable>1</enable><upload>1</upload><chip_error_code>450</chip_error_code><lenovo_error_code>-410450</lenovo_error_code><disc_eng>WCDMA HSDPA NSFT TARGET STOP FAILED</disc_eng><disc_chs>err_comport_fail</disc_chs><value>.\log</value><helpdoc>..\doc\</helpdoc><prompt></prompt></item>
      <item><enable>1</enable><upload>1</upload><chip_error_code>451</chip_error_code><lenovo_error_code>-410451</lenovo_error_code><disc_eng>WCDMA HSDPA NSFT TX MEASURE FAILED</disc_eng><disc_chs>err_comport_fail</disc_chs><value>.\log</value><helpdoc>..\doc\</helpdoc><prompt></prompt></item>
      <item><enable>1</enable><upload>1</upload><chip_error_code>452</chip_error_code><lenovo_error_code>-410452</lenovo_error_code><disc_eng>WCDMA HSDPA NSFT CHECK FAILED</disc_eng><disc_chs>err_comport_fail</disc_chs><value>.\log</value><helpdoc>..\doc\</helpdoc><prompt></prompt></item>
      <item><enable>1</enable><upload>1</upload><chip_error_code>453</chip_error_code><lenovo_error_code>-410453</lenovo_error_code><disc_eng>WCDMA HSDPA NSFT DONE</disc_eng><disc_chs>err_comport_fail</disc_chs><value>.\log</value><helpdoc>..\doc\</helpdoc><prompt></prompt></item>
      <item><enable>1</enable><upload>1</upload><chip_error_code>512</chip_error_code><lenovo_error_code>-410512</lenovo_error_code><disc_eng>WCDMA HSUPA NSFT START</disc_eng><disc_chs>err_comport_fail</disc_chs><value>.\log</value><helpdoc>..\doc\</helpdoc><prompt></prompt></item>
      <item><enable>1</enable><upload>1</upload><chip_error_code>513</chip_error_code><lenovo_error_code>-410513</lenovo_error_code><disc_eng>WCDMA HSUPA NSFT TARGET START FAILED</disc_eng><disc_chs>err_comport_fail</disc_chs><value>.\log</value><helpdoc>..\doc\</helpdoc><prompt></prompt></item>
      <item><enable>1</enable><upload>1</upload><chip_error_code>514</chip_error_code><lenovo_error_code>-410514</lenovo_error_code><disc_eng>WCDMA HSUPA NSFT TARGET STOP FAILED</disc_eng><disc_chs>err_comport_fail</disc_chs><value>.\log</value><helpdoc>..\doc\</helpdoc><prompt></prompt></item>
      <item><enable>1</enable><upload>1</upload><chip_error_code>515</chip_error_code><lenovo_error_code>-410515</lenovo_error_code><disc_eng>WCDMA HSUPA NSFT TX MEASURE FAILED</disc_eng><disc_chs>err_comport_fail</disc_chs><value>.\log</value><helpdoc>..\doc\</helpdoc><prompt></prompt></item>
      <item><enable>1</enable><upload>1</upload><chip_error_code>516</chip_error_code><lenovo_error_code>-410516</lenovo_error_code><disc_eng>WCDMA HSUPA NSFT CHECK FAILED</disc_eng><disc_chs>err_comport_fail</disc_chs><value>.\log</value><helpdoc>..\doc\</helpdoc><prompt></prompt></item>
      <item><enable>1</enable><upload>1</upload><chip_error_code>517</chip_error_code><lenovo_error_code>-410517</lenovo_error_code><disc_eng>WCDMA HSUPA NSFT DONE</disc_eng><disc_chs>err_comport_fail</disc_chs><value>.\log</value><helpdoc>..\doc\</helpdoc><prompt></prompt></item>
      <item><enable>1</enable><upload>1</upload><chip_error_code>576</chip_error_code><lenovo_error_code>-410576</lenovo_error_code><disc_eng>WCDMA DCXO AFC START</disc_eng><disc_chs>err_comport_fail</disc_chs><value>.\log</value><helpdoc>..\doc\</helpdoc><prompt></prompt></item>
      <item><enable>1</enable><upload>1</upload><chip_error_code>577</chip_error_code><lenovo_error_code>-410577</lenovo_error_code><disc_eng>WCDMA DCXO AFC DONE</disc_eng><disc_chs>err_comport_fail</disc_chs><value>.\log</value><helpdoc>..\doc\</helpdoc><prompt></prompt></item>
      <item><enable>1</enable><upload>1</upload><chip_error_code>578</chip_error_code><lenovo_error_code>-410578</lenovo_error_code><disc_eng>WCDMA DCXO AFC CHECK FAILED</disc_eng><disc_chs>err_comport_fail</disc_chs><value>.\log</value><helpdoc>..\doc\</helpdoc><prompt></prompt></item>
      <item><enable>1</enable><upload>1</upload><chip_error_code>579</chip_error_code><lenovo_error_code>-410579</lenovo_error_code><disc_eng>WCDMA DCXO AFC MEASURE FAILED</disc_eng><disc_chs>err_comport_fail</disc_chs><value>.\log</value><helpdoc>..\doc\</helpdoc><prompt></prompt></item>
      <item><enable>1</enable><upload>1</upload><chip_error_code>580</chip_error_code><lenovo_error_code>-410580</lenovo_error_code><disc_eng>WCDMA DCXO AFC GET MAX CAPID FAILED</disc_eng><disc_chs>err_comport_fail</disc_chs><value>.\log</value><helpdoc>..\doc\</helpdoc><prompt></prompt></item>
      <item><enable>1</enable><upload>1</upload><chip_error_code>581</chip_error_code><lenovo_error_code>-410581</lenovo_error_code><disc_eng>WCDMA DCXO AFC BINARY SEARCH FAILED</disc_eng><disc_chs>err_comport_fail</disc_chs><value>.\log</value><helpdoc>..\doc\</helpdoc><prompt></prompt></item>
      <item><enable>1</enable><upload>1</upload><chip_error_code>582</chip_error_code><lenovo_error_code>-410582</lenovo_error_code><disc_eng>WCDMA DCXO AFC SET CAPID FAILED</disc_eng><disc_chs>err_comport_fail</disc_chs><value>.\log</value><helpdoc>..\doc\</helpdoc><prompt></prompt></item>
      <item><enable>1</enable><upload>1</upload><chip_error_code>640</chip_error_code><lenovo_error_code>-410640</lenovo_error_code><disc_eng>TDSCDMA INIT RF FAILED</disc_eng><disc_chs>err_comport_fail</disc_chs><value>.\log</value><helpdoc>..\doc\</helpdoc><prompt></prompt></item>
      <item><enable>1</enable><upload>1</upload><chip_error_code>641</chip_error_code><lenovo_error_code>-410641</lenovo_error_code><disc_eng>TDSCDMA DUT CONTROL FAILED</disc_eng><disc_chs>err_comport_fail</disc_chs><value>.\log</value><helpdoc>..\doc\</helpdoc><prompt></prompt></item>
      <item><enable>1</enable><upload>1</upload><chip_error_code>642</chip_error_code><lenovo_error_code>-410642</lenovo_error_code><disc_eng>TDSCDMA LOAD LIBRARY FAILED</disc_eng><disc_chs>err_comport_fail</disc_chs><value>.\log</value><helpdoc>..\doc\</helpdoc><prompt></prompt></item>
      <item><enable>1</enable><upload>1</upload><chip_error_code>643</chip_error_code><lenovo_error_code>-410643</lenovo_error_code><disc_eng>TDSCDMA GET CAPABILITY FAILED</disc_eng><disc_chs>err_comport_fail</disc_chs><value>.\log</value><helpdoc>..\doc\</helpdoc><prompt></prompt></item>
      <item><enable>1</enable><upload>1</upload><chip_error_code>704</chip_error_code><lenovo_error_code>-410704</lenovo_error_code><disc_eng>TDSCDMA TADC START</disc_eng><disc_chs>err_comport_fail</disc_chs><value>.\log</value><helpdoc>..\doc\</helpdoc><prompt></prompt></item>
      <item><enable>1</enable><upload>1</upload><chip_error_code>705</chip_error_code><lenovo_error_code>-410705</lenovo_error_code><disc_eng>TDSCDMA TADC MEASURE FAILED</disc_eng><disc_chs>err_comport_fail</disc_chs><value>.\log</value><helpdoc>..\doc\</helpdoc><prompt></prompt></item>
      <item><enable>1</enable><upload>1</upload><chip_error_code>706</chip_error_code><lenovo_error_code>-410706</lenovo_error_code><disc_eng>TDSCDMA TADC GET NVRAM RECORD LENGTH FAILED</disc_eng><disc_chs>err_comport_fail</disc_chs><value>.\log</value><helpdoc>..\doc\</helpdoc><prompt></prompt></item>
      <item><enable>1</enable><upload>1</upload><chip_error_code>707</chip_error_code><lenovo_error_code>-410707</lenovo_error_code><disc_eng>TDSCDMA TADC COMPOSE NVRAM FAILED</disc_eng><disc_chs>err_comport_fail</disc_chs><value>.\log</value><helpdoc>..\doc\</helpdoc><prompt></prompt></item>
      <item><enable>1</enable><upload>1</upload><chip_error_code>708</chip_error_code><lenovo_error_code>-410708</lenovo_error_code><disc_eng>TDSCDMA TADC WRITE NVRAM INITIAL VALUE FAILED</disc_eng><disc_chs>err_comport_fail</disc_chs><value>.\log</value><helpdoc>..\doc\</helpdoc><prompt></prompt></item>
      <item><enable>1</enable><upload>1</upload><chip_error_code>709</chip_error_code><lenovo_error_code>-410709</lenovo_error_code><disc_eng>TDSCDMA TADC WRITE NVRAM CAL DATA FAILED</disc_eng><disc_chs>err_comport_fail</disc_chs><value>.\log</value><helpdoc>..\doc\</helpdoc><prompt></prompt></item>
      <item><enable>1</enable><upload>1</upload><chip_error_code>710</chip_error_code><lenovo_error_code>-410710</lenovo_error_code><disc_eng>TDSCDMA TADC INVALID CURRENT TEMPERATURE</disc_eng><disc_chs>err_comport_fail</disc_chs><value>.\log</value><helpdoc>..\doc\</helpdoc><prompt></prompt></item>
      <item><enable>1</enable><upload>1</upload><chip_error_code>711</chip_error_code><lenovo_error_code>-410711</lenovo_error_code><disc_eng>TDSCDMA TADC CHECK START</disc_eng><disc_chs>err_comport_fail</disc_chs><value>.\log</value><helpdoc>..\doc\</helpdoc><prompt></prompt></item>
      <item><enable>1</enable><upload>1</upload><chip_error_code>712</chip_error_code><lenovo_error_code>-410712</lenovo_error_code><disc_eng>TDSCDMA TADC CHECK FAILED</disc_eng><disc_chs>err_comport_fail</disc_chs><value>.\log</value><helpdoc>..\doc\</helpdoc><prompt></prompt></item>
      <item><enable>1</enable><upload>1</upload><chip_error_code>713</chip_error_code><lenovo_error_code>-410713</lenovo_error_code><disc_eng>TDSCDMA TADC DONE</disc_eng><disc_chs>err_comport_fail</disc_chs><value>.\log</value><helpdoc>..\doc\</helpdoc><prompt></prompt></item>
      <item><enable>1</enable><upload>1</upload><chip_error_code>714</chip_error_code><lenovo_error_code>-410714</lenovo_error_code><disc_eng>TDSCDMA TADC PARSE CONFIG FAILED</disc_eng><disc_chs>err_comport_fail</disc_chs><value>.\log</value><helpdoc>..\doc\</helpdoc><prompt></prompt></item>
      <item><enable>1</enable><upload>1</upload><chip_error_code>715</chip_error_code><lenovo_error_code>-410715</lenovo_error_code><disc_eng>TDSCDMA TADC PARSE INI FAILED</disc_eng><disc_chs>err_comport_fail</disc_chs><value>.\log</value><helpdoc>..\doc\</helpdoc><prompt></prompt></item>
      <item><enable>1</enable><upload>1</upload><chip_error_code>716</chip_error_code><lenovo_error_code>-410716</lenovo_error_code><disc_eng>TDSCDMA TADC INVALID SENSOR STATUS</disc_eng><disc_chs>err_comport_fail</disc_chs><value>.\log</value><helpdoc>..\doc\</helpdoc><prompt></prompt></item>
      <item><enable>1</enable><upload>1</upload><chip_error_code>768</chip_error_code><lenovo_error_code>-410768</lenovo_error_code><disc_eng>TDSCDMA AFC START</disc_eng><disc_chs>err_comport_fail</disc_chs><value>.\log</value><helpdoc>..\doc\</helpdoc><prompt></prompt></item>
      <item><enable>1</enable><upload>1</upload><chip_error_code>769</chip_error_code><lenovo_error_code>-410769</lenovo_error_code><disc_eng>TDSCDMA AFC MEASURE FAILED</disc_eng><disc_chs>err_comport_fail</disc_chs><value>.\log</value><helpdoc>..\doc\</helpdoc><prompt></prompt></item>
      <item><enable>1</enable><upload>1</upload><chip_error_code>770</chip_error_code><lenovo_error_code>-410770</lenovo_error_code><disc_eng>TDSCDMA AFC CHECK START</disc_eng><disc_chs>err_comport_fail</disc_chs><value>.\log</value><helpdoc>..\doc\</helpdoc><prompt></prompt></item>
      <item><enable>1</enable><upload>1</upload><chip_error_code>771</chip_error_code><lenovo_error_code>-410771</lenovo_error_code><disc_eng>TDSCDMA AFC CHECK FAILED</disc_eng><disc_chs>err_comport_fail</disc_chs><value>.\log</value><helpdoc>..\doc\</helpdoc><prompt></prompt></item>
      <item><enable>1</enable><upload>1</upload><chip_error_code>772</chip_error_code><lenovo_error_code>-410772</lenovo_error_code><disc_eng>TDSCDMA AFC DONE</disc_eng><disc_chs>err_comport_fail</disc_chs><value>.\log</value><helpdoc>..\doc\</helpdoc><prompt></prompt></item>
      <item><enable>1</enable><upload>1</upload><chip_error_code>832</chip_error_code><lenovo_error_code>-410832</lenovo_error_code><disc_eng>TDSCDMA AGC START</disc_eng><disc_chs>err_comport_fail</disc_chs><value>.\log</value><helpdoc>..\doc\</helpdoc><prompt></prompt></item>
      <item><enable>1</enable><upload>1</upload><chip_error_code>833</chip_error_code><lenovo_error_code>-410833</lenovo_error_code><disc_eng>TDSCDMA AGC MEASURE FAILED</disc_eng><disc_chs>err_comport_fail</disc_chs><value>.\log</value><helpdoc>..\doc\</helpdoc><prompt></prompt></item>
      <item><enable>1</enable><upload>1</upload><chip_error_code>834</chip_error_code><lenovo_error_code>-410834</lenovo_error_code><disc_eng>TDSCDMA AGC CHECK START</disc_eng><disc_chs>err_comport_fail</disc_chs><value>.\log</value><helpdoc>..\doc\</helpdoc><prompt></prompt></item>
      <item><enable>1</enable><upload>1</upload><chip_error_code>835</chip_error_code><lenovo_error_code>-410835</lenovo_error_code><disc_eng>TDSCDMA AGC CHECK FAILED</disc_eng><disc_chs>err_comport_fail</disc_chs><value>.\log</value><helpdoc>..\doc\</helpdoc><prompt></prompt></item>
      <item><enable>1</enable><upload>1</upload><chip_error_code>836</chip_error_code><lenovo_error_code>-410836</lenovo_error_code><disc_eng>TDSCDMA AGC DONE</disc_eng><disc_chs>err_comport_fail</disc_chs><value>.\log</value><helpdoc>..\doc\</helpdoc><prompt></prompt></item>
      <item><enable>1</enable><upload>1</upload><chip_error_code>837</chip_error_code><lenovo_error_code>-410837</lenovo_error_code><disc_eng>TDSCDMA AGC PARSE CONFIG FAILED</disc_eng><disc_chs>err_comport_fail</disc_chs><value>.\log</value><helpdoc>..\doc\</helpdoc><prompt></prompt></item>
      <item><enable>1</enable><upload>1</upload><chip_error_code>838</chip_error_code><lenovo_error_code>-410838</lenovo_error_code><disc_eng>TDSCDMA AGC PARSE INI FAILED</disc_eng><disc_chs>err_comport_fail</disc_chs><value>.\log</value><helpdoc>..\doc\</helpdoc><prompt></prompt></item>
      <item><enable>1</enable><upload>1</upload><chip_error_code>869</chip_error_code><lenovo_error_code>-410869</lenovo_error_code><disc_eng>TDSCDMA APC START</disc_eng><disc_chs>err_comport_fail</disc_chs><value>.\log</value><helpdoc>..\doc\</helpdoc><prompt></prompt></item>
      <item><enable>1</enable><upload>1</upload><chip_error_code>870</chip_error_code><lenovo_error_code>-410870</lenovo_error_code><disc_eng>TDSCDMA APC MEASURE FAILED</disc_eng><disc_chs>err_comport_fail</disc_chs><value>.\log</value><helpdoc>..\doc\</helpdoc><prompt></prompt></item>
      <item><enable>1</enable><upload>1</upload><chip_error_code>871</chip_error_code><lenovo_error_code>-410871</lenovo_error_code><disc_eng>TDSCDMA APC CHECK START</disc_eng><disc_chs>err_comport_fail</disc_chs><value>.\log</value><helpdoc>..\doc\</helpdoc><prompt></prompt></item>
      <item><enable>1</enable><upload>1</upload><chip_error_code>872</chip_error_code><lenovo_error_code>-410872</lenovo_error_code><disc_eng>TDSCDMA APC CHECK FAILED</disc_eng><disc_chs>err_comport_fail</disc_chs><value>.\log</value><helpdoc>..\doc\</helpdoc><prompt></prompt></item>
      <item><enable>1</enable><upload>1</upload><chip_error_code>873</chip_error_code><lenovo_error_code>-410873</lenovo_error_code><disc_eng>TDSCDMA APC INVALID PA MODE CAL NUM</disc_eng><disc_chs>err_comport_fail</disc_chs><value>.\log</value><helpdoc>..\doc\</helpdoc><prompt></prompt></item>
      <item><enable>1</enable><upload>1</upload><chip_error_code>874</chip_error_code><lenovo_error_code>-410874</lenovo_error_code><disc_eng>TDSCDMA APC DONE</disc_eng><disc_chs>err_comport_fail</disc_chs><value>.\log</value><helpdoc>..\doc\</helpdoc><prompt></prompt></item>
      <item><enable>1</enable><upload>1</upload><chip_error_code>875</chip_error_code><lenovo_error_code>-410875</lenovo_error_code><disc_eng>TDSCDMA APC PD MEASURE FAILED</disc_eng><disc_chs>err_comport_fail</disc_chs><value>.\log</value><helpdoc>..\doc\</helpdoc><prompt></prompt></item>
      <item><enable>1</enable><upload>1</upload><chip_error_code>960</chip_error_code><lenovo_error_code>-410960</lenovo_error_code><disc_eng>TDSCDMA NSFT START</disc_eng><disc_chs>err_comport_fail</disc_chs><value>.\log</value><helpdoc>..\doc\</helpdoc><prompt></prompt></item>
      <item><enable>1</enable><upload>1</upload><chip_error_code>961</chip_error_code><lenovo_error_code>-410961</lenovo_error_code><disc_eng>TDSCDMA NSFT TARGET START FAILED</disc_eng><disc_chs>err_comport_fail</disc_chs><value>.\log</value><helpdoc>..\doc\</helpdoc><prompt></prompt></item>
      <item><enable>1</enable><upload>1</upload><chip_error_code>962</chip_error_code><lenovo_error_code>-410962</lenovo_error_code><disc_eng>TDSCDMA NSFT TARGET STOP FAILED</disc_eng><disc_chs>err_comport_fail</disc_chs><value>.\log</value><helpdoc>..\doc\</helpdoc><prompt></prompt></item>
      <item><enable>1</enable><upload>1</upload><chip_error_code>963</chip_error_code><lenovo_error_code>-410963</lenovo_error_code><disc_eng>TDSCDMA NSFT TX MEASURE FAILED</disc_eng><disc_chs>err_comport_fail</disc_chs><value>.\log</value><helpdoc>..\doc\</helpdoc><prompt></prompt></item>
      <item><enable>1</enable><upload>1</upload><chip_error_code>964</chip_error_code><lenovo_error_code>-410964</lenovo_error_code><disc_eng>TDSCDMA NSFT BER MEASURE FAILED</disc_eng><disc_chs>err_comport_fail</disc_chs><value>.\log</value><helpdoc>..\doc\</helpdoc><prompt></prompt></item>
      <item><enable>1</enable><upload>1</upload><chip_error_code>965</chip_error_code><lenovo_error_code>-410965</lenovo_error_code><disc_eng>TDSCDMA NSFT CHECK FAILED</disc_eng><disc_chs>err_comport_fail</disc_chs><value>.\log</value><helpdoc>..\doc\</helpdoc><prompt></prompt></item>
      <item><enable>1</enable><upload>1</upload><chip_error_code>966</chip_error_code><lenovo_error_code>-410966</lenovo_error_code><disc_eng>TDSCDMA NSFT RSCP MEASURE FAILED</disc_eng><disc_chs>err_comport_fail</disc_chs><value>.\log</value><helpdoc>..\doc\</helpdoc><prompt></prompt></item>
      <item><enable>1</enable><upload>1</upload><chip_error_code>967</chip_error_code><lenovo_error_code>-410967</lenovo_error_code><disc_eng>TDSCDMA NSFT DONE</disc_eng><disc_chs>err_comport_fail</disc_chs><value>.\log</value><helpdoc>..\doc\</helpdoc><prompt></prompt></item>
      <item><enable>1</enable><upload>1</upload><chip_error_code>968</chip_error_code><lenovo_error_code>-410968</lenovo_error_code><disc_eng>TDSCDMA FT START</disc_eng><disc_chs>err_comport_fail</disc_chs><value>.\log</value><helpdoc>..\doc\</helpdoc><prompt></prompt></item>
      <item><enable>1</enable><upload>1</upload><chip_error_code>969</chip_error_code><lenovo_error_code>-410969</lenovo_error_code><disc_eng>TDSCDMA FT DONE</disc_eng><disc_chs>err_comport_fail</disc_chs><value>.\log</value><helpdoc>..\doc\</helpdoc><prompt></prompt></item>
      <item><enable>1</enable><upload>1</upload><chip_error_code>970</chip_error_code><lenovo_error_code>-410970</lenovo_error_code><disc_eng>TDSCDMA FT CHECK FAILED</disc_eng><disc_chs>err_comport_fail</disc_chs><value>.\log</value><helpdoc>..\doc\</helpdoc><prompt></prompt></item>
      <item><enable>1</enable><upload>1</upload><chip_error_code>1024</chip_error_code><lenovo_error_code>-411024</lenovo_error_code><disc_eng>TDSCDMA FHC START</disc_eng><disc_chs>err_comport_fail</disc_chs><value>.\log</value><helpdoc>..\doc\</helpdoc><prompt></prompt></item>
      <item><enable>1</enable><upload>1</upload><chip_error_code>1025</chip_error_code><lenovo_error_code>-411025</lenovo_error_code><disc_eng>TDSCDMA FHC START FAILED</disc_eng><disc_chs>err_comport_fail</disc_chs><value>.\log</value><helpdoc>..\doc\</helpdoc><prompt></prompt></item>
      <item><enable>1</enable><upload>1</upload><chip_error_code>1026</chip_error_code><lenovo_error_code>-411026</lenovo_error_code><disc_eng>TDSCDMA FHC QUERY FAILED</disc_eng><disc_chs>err_comport_fail</disc_chs><value>.\log</value><helpdoc>..\doc\</helpdoc><prompt></prompt></item>
      <item><enable>1</enable><upload>1</upload><chip_error_code>1027</chip_error_code><lenovo_error_code>-411027</lenovo_error_code><disc_eng>TDSCDMA FHC CHECK FAILED</disc_eng><disc_chs>err_comport_fail</disc_chs><value>.\log</value><helpdoc>..\doc\</helpdoc><prompt></prompt></item>
      <item><enable>1</enable><upload>1</upload><chip_error_code>1028</chip_error_code><lenovo_error_code>-411028</lenovo_error_code><disc_eng>TDSCDMA FHC DONE</disc_eng><disc_chs>err_comport_fail</disc_chs><value>.\log</value><helpdoc>..\doc\</helpdoc><prompt></prompt></item>
      <item><enable>1</enable><upload>1</upload><chip_error_code>1088</chip_error_code><lenovo_error_code>-411088</lenovo_error_code><disc_eng>TDSCDMA CAP ID START</disc_eng><disc_chs>err_comport_fail</disc_chs><value>.\log</value><helpdoc>..\doc\</helpdoc><prompt></prompt></item>
      <item><enable>1</enable><upload>1</upload><chip_error_code>1089</chip_error_code><lenovo_error_code>-411089</lenovo_error_code><disc_eng>TDSCDMA CAP ID DONE</disc_eng><disc_chs>err_comport_fail</disc_chs><value>.\log</value><helpdoc>..\doc\</helpdoc><prompt></prompt></item>
      <item><enable>1</enable><upload>1</upload><chip_error_code>1090</chip_error_code><lenovo_error_code>-411090</lenovo_error_code><disc_eng>TDSCDMA CAP CHECK FAILED</disc_eng><disc_chs>err_comport_fail</disc_chs><value>.\log</value><helpdoc>..\doc\</helpdoc><prompt></prompt></item>
      <item><enable>1</enable><upload>1</upload><chip_error_code>1152</chip_error_code><lenovo_error_code>-411152</lenovo_error_code><disc_eng>GSM AFC START</disc_eng><disc_chs>err_comport_fail</disc_chs><value>.\log</value><helpdoc>..\doc\</helpdoc><prompt></prompt></item>
      <item><enable>1</enable><upload>1</upload><chip_error_code>1153</chip_error_code><lenovo_error_code>-411153</lenovo_error_code><disc_eng>GSM AFC MEASURE FAILED</disc_eng><disc_chs>err_comport_fail</disc_chs><value>.\log</value><helpdoc>..\doc\</helpdoc><prompt></prompt></item>
      <item><enable>1</enable><upload>1</upload><chip_error_code>1154</chip_error_code><lenovo_error_code>-411154</lenovo_error_code><disc_eng>GSM AFC CHECK START</disc_eng><disc_chs>err_comport_fail</disc_chs><value>.\log</value><helpdoc>..\doc\</helpdoc><prompt></prompt></item>
      <item><enable>1</enable><upload>1</upload><chip_error_code>1155</chip_error_code><lenovo_error_code>-411155</lenovo_error_code><disc_eng>GSM AFC CHECK FAILED</disc_eng><disc_chs>err_comport_fail</disc_chs><value>.\log</value><helpdoc>..\doc\</helpdoc><prompt></prompt></item>
      <item><enable>1</enable><upload>1</upload><chip_error_code>1156</chip_error_code><lenovo_error_code>-411156</lenovo_error_code><disc_eng>GSM AFC DONE</disc_eng><disc_chs>err_comport_fail</disc_chs><value>.\log</value><helpdoc>..\doc\</helpdoc><prompt></prompt></item>
      <item><enable>1</enable><upload>1</upload><chip_error_code>1157</chip_error_code><lenovo_error_code>-411157</lenovo_error_code><disc_eng>GSM AFC GET CAPIBILITY3 FAILED</disc_eng><disc_chs>err_comport_fail</disc_chs><value>.\log</value><helpdoc>..\doc\</helpdoc><prompt></prompt></item>
      <item><enable>1</enable><upload>1</upload><chip_error_code>1158</chip_error_code><lenovo_error_code>-411158</lenovo_error_code><disc_eng>GSM AFC GET TD LID LEN FAILED</disc_eng><disc_chs>err_comport_fail</disc_chs><value>.\log</value><helpdoc>..\doc\</helpdoc><prompt></prompt></item>
      <item><enable>1</enable><upload>1</upload><chip_error_code>1159</chip_error_code><lenovo_error_code>-411159</lenovo_error_code><disc_eng>GSM AFC COMPOSE TD FAILED</disc_eng><disc_chs>err_comport_fail</disc_chs><value>.\log</value><helpdoc>..\doc\</helpdoc><prompt></prompt></item>
      <item><enable>1</enable><upload>1</upload><chip_error_code>1160</chip_error_code><lenovo_error_code>-411160</lenovo_error_code><disc_eng>GSM AFC LOW HIGH BAND SWITCH FAILED</disc_eng><disc_chs>err_comport_fail</disc_chs><value>.\log</value><helpdoc>..\doc\</helpdoc><prompt></prompt></item>
      <item><enable>1</enable><upload>1</upload><chip_error_code>1216</chip_error_code><lenovo_error_code>-411216</lenovo_error_code><disc_eng>GSM AGC START</disc_eng><disc_chs>err_comport_fail</disc_chs><value>.\log</value><helpdoc>..\doc\</helpdoc><prompt></prompt></item>
      <item><enable>1</enable><upload>1</upload><chip_error_code>1217</chip_error_code><lenovo_error_code>-411217</lenovo_error_code><disc_eng>GSM AGC CHECK START</disc_eng><disc_chs>err_comport_fail</disc_chs><value>.\log</value><helpdoc>..\doc\</helpdoc><prompt></prompt></item>
      <item><enable>1</enable><upload>1</upload><chip_error_code>1218</chip_error_code><lenovo_error_code>-411218</lenovo_error_code><disc_eng>GSM AGC DONE</disc_eng><disc_chs>err_comport_fail</disc_chs><value>.\log</value><helpdoc>..\doc\</helpdoc><prompt></prompt></item>
      <item><enable>1</enable><upload>1</upload><chip_error_code>1219</chip_error_code><lenovo_error_code>-411219</lenovo_error_code><disc_eng>GSM AGC MEASURE FAILED</disc_eng><disc_chs>err_comport_fail</disc_chs><value>.\log</value><helpdoc>..\doc\</helpdoc><prompt></prompt></item>
      <item><enable>1</enable><upload>1</upload><chip_error_code>1220</chip_error_code><lenovo_error_code>-411220</lenovo_error_code><disc_eng>GSM AGC CHECK HIGH FAILED</disc_eng><disc_chs>err_comport_fail</disc_chs><value>.\log</value><helpdoc>..\doc\</helpdoc><prompt></prompt></item>
      <item><enable>1</enable><upload>1</upload><chip_error_code>1221</chip_error_code><lenovo_error_code>-411221</lenovo_error_code><disc_eng>GSM AGC CHECK MID FAILED</disc_eng><disc_chs>err_comport_fail</disc_chs><value>.\log</value><helpdoc>..\doc\</helpdoc><prompt></prompt></item>
      <item><enable>1</enable><upload>1</upload><chip_error_code>1222</chip_error_code><lenovo_error_code>-411222</lenovo_error_code><disc_eng>GSM AGC CHECK LOW FAILED</disc_eng><disc_chs>err_comport_fail</disc_chs><value>.\log</value><helpdoc>..\doc\</helpdoc><prompt></prompt></item>
      <item><enable>1</enable><upload>1</upload><chip_error_code>1223</chip_error_code><lenovo_error_code>-411223</lenovo_error_code><disc_eng>GSM AGC CHECK LNA MODE FAILED</disc_eng><disc_chs>err_comport_fail</disc_chs><value>.\log</value><helpdoc>..\doc\</helpdoc><prompt></prompt></item>
      <item><enable>1</enable><upload>1</upload><chip_error_code>1224</chip_error_code><lenovo_error_code>-411224</lenovo_error_code><disc_eng>GSM AGC WRITE CAL DATA FAILED</disc_eng><disc_chs>err_comport_fail</disc_chs><value>.\log</value><helpdoc>..\doc\</helpdoc><prompt></prompt></item>
      <item><enable>1</enable><upload>1</upload><chip_error_code>1225</chip_error_code><lenovo_error_code>-411225</lenovo_error_code><disc_eng>GSM AGC PARSE INIT FAILED</disc_eng><disc_chs>err_comport_fail</disc_chs><value>.\log</value><helpdoc>..\doc\</helpdoc><prompt></prompt></item>
      <item><enable>1</enable><upload>1</upload><chip_error_code>1226</chip_error_code><lenovo_error_code>-411226</lenovo_error_code><disc_eng>GSM AGC PARSE CONFIG FAILED</disc_eng><disc_chs>err_comport_fail</disc_chs><value>.\log</value><helpdoc>..\doc\</helpdoc><prompt></prompt></item>
      <item><enable>1</enable><upload>1</upload><chip_error_code>1227</chip_error_code><lenovo_error_code>-411227</lenovo_error_code><disc_eng>GSM AGC TESTER PRESETTING FAILED</disc_eng><disc_chs>err_comport_fail</disc_chs><value>.\log</value><helpdoc>..\doc\</helpdoc><prompt></prompt></item>
      <item><enable>1</enable><upload>1</upload><chip_error_code>1228</chip_error_code><lenovo_error_code>-411228</lenovo_error_code><disc_eng>GSM AGC TESTER CHANGE BAND FAILED</disc_eng><disc_chs>err_comport_fail</disc_chs><value>.\log</value><helpdoc>..\doc\</helpdoc><prompt></prompt></item>
      <item><enable>1</enable><upload>1</upload><chip_error_code>1229</chip_error_code><lenovo_error_code>-411229</lenovo_error_code><disc_eng>GSM AGC TESTER CHANGE CHANNEL FAILED</disc_eng><disc_chs>err_comport_fail</disc_chs><value>.\log</value><helpdoc>..\doc\</helpdoc><prompt></prompt></item>
      <item><enable>1</enable><upload>1</upload><chip_error_code>1230</chip_error_code><lenovo_error_code>-411230</lenovo_error_code><disc_eng>GSM AGC TESTER CHANGE POWER FAILED</disc_eng><disc_chs>err_comport_fail</disc_chs><value>.\log</value><helpdoc>..\doc\</helpdoc><prompt></prompt></item>
      <item><enable>1</enable><upload>1</upload><chip_error_code>1231</chip_error_code><lenovo_error_code>-411231</lenovo_error_code><disc_eng>GSM AGC GAIN OFFSET OVERFLOW</disc_eng><disc_chs>err_comport_fail</disc_chs><value>.\log</value><helpdoc>..\doc\</helpdoc><prompt></prompt></item>
      <item><enable>1</enable><upload>1</upload><chip_error_code>1232</chip_error_code><lenovo_error_code>-411232</lenovo_error_code><disc_eng>GSM AGC LOW HIGH BAND SWITCH FAILED</disc_eng><disc_chs>err_comport_fail</disc_chs><value>.\log</value><helpdoc>..\doc\</helpdoc><prompt></prompt></item>
      <item><enable>1</enable><upload>1</upload><chip_error_code>1280</chip_error_code><lenovo_error_code>-411280</lenovo_error_code><disc_eng>GSM APC START</disc_eng><disc_chs>err_comport_fail</disc_chs><value>.\log</value><helpdoc>..\doc\</helpdoc><prompt></prompt></item>
      <item><enable>1</enable><upload>1</upload><chip_error_code>1281</chip_error_code><lenovo_error_code>-411281</lenovo_error_code><disc_eng>GSM APC CHECK START</disc_eng><disc_chs>err_comport_fail</disc_chs><value>.\log</value><helpdoc>..\doc\</helpdoc><prompt></prompt></item>
      <item><enable>1</enable><upload>1</upload><chip_error_code>1282</chip_error_code><lenovo_error_code>-411282</lenovo_error_code><disc_eng>GSM APC DONE</disc_eng><disc_chs>err_comport_fail</disc_chs><value>.\log</value><helpdoc>..\doc\</helpdoc><prompt></prompt></item>
      <item><enable>1</enable><upload>1</upload><chip_error_code>1283</chip_error_code><lenovo_error_code>-411283</lenovo_error_code><disc_eng>GSM APC COUPLER LOSS OUT OF RANGE</disc_eng><disc_chs>err_comport_fail</disc_chs><value>.\log</value><helpdoc>..\doc\</helpdoc><prompt></prompt></item>
      <item><enable>1</enable><upload>1</upload><chip_error_code>1284</chip_error_code><lenovo_error_code>-411284</lenovo_error_code><disc_eng>GSM APC PA GAIN PING PONG DETECTED</disc_eng><disc_chs>err_comport_fail</disc_chs><value>.\log</value><helpdoc>..\doc\</helpdoc><prompt></prompt></item>
      <item><enable>1</enable><upload>1</upload><chip_error_code>1285</chip_error_code><lenovo_error_code>-411285</lenovo_error_code><disc_eng>GSM APC PA GAIN CAL EXCEEDS MAX ITERATION</disc_eng><disc_chs>err_comport_fail</disc_chs><value>.\log</value><helpdoc>..\doc\</helpdoc><prompt></prompt></item>
      <item><enable>1</enable><upload>1</upload><chip_error_code>1286</chip_error_code><lenovo_error_code>-411286</lenovo_error_code><disc_eng>GSM APC PA SUBBAND COMPENSATION OUT OF RANGE</disc_eng><disc_chs>err_comport_fail</disc_chs><value>.\log</value><helpdoc>..\doc\</helpdoc><prompt></prompt></item>
      <item><enable>1</enable><upload>1</upload><chip_error_code>1287</chip_error_code><lenovo_error_code>-411287</lenovo_error_code><disc_eng>GSM APC COUPLER SUBBAND COMPENSATION OUT OF RANGE</disc_eng><disc_chs>err_comport_fail</disc_chs><value>.\log</value><helpdoc>..\doc\</helpdoc><prompt></prompt></item>
      <item><enable>1</enable><upload>1</upload><chip_error_code>1288</chip_error_code><lenovo_error_code>-411288</lenovo_error_code><disc_eng>GSM APC SET PA OCT LEVEL CONTROL TO TARGET FAILED</disc_eng><disc_chs>err_comport_fail</disc_chs><value>.\log</value><helpdoc>..\doc\</helpdoc><prompt></prompt></item>
      <item><enable>1</enable><upload>1</upload><chip_error_code>1289</chip_error_code><lenovo_error_code>-411289</lenovo_error_code><disc_eng>GSM APC SET COMPENSATION TO TARGET FAILED</disc_eng><disc_chs>err_comport_fail</disc_chs><value>.\log</value><helpdoc>..\doc\</helpdoc><prompt></prompt></item>
      <item><enable>1</enable><upload>1</upload><chip_error_code>1290</chip_error_code><lenovo_error_code>-411290</lenovo_error_code><disc_eng>GSM APC DETECTOR MEASUREMENT FAILED</disc_eng><disc_chs>err_comport_fail</disc_chs><value>.\log</value><helpdoc>..\doc\</helpdoc><prompt></prompt></item>
      <item><enable>1</enable><upload>1</upload><chip_error_code>1291</chip_error_code><lenovo_error_code>-411291</lenovo_error_code><disc_eng>GSM APC DUT TX FAILED</disc_eng><disc_chs>err_comport_fail</disc_chs><value>.\log</value><helpdoc>..\doc\</helpdoc><prompt></prompt></item>
      <item><enable>1</enable><upload>1</upload><chip_error_code>1292</chip_error_code><lenovo_error_code>-411292</lenovo_error_code><disc_eng>GSM APC PA GAIN CHECK FAILED</disc_eng><disc_chs>err_comport_fail</disc_chs><value>.\log</value><helpdoc>..\doc\</helpdoc><prompt></prompt></item>
      <item><enable>1</enable><upload>1</upload><chip_error_code>1293</chip_error_code><lenovo_error_code>-411293</lenovo_error_code><disc_eng>GSM APC COUPLER LOSS CHECK FAILED</disc_eng><disc_chs>err_comport_fail</disc_chs><value>.\log</value><helpdoc>..\doc\</helpdoc><prompt></prompt></item>
      <item><enable>1</enable><upload>1</upload><chip_error_code>1294</chip_error_code><lenovo_error_code>-411294</lenovo_error_code><disc_eng>GSM APC PA SUBBAND COMPENSATION CHECK FAILED</disc_eng><disc_chs>err_comport_fail</disc_chs><value>.\log</value><helpdoc>..\doc\</helpdoc><prompt></prompt></item>
      <item><enable>1</enable><upload>1</upload><chip_error_code>1295</chip_error_code><lenovo_error_code>-411295</lenovo_error_code><disc_eng>GSM APC COUPLER LOSS SUBBAND COMPENSATION CHECK FAILED</disc_eng><disc_chs>err_comport_fail</disc_chs><value>.\log</value><helpdoc>..\doc\</helpdoc><prompt></prompt></item>
      <item><enable>1</enable><upload>1</upload><chip_error_code>1296</chip_error_code><lenovo_error_code>-411296</lenovo_error_code><disc_eng>GSM APC INIT TX MEASUREMENT FAILED</disc_eng><disc_chs>err_comport_fail</disc_chs><value>.\log</value><helpdoc>..\doc\</helpdoc><prompt></prompt></item>
      <item><enable>1</enable><upload>1</upload><chip_error_code>1297</chip_error_code><lenovo_error_code>-411297</lenovo_error_code><disc_eng>GSM APC FETCH TX MEASUREMENT FAILED</disc_eng><disc_chs>err_comport_fail</disc_chs><value>.\log</value><helpdoc>..\doc\</helpdoc><prompt></prompt></item>
      <item><enable>1</enable><upload>1</upload><chip_error_code>1298</chip_error_code><lenovo_error_code>-411298</lenovo_error_code><disc_eng>GSM APC PA CAL INIT TX MEASUREMENT FAILED</disc_eng><disc_chs>err_comport_fail</disc_chs><value>.\log</value><helpdoc>..\doc\</helpdoc><prompt></prompt></item>
      <item><enable>1</enable><upload>1</upload><chip_error_code>1299</chip_error_code><lenovo_error_code>-411299</lenovo_error_code><disc_eng>GSM APC PA CAL DUT TX FAILED</disc_eng><disc_chs>err_comport_fail</disc_chs><value>.\log</value><helpdoc>..\doc\</helpdoc><prompt></prompt></item>
      <item><enable>1</enable><upload>1</upload><chip_error_code>1300</chip_error_code><lenovo_error_code>-411300</lenovo_error_code><disc_eng>GSM APC PA CAL FETCH TX MEASUREMENT FAILED</disc_eng><disc_chs>err_comport_fail</disc_chs><value>.\log</value><helpdoc>..\doc\</helpdoc><prompt></prompt></item>
      <item><enable>1</enable><upload>1</upload><chip_error_code>1301</chip_error_code><lenovo_error_code>-411301</lenovo_error_code><disc_eng>GSM APC COUPLER LOSS CAL INIT TX MEASUREMENT FAILED</disc_eng><disc_chs>err_comport_fail</disc_chs><value>.\log</value><helpdoc>..\doc\</helpdoc><prompt></prompt></item>
      <item><enable>1</enable><upload>1</upload><chip_error_code>1302</chip_error_code><lenovo_error_code>-411302</lenovo_error_code><disc_eng>GSM APC COUPLER LOSS CAL DUT TX FAILED</disc_eng><disc_chs>err_comport_fail</disc_chs><value>.\log</value><helpdoc>..\doc\</helpdoc><prompt></prompt></item>
      <item><enable>1</enable><upload>1</upload><chip_error_code>1303</chip_error_code><lenovo_error_code>-411303</lenovo_error_code><disc_eng>GSM APC COUPLER LOSS CAL FETCH TX MEASUREMENT FAILED</disc_eng><disc_chs>err_comport_fail</disc_chs><value>.\log</value><helpdoc>..\doc\</helpdoc><prompt></prompt></item>
      <item><enable>1</enable><upload>1</upload><chip_error_code>1304</chip_error_code><lenovo_error_code>-411304</lenovo_error_code><disc_eng>GSM APC SUBBAND CAL INIT TX MEASUREMENT FAILED</disc_eng><disc_chs>err_comport_fail</disc_chs><value>.\log</value><helpdoc>..\doc\</helpdoc><prompt></prompt></item>
      <item><enable>1</enable><upload>1</upload><chip_error_code>1305</chip_error_code><lenovo_error_code>-411305</lenovo_error_code><disc_eng>GSM APC SUBBAND CAL DUT TX FAILED</disc_eng><disc_chs>err_comport_fail</disc_chs><value>.\log</value><helpdoc>..\doc\</helpdoc><prompt></prompt></item>
      <item><enable>1</enable><upload>1</upload><chip_error_code>1306</chip_error_code><lenovo_error_code>-411306</lenovo_error_code><disc_eng>GSM APC SUBBAND CAL FETCH TX MEASUREMENT FAILED</disc_eng><disc_chs>err_comport_fail</disc_chs><value>.\log</value><helpdoc>..\doc\</helpdoc><prompt></prompt></item>
      <item><enable>1</enable><upload>1</upload><chip_error_code>1307</chip_error_code><lenovo_error_code>-411307</lenovo_error_code><disc_eng>GSM APC COUPLER LOSS CAL DETECTOR MEASUREMENT FAILED</disc_eng><disc_chs>err_comport_fail</disc_chs><value>.\log</value><helpdoc>..\doc\</helpdoc><prompt></prompt></item>
      <item><enable>1</enable><upload>1</upload><chip_error_code>1308</chip_error_code><lenovo_error_code>-411308</lenovo_error_code><disc_eng>GSM APC SUBBAND CAL DETECTOR MEASUREMENT FAILED</disc_eng><disc_chs>err_comport_fail</disc_chs><value>.\log</value><helpdoc>..\doc\</helpdoc><prompt></prompt></item>
      <item><enable>1</enable><upload>1</upload><chip_error_code>1309</chip_error_code><lenovo_error_code>-411309</lenovo_error_code><disc_eng>GSM APC WRITE INIT VALUE FAILED</disc_eng><disc_chs>err_comport_fail</disc_chs><value>.\log</value><helpdoc>..\doc\</helpdoc><prompt></prompt></item>
      <item><enable>1</enable><upload>1</upload><chip_error_code>1310</chip_error_code><lenovo_error_code>-411310</lenovo_error_code><disc_eng>GSM APC WRITE CAL DATA FAILED</disc_eng><disc_chs>err_comport_fail</disc_chs><value>.\log</value><helpdoc>..\doc\</helpdoc><prompt></prompt></item>
      <item><enable>1</enable><upload>1</upload><chip_error_code>1311</chip_error_code><lenovo_error_code>-411311</lenovo_error_code><disc_eng>GSM APC PARSE CONFIG FAILED</disc_eng><disc_chs>err_comport_fail</disc_chs><value>.\log</value><helpdoc>..\doc\</helpdoc><prompt></prompt></item>
      <item><enable>1</enable><upload>1</upload><chip_error_code>1312</chip_error_code><lenovo_error_code>-411312</lenovo_error_code><disc_eng>GSM APC TESTER PRESETTING FAILED</disc_eng><disc_chs>err_comport_fail</disc_chs><value>.\log</value><helpdoc>..\doc\</helpdoc><prompt></prompt></item>
      <item><enable>1</enable><upload>1</upload><chip_error_code>1313</chip_error_code><lenovo_error_code>-411313</lenovo_error_code><disc_eng>GSM APC TESTER CHANGE BAND FAILED</disc_eng><disc_chs>err_comport_fail</disc_chs><value>.\log</value><helpdoc>..\doc\</helpdoc><prompt></prompt></item>
      <item><enable>1</enable><upload>1</upload><chip_error_code>1314</chip_error_code><lenovo_error_code>-411314</lenovo_error_code><disc_eng>GSM APC TESTER CHANGE EXPECTED POWER IN PA GAIN CAL FAILED</disc_eng><disc_chs>err_comport_fail</disc_chs><value>.\log</value><helpdoc>..\doc\</helpdoc><prompt></prompt></item>
      <item><enable>1</enable><upload>1</upload><chip_error_code>1315</chip_error_code><lenovo_error_code>-411315</lenovo_error_code><disc_eng>GSM APC TESTER CHANGE EXPECTED POWER IN SUBBAND CAL FAILED</disc_eng><disc_chs>err_comport_fail</disc_chs><value>.\log</value><helpdoc>..\doc\</helpdoc><prompt></prompt></item>
      <item><enable>1</enable><upload>1</upload><chip_error_code>1316</chip_error_code><lenovo_error_code>-411316</lenovo_error_code><disc_eng>GSM APC TESTER CHANGE EXPECTED POWER IN COUPLER LOSS CAL FAILED</disc_eng><disc_chs>err_comport_fail</disc_chs><value>.\log</value><helpdoc>..\doc\</helpdoc><prompt></prompt></item>
      <item><enable>1</enable><upload>1</upload><chip_error_code>1317</chip_error_code><lenovo_error_code>-411317</lenovo_error_code><disc_eng>GSM APC LOW HIGH BAND SWITCH FAILED</disc_eng><disc_chs>err_comport_fail</disc_chs><value>.\log</value><helpdoc>..\doc\</helpdoc><prompt></prompt></item>
      <item><enable>1</enable><upload>1</upload><chip_error_code>1318</chip_error_code><lenovo_error_code>-411318</lenovo_error_code><disc_eng>GSM APC POWER CHECK FAILED</disc_eng><disc_chs>err_comport_fail</disc_chs><value>.\log</value><helpdoc>..\doc\</helpdoc><prompt></prompt></item>
      <item><enable>1</enable><upload>1</upload><chip_error_code>1319</chip_error_code><lenovo_error_code>-411319</lenovo_error_code><disc_eng>GSM APC POWER CAL EXCEEDS MAX ITERATION</disc_eng><disc_chs>err_comport_fail</disc_chs><value>.\log</value><helpdoc>..\doc\</helpdoc><prompt></prompt></item>
      <item><enable>1</enable><upload>1</upload><chip_error_code>1320</chip_error_code><lenovo_error_code>-411320</lenovo_error_code><disc_eng>GSM APC SET PCL DAC TO TARGET FAILED</disc_eng><disc_chs>err_comport_fail</disc_chs><value>.\log</value><helpdoc>..\doc\</helpdoc><prompt></prompt></item>
      <item><enable>1</enable><upload>1</upload><chip_error_code>1321</chip_error_code><lenovo_error_code>-411321</lenovo_error_code><disc_eng>GSM APC GET TEMP INFO FAILED</disc_eng><disc_chs>err_comport_fail</disc_chs><value>.\log</value><helpdoc>..\doc\</helpdoc><prompt></prompt></item>
      <item><enable>1</enable><upload>1</upload><chip_error_code>1322</chip_error_code><lenovo_error_code>-411322</lenovo_error_code><disc_eng>GSM APC MEASUREMENT STEP EXCEED MAXIMUM</disc_eng><disc_chs>err_comport_fail</disc_chs><value>.\log</value><helpdoc>..\doc\</helpdoc><prompt></prompt></item>
      <item><enable>1</enable><upload>1</upload><chip_error_code>1344</chip_error_code><lenovo_error_code>-411344</lenovo_error_code><disc_eng>GSM OGPC APC START</disc_eng><disc_chs>err_comport_fail</disc_chs><value>.\log</value><helpdoc>..\doc\</helpdoc><prompt></prompt></item>
      <item><enable>1</enable><upload>1</upload><chip_error_code>1345</chip_error_code><lenovo_error_code>-411345</lenovo_error_code><disc_eng>GSM OGPC APC DONE</disc_eng><disc_chs>err_comport_fail</disc_chs><value>.\log</value><helpdoc>..\doc\</helpdoc><prompt></prompt></item>
      <item><enable>1</enable><upload>1</upload><chip_error_code>1346</chip_error_code><lenovo_error_code>-411346</lenovo_error_code><disc_eng>GSM OGPC CSYPP FAILED</disc_eng><disc_chs>err_comport_fail</disc_chs><value>.\log</value><helpdoc>..\doc\</helpdoc><prompt></prompt></item>
      <item><enable>1</enable><upload>1</upload><chip_error_code>1347</chip_error_code><lenovo_error_code>-411347</lenovo_error_code><disc_eng>GSM OGPC CSINT FAILED</disc_eng><disc_chs>err_comport_fail</disc_chs><value>.\log</value><helpdoc>..\doc\</helpdoc><prompt></prompt></item>
      <item><enable>1</enable><upload>1</upload><chip_error_code>1348</chip_error_code><lenovo_error_code>-411348</lenovo_error_code><disc_eng>GSM OGPC LINEAR INT FAILED</disc_eng><disc_chs>err_comport_fail</disc_chs><value>.\log</value><helpdoc>..\doc\</helpdoc><prompt></prompt></item>
      <item><enable>1</enable><upload>1</upload><chip_error_code>1408</chip_error_code><lenovo_error_code>-411408</lenovo_error_code><disc_eng>GSM APC DC OFFSET START</disc_eng><disc_chs>err_comport_fail</disc_chs><value>.\log</value><helpdoc>..\doc\</helpdoc><prompt></prompt></item>
      <item><enable>1</enable><upload>1</upload><chip_error_code>1409</chip_error_code><lenovo_error_code>-411409</lenovo_error_code><disc_eng>GSM APC DC OFFSET DONE</disc_eng><disc_chs>err_comport_fail</disc_chs><value>.\log</value><helpdoc>..\doc\</helpdoc><prompt></prompt></item>
      <item><enable>1</enable><upload>1</upload><chip_error_code>1410</chip_error_code><lenovo_error_code>-411410</lenovo_error_code><disc_eng>GSM APC DC OFFSET INIT FAILED</disc_eng><disc_chs>err_comport_fail</disc_chs><value>.\log</value><helpdoc>..\doc\</helpdoc><prompt></prompt></item>
      <item><enable>1</enable><upload>1</upload><chip_error_code>1411</chip_error_code><lenovo_error_code>-411411</lenovo_error_code><disc_eng>GSM APC DC OFFSET CONFIG FAILED</disc_eng><disc_chs>err_comport_fail</disc_chs><value>.\log</value><helpdoc>..\doc\</helpdoc><prompt></prompt></item>
      <item><enable>1</enable><upload>1</upload><chip_error_code>1412</chip_error_code><lenovo_error_code>-411412</lenovo_error_code><disc_eng>GSM APC DC OFFSET WRITE CAL FAILED</disc_eng><disc_chs>err_comport_fail</disc_chs><value>.\log</value><helpdoc>..\doc\</helpdoc><prompt></prompt></item>
      <item><enable>1</enable><upload>1</upload><chip_error_code>1413</chip_error_code><lenovo_error_code>-411413</lenovo_error_code><disc_eng>GSM APC DC OFFSET POWER CHECK FAILED</disc_eng><disc_chs>err_comport_fail</disc_chs><value>.\log</value><helpdoc>..\doc\</helpdoc><prompt></prompt></item>
      <item><enable>1</enable><upload>1</upload><chip_error_code>1414</chip_error_code><lenovo_error_code>-411414</lenovo_error_code><disc_eng>GSM APC DC OFFSET LOW HIGH BAND SWITCH FAILED</disc_eng><disc_chs>err_comport_fail</disc_chs><value>.\log</value><helpdoc>..\doc\</helpdoc><prompt></prompt></item>
      <item><enable>1</enable><upload>1</upload><chip_error_code>1472</chip_error_code><lenovo_error_code>-411472</lenovo_error_code><disc_eng>EDGE APC START</disc_eng><disc_chs>err_comport_fail</disc_chs><value>.\log</value><helpdoc>..\doc\</helpdoc><prompt></prompt></item>
      <item><enable>1</enable><upload>1</upload><chip_error_code>1473</chip_error_code><lenovo_error_code>-411473</lenovo_error_code><disc_eng>EDGE APC CHECK START</disc_eng><disc_chs>err_comport_fail</disc_chs><value>.\log</value><helpdoc>..\doc\</helpdoc><prompt></prompt></item>
      <item><enable>1</enable><upload>1</upload><chip_error_code>1474</chip_error_code><lenovo_error_code>-411474</lenovo_error_code><disc_eng>EDGE APC DONE</disc_eng><disc_chs>err_comport_fail</disc_chs><value>.\log</value><helpdoc>..\doc\</helpdoc><prompt></prompt></item>
      <item><enable>1</enable><upload>1</upload><chip_error_code>1475</chip_error_code><lenovo_error_code>-411475</lenovo_error_code><disc_eng>EDGE APC COUPLER LOSS OUT OF RANGE</disc_eng><disc_chs>err_comport_fail</disc_chs><value>.\log</value><helpdoc>..\doc\</helpdoc><prompt></prompt></item>
      <item><enable>1</enable><upload>1</upload><chip_error_code>1476</chip_error_code><lenovo_error_code>-411476</lenovo_error_code><disc_eng>EDGE APC PA GAIN PING PONG DETECTED</disc_eng><disc_chs>err_comport_fail</disc_chs><value>.\log</value><helpdoc>..\doc\</helpdoc><prompt></prompt></item>
      <item><enable>1</enable><upload>1</upload><chip_error_code>1477</chip_error_code><lenovo_error_code>-411477</lenovo_error_code><disc_eng>EDGE APC PA GAIN CAL EXCEEDS MAX ITERATION</disc_eng><disc_chs>err_comport_fail</disc_chs><value>.\log</value><helpdoc>..\doc\</helpdoc><prompt></prompt></item>
      <item><enable>1</enable><upload>1</upload><chip_error_code>1478</chip_error_code><lenovo_error_code>-411478</lenovo_error_code><disc_eng>EDGE APC PA SUBBAND COMPENSATION OUT OF RANGE</disc_eng><disc_chs>err_comport_fail</disc_chs><value>.\log</value><helpdoc>..\doc\</helpdoc><prompt></prompt></item>
      <item><enable>1</enable><upload>1</upload><chip_error_code>1479</chip_error_code><lenovo_error_code>-411479</lenovo_error_code><disc_eng>EDGE APC COUPLER SUBBAND COMPENSATION OUT OF RANGE</disc_eng><disc_chs>err_comport_fail</disc_chs><value>.\log</value><helpdoc>..\doc\</helpdoc><prompt></prompt></item>
      <item><enable>1</enable><upload>1</upload><chip_error_code>1480</chip_error_code><lenovo_error_code>-411480</lenovo_error_code><disc_eng>EDGE APC SET PA OCT LEVEL CONTROL TO TARGET FAILED</disc_eng><disc_chs>err_comport_fail</disc_chs><value>.\log</value><helpdoc>..\doc\</helpdoc><prompt></prompt></item>
      <item><enable>1</enable><upload>1</upload><chip_error_code>1481</chip_error_code><lenovo_error_code>-411481</lenovo_error_code><disc_eng>EDGE APC SET COMPENSATION TO TARGET FAILED</disc_eng><disc_chs>err_comport_fail</disc_chs><value>.\log</value><helpdoc>..\doc\</helpdoc><prompt></prompt></item>
      <item><enable>1</enable><upload>1</upload><chip_error_code>1482</chip_error_code><lenovo_error_code>-411482</lenovo_error_code><disc_eng>EDGE APC DETECTOR MEASUREMENT FAILED</disc_eng><disc_chs>err_comport_fail</disc_chs><value>.\log</value><helpdoc>..\doc\</helpdoc><prompt></prompt></item>
      <item><enable>1</enable><upload>1</upload><chip_error_code>1483</chip_error_code><lenovo_error_code>-411483</lenovo_error_code><disc_eng>EDGE APC DUT TX FAILED</disc_eng><disc_chs>err_comport_fail</disc_chs><value>.\log</value><helpdoc>..\doc\</helpdoc><prompt></prompt></item>
      <item><enable>1</enable><upload>1</upload><chip_error_code>1484</chip_error_code><lenovo_error_code>-411484</lenovo_error_code><disc_eng>EDGE APC PA GAIN CHECK FAILED</disc_eng><disc_chs>err_comport_fail</disc_chs><value>.\log</value><helpdoc>..\doc\</helpdoc><prompt></prompt></item>
      <item><enable>1</enable><upload>1</upload><chip_error_code>1485</chip_error_code><lenovo_error_code>-411485</lenovo_error_code><disc_eng>EDGE APC COUPLER LOSS CHECK FAILED</disc_eng><disc_chs>err_comport_fail</disc_chs><value>.\log</value><helpdoc>..\doc\</helpdoc><prompt></prompt></item>
      <item><enable>1</enable><upload>1</upload><chip_error_code>1486</chip_error_code><lenovo_error_code>-411486</lenovo_error_code><disc_eng>EDGE APC PA SUBBAND COMPENSATION CHECK FAILED</disc_eng><disc_chs>err_comport_fail</disc_chs><value>.\log</value><helpdoc>..\doc\</helpdoc><prompt></prompt></item>
      <item><enable>1</enable><upload>1</upload><chip_error_code>1487</chip_error_code><lenovo_error_code>-411487</lenovo_error_code><disc_eng>EDGE APC COUPLER LOSS SUBBAND COMPENSATION CHECK FAILED</disc_eng><disc_chs>err_comport_fail</disc_chs><value>.\log</value><helpdoc>..\doc\</helpdoc><prompt></prompt></item>
      <item><enable>1</enable><upload>1</upload><chip_error_code>1488</chip_error_code><lenovo_error_code>-411488</lenovo_error_code><disc_eng>EDGE APC INIT TX MEASUREMENT FAILED</disc_eng><disc_chs>err_comport_fail</disc_chs><value>.\log</value><helpdoc>..\doc\</helpdoc><prompt></prompt></item>
      <item><enable>1</enable><upload>1</upload><chip_error_code>1489</chip_error_code><lenovo_error_code>-411489</lenovo_error_code><disc_eng>EDGE APC FETCH TX MEASUREMENT FAILED</disc_eng><disc_chs>err_comport_fail</disc_chs><value>.\log</value><helpdoc>..\doc\</helpdoc><prompt></prompt></item>
      <item><enable>1</enable><upload>1</upload><chip_error_code>1490</chip_error_code><lenovo_error_code>-411490</lenovo_error_code><disc_eng>EDGE APC PA CAL INIT TX MEASUREMENT FAILED</disc_eng><disc_chs>err_comport_fail</disc_chs><value>.\log</value><helpdoc>..\doc\</helpdoc><prompt></prompt></item>
      <item><enable>1</enable><upload>1</upload><chip_error_code>1491</chip_error_code><lenovo_error_code>-411491</lenovo_error_code><disc_eng>EDGE APC PA CAL DUT TX FAILED</disc_eng><disc_chs>err_comport_fail</disc_chs><value>.\log</value><helpdoc>..\doc\</helpdoc><prompt></prompt></item>
      <item><enable>1</enable><upload>1</upload><chip_error_code>1492</chip_error_code><lenovo_error_code>-411492</lenovo_error_code><disc_eng>EDGE APC PA CAL FETCH TX MEASUREMENT FAILED</disc_eng><disc_chs>err_comport_fail</disc_chs><value>.\log</value><helpdoc>..\doc\</helpdoc><prompt></prompt></item>
      <item><enable>1</enable><upload>1</upload><chip_error_code>1493</chip_error_code><lenovo_error_code>-411493</lenovo_error_code><disc_eng>EDGE APC COUPLER LOSS CAL INIT TX MEASUREMENT FAILED</disc_eng><disc_chs>err_comport_fail</disc_chs><value>.\log</value><helpdoc>..\doc\</helpdoc><prompt></prompt></item>
      <item><enable>1</enable><upload>1</upload><chip_error_code>1494</chip_error_code><lenovo_error_code>-411494</lenovo_error_code><disc_eng>EDGE APC COUPLER LOSS CAL DUT TX FAILED</disc_eng><disc_chs>err_comport_fail</disc_chs><value>.\log</value><helpdoc>..\doc\</helpdoc><prompt></prompt></item>
      <item><enable>1</enable><upload>1</upload><chip_error_code>1495</chip_error_code><lenovo_error_code>-411495</lenovo_error_code><disc_eng>EDGE APC COUPLER LOSS CAL FETCH TX MEASUREMENT FAILED</disc_eng><disc_chs>err_comport_fail</disc_chs><value>.\log</value><helpdoc>..\doc\</helpdoc><prompt></prompt></item>
      <item><enable>1</enable><upload>1</upload><chip_error_code>1496</chip_error_code><lenovo_error_code>-411496</lenovo_error_code><disc_eng>EDGE APC SUBBAND CAL INIT TX MEASUREMENT FAILED</disc_eng><disc_chs>err_comport_fail</disc_chs><value>.\log</value><helpdoc>..\doc\</helpdoc><prompt></prompt></item>
      <item><enable>1</enable><upload>1</upload><chip_error_code>1497</chip_error_code><lenovo_error_code>-411497</lenovo_error_code><disc_eng>EDGE APC SUBBAND CAL DUT TX FAILED</disc_eng><disc_chs>err_comport_fail</disc_chs><value>.\log</value><helpdoc>..\doc\</helpdoc><prompt></prompt></item>
      <item><enable>1</enable><upload>1</upload><chip_error_code>1498</chip_error_code><lenovo_error_code>-411498</lenovo_error_code><disc_eng>EDGE APC SUBBAND CAL FETCH TX MEASUREMENT FAILED</disc_eng><disc_chs>err_comport_fail</disc_chs><value>.\log</value><helpdoc>..\doc\</helpdoc><prompt></prompt></item>
      <item><enable>1</enable><upload>1</upload><chip_error_code>1499</chip_error_code><lenovo_error_code>-411499</lenovo_error_code><disc_eng>EDGE APC COUPLER LOSS CAL DETECTOR MEASUREMENT FAILED</disc_eng><disc_chs>err_comport_fail</disc_chs><value>.\log</value><helpdoc>..\doc\</helpdoc><prompt></prompt></item>
      <item><enable>1</enable><upload>1</upload><chip_error_code>1500</chip_error_code><lenovo_error_code>-411500</lenovo_error_code><disc_eng>EDGE APC SUBBAND CAL DETECTOR MEASUREMENT FAILED</disc_eng><disc_chs>err_comport_fail</disc_chs><value>.\log</value><helpdoc>..\doc\</helpdoc><prompt></prompt></item>
      <item><enable>1</enable><upload>1</upload><chip_error_code>1501</chip_error_code><lenovo_error_code>-411501</lenovo_error_code><disc_eng>EDGE APC WRITE INIT VALUE FAILED</disc_eng><disc_chs>err_comport_fail</disc_chs><value>.\log</value><helpdoc>..\doc\</helpdoc><prompt></prompt></item>
      <item><enable>1</enable><upload>1</upload><chip_error_code>1502</chip_error_code><lenovo_error_code>-411502</lenovo_error_code><disc_eng>EDGE APC WRITE CAL DATA FAILED</disc_eng><disc_chs>err_comport_fail</disc_chs><value>.\log</value><helpdoc>..\doc\</helpdoc><prompt></prompt></item>
      <item><enable>1</enable><upload>1</upload><chip_error_code>1503</chip_error_code><lenovo_error_code>-411503</lenovo_error_code><disc_eng>EDGE APC PARSE CONFIG FAILED</disc_eng><disc_chs>err_comport_fail</disc_chs><value>.\log</value><helpdoc>..\doc\</helpdoc><prompt></prompt></item>
      <item><enable>1</enable><upload>1</upload><chip_error_code>1504</chip_error_code><lenovo_error_code>-411504</lenovo_error_code><disc_eng>EDGE APC TESTER PRESETTING FAILED</disc_eng><disc_chs>err_comport_fail</disc_chs><value>.\log</value><helpdoc>..\doc\</helpdoc><prompt></prompt></item>
      <item><enable>1</enable><upload>1</upload><chip_error_code>1505</chip_error_code><lenovo_error_code>-411505</lenovo_error_code><disc_eng>EDGE APC TESTER CHANGE BAND FAILED</disc_eng><disc_chs>err_comport_fail</disc_chs><value>.\log</value><helpdoc>..\doc\</helpdoc><prompt></prompt></item>
      <item><enable>1</enable><upload>1</upload><chip_error_code>1506</chip_error_code><lenovo_error_code>-411506</lenovo_error_code><disc_eng>EDGE APC TESTER CHANGE EXPECTED POWER IN PA GAIN CAL FAILED</disc_eng><disc_chs>err_comport_fail</disc_chs><value>.\log</value><helpdoc>..\doc\</helpdoc><prompt></prompt></item>
      <item><enable>1</enable><upload>1</upload><chip_error_code>1507</chip_error_code><lenovo_error_code>-411507</lenovo_error_code><disc_eng>EDGE APC TESTER CHANGE EXPECTED POWER IN SUBBAND CAL FAILED</disc_eng><disc_chs>err_comport_fail</disc_chs><value>.\log</value><helpdoc>..\doc\</helpdoc><prompt></prompt></item>
      <item><enable>1</enable><upload>1</upload><chip_error_code>1508</chip_error_code><lenovo_error_code>-411508</lenovo_error_code><disc_eng>EDGE APC TESTER CHANGE EXPECTED POWER IN COUPLER LOSS CAL FAILED</disc_eng><disc_chs>err_comport_fail</disc_chs><value>.\log</value><helpdoc>..\doc\</helpdoc><prompt></prompt></item>
      <item><enable>1</enable><upload>1</upload><chip_error_code>1509</chip_error_code><lenovo_error_code>-411509</lenovo_error_code><disc_eng>EDGE APC LOW HIGH BAND SWITCH FAILED</disc_eng><disc_chs>err_comport_fail</disc_chs><value>.\log</value><helpdoc>..\doc\</helpdoc><prompt></prompt></item>
      <item><enable>1</enable><upload>1</upload><chip_error_code>1510</chip_error_code><lenovo_error_code>-411510</lenovo_error_code><disc_eng>EDGE APC POWER CHECK FAILED</disc_eng><disc_chs>err_comport_fail</disc_chs><value>.\log</value><helpdoc>..\doc\</helpdoc><prompt></prompt></item>
      <item><enable>1</enable><upload>1</upload><chip_error_code>1511</chip_error_code><lenovo_error_code>-411511</lenovo_error_code><disc_eng>EDGE APC POWER CAL EXCEEDS MAX ITERATION</disc_eng><disc_chs>err_comport_fail</disc_chs><value>.\log</value><helpdoc>..\doc\</helpdoc><prompt></prompt></item>
      <item><enable>1</enable><upload>1</upload><chip_error_code>1512</chip_error_code><lenovo_error_code>-411512</lenovo_error_code><disc_eng>EDGE APC SET PCL DAC TO TARGET FAILED</disc_eng><disc_chs>err_comport_fail</disc_chs><value>.\log</value><helpdoc>..\doc\</helpdoc><prompt></prompt></item>
      <item><enable>1</enable><upload>1</upload><chip_error_code>1513</chip_error_code><lenovo_error_code>-411513</lenovo_error_code><disc_eng>EDGE APC GAIN RF QUERY NUM OF GAIN RF FAILED</disc_eng><disc_chs>err_comport_fail</disc_chs><value>.\log</value><helpdoc>..\doc\</helpdoc><prompt></prompt></item>
      <item><enable>1</enable><upload>1</upload><chip_error_code>1514</chip_error_code><lenovo_error_code>-411514</lenovo_error_code><disc_eng>EDGE APC GAIN RF QUERY BB POWER FAILED</disc_eng><disc_chs>err_comport_fail</disc_chs><value>.\log</value><helpdoc>..\doc\</helpdoc><prompt></prompt></item>
      <item><enable>1</enable><upload>1</upload><chip_error_code>1515</chip_error_code><lenovo_error_code>-411515</lenovo_error_code><disc_eng>EDGE APC GAIN RF START</disc_eng><disc_chs>err_comport_fail</disc_chs><value>.\log</value><helpdoc>..\doc\</helpdoc><prompt></prompt></item>
      <item><enable>1</enable><upload>1</upload><chip_error_code>1516</chip_error_code><lenovo_error_code>-411516</lenovo_error_code><disc_eng>EDGE APC GAIN RF DONE</disc_eng><disc_chs>err_comport_fail</disc_chs><value>.\log</value><helpdoc>..\doc\</helpdoc><prompt></prompt></item>
      <item><enable>1</enable><upload>1</upload><chip_error_code>1536</chip_error_code><lenovo_error_code>-411536</lenovo_error_code><disc_eng>EDGE OGPC APC START</disc_eng><disc_chs>err_comport_fail</disc_chs><value>.\log</value><helpdoc>..\doc\</helpdoc><prompt></prompt></item>
      <item><enable>1</enable><upload>1</upload><chip_error_code>1537</chip_error_code><lenovo_error_code>-411537</lenovo_error_code><disc_eng>EDGE OGPC APC DONE</disc_eng><disc_chs>err_comport_fail</disc_chs><value>.\log</value><helpdoc>..\doc\</helpdoc><prompt></prompt></item>
      <item><enable>1</enable><upload>1</upload><chip_error_code>1538</chip_error_code><lenovo_error_code>-411538</lenovo_error_code><disc_eng>EDGE OGPC CSYPP FAILED</disc_eng><disc_chs>err_comport_fail</disc_chs><value>.\log</value><helpdoc>..\doc\</helpdoc><prompt></prompt></item>
      <item><enable>1</enable><upload>1</upload><chip_error_code>1539</chip_error_code><lenovo_error_code>-411539</lenovo_error_code><disc_eng>EDGE OGPC CSINT FAILED</disc_eng><disc_chs>err_comport_fail</disc_chs><value>.\log</value><helpdoc>..\doc\</helpdoc><prompt></prompt></item>
      <item><enable>1</enable><upload>1</upload><chip_error_code>1540</chip_error_code><lenovo_error_code>-411540</lenovo_error_code><disc_eng>EDGE OGPC LINEAR INT FAILED</disc_eng><disc_chs>err_comport_fail</disc_chs><value>.\log</value><helpdoc>..\doc\</helpdoc><prompt></prompt></item>
      <item><enable>1</enable><upload>1</upload><chip_error_code>1600</chip_error_code><lenovo_error_code>-411600</lenovo_error_code><disc_eng>EDGE 6140 APC START</disc_eng><disc_chs>err_comport_fail</disc_chs><value>.\log</value><helpdoc>..\doc\</helpdoc><prompt></prompt></item>
      <item><enable>1</enable><upload>1</upload><chip_error_code>1601</chip_error_code><lenovo_error_code>-411601</lenovo_error_code><disc_eng>EDGE 6140 APC DONE</disc_eng><disc_chs>err_comport_fail</disc_chs><value>.\log</value><helpdoc>..\doc\</helpdoc><prompt></prompt></item>
      <item><enable>1</enable><upload>1</upload><chip_error_code>1602</chip_error_code><lenovo_error_code>-411602</lenovo_error_code><disc_eng>EDGE 6140 GET ITC PCL FAILED</disc_eng><disc_chs>err_comport_fail</disc_chs><value>.\log</value><helpdoc>..\doc\</helpdoc><prompt></prompt></item>
      <item><enable>1</enable><upload>1</upload><chip_error_code>1603</chip_error_code><lenovo_error_code>-411603</lenovo_error_code><disc_eng>EDGE 6140 FHC EVALUATE FAILED</disc_eng><disc_chs>err_comport_fail</disc_chs><value>.\log</value><helpdoc>..\doc\</helpdoc><prompt></prompt></item>
      <item><enable>1</enable><upload>1</upload><chip_error_code>1664</chip_error_code><lenovo_error_code>-411664</lenovo_error_code><disc_eng>GSM FHC START</disc_eng><disc_chs>err_comport_fail</disc_chs><value>.\log</value><helpdoc>..\doc\</helpdoc><prompt></prompt></item>
      <item><enable>1</enable><upload>1</upload><chip_error_code>1665</chip_error_code><lenovo_error_code>-411665</lenovo_error_code><disc_eng>GSM FHC START FAILED</disc_eng><disc_chs>err_comport_fail</disc_chs><value>.\log</value><helpdoc>..\doc\</helpdoc><prompt></prompt></item>
      <item><enable>1</enable><upload>1</upload><chip_error_code>1666</chip_error_code><lenovo_error_code>-411666</lenovo_error_code><disc_eng>GSM FHC QUERY FAILED</disc_eng><disc_chs>err_comport_fail</disc_chs><value>.\log</value><helpdoc>..\doc\</helpdoc><prompt></prompt></item>
      <item><enable>1</enable><upload>1</upload><chip_error_code>1667</chip_error_code><lenovo_error_code>-411667</lenovo_error_code><disc_eng>GSM FHC CHECK FAILED</disc_eng><disc_chs>err_comport_fail</disc_chs><value>.\log</value><helpdoc>..\doc\</helpdoc><prompt></prompt></item>
      <item><enable>1</enable><upload>1</upload><chip_error_code>1668</chip_error_code><lenovo_error_code>-411668</lenovo_error_code><disc_eng>GSM FHC DONE</disc_eng><disc_chs>err_comport_fail</disc_chs><value>.\log</value><helpdoc>..\doc\</helpdoc><prompt></prompt></item>
      <item><enable>1</enable><upload>1</upload><chip_error_code>1669</chip_error_code><lenovo_error_code>-411669</lenovo_error_code><disc_eng>GSM FHC AGC CHECK HIGH FAILED</disc_eng><disc_chs>err_comport_fail</disc_chs><value>.\log</value><helpdoc>..\doc\</helpdoc><prompt></prompt></item>
      <item><enable>1</enable><upload>1</upload><chip_error_code>1670</chip_error_code><lenovo_error_code>-411670</lenovo_error_code><disc_eng>GSM FHC AGC CHECK MID FAILED</disc_eng><disc_chs>err_comport_fail</disc_chs><value>.\log</value><helpdoc>..\doc\</helpdoc><prompt></prompt></item>
      <item><enable>1</enable><upload>1</upload><chip_error_code>1671</chip_error_code><lenovo_error_code>-411671</lenovo_error_code><disc_eng>GSM FHC AGC CHECK LOW FAILED</disc_eng><disc_chs>err_comport_fail</disc_chs><value>.\log</value><helpdoc>..\doc\</helpdoc><prompt></prompt></item>
      <item><enable>1</enable><upload>1</upload><chip_error_code>1672</chip_error_code><lenovo_error_code>-411672</lenovo_error_code><disc_eng>GSM FHC AGC LNA MODE CHECK FAILED</disc_eng><disc_chs>err_comport_fail</disc_chs><value>.\log</value><helpdoc>..\doc\</helpdoc><prompt></prompt></item>
      <item><enable>1</enable><upload>1</upload><chip_error_code>1673</chip_error_code><lenovo_error_code>-411673</lenovo_error_code><disc_eng>GSM FHC APC PA GAIN CHECK FAILED</disc_eng><disc_chs>err_comport_fail</disc_chs><value>.\log</value><helpdoc>..\doc\</helpdoc><prompt></prompt></item>
      <item><enable>1</enable><upload>1</upload><chip_error_code>1674</chip_error_code><lenovo_error_code>-411674</lenovo_error_code><disc_eng>GSM FHC APC COUPLER LOSS CHECK FAILED</disc_eng><disc_chs>err_comport_fail</disc_chs><value>.\log</value><helpdoc>..\doc\</helpdoc><prompt></prompt></item>
      <item><enable>1</enable><upload>1</upload><chip_error_code>1675</chip_error_code><lenovo_error_code>-411675</lenovo_error_code><disc_eng>GSM FHC APC PA SUBBAND COMPENSATION CHECK FAILED</disc_eng><disc_chs>err_comport_fail</disc_chs><value>.\log</value><helpdoc>..\doc\</helpdoc><prompt></prompt></item>
      <item><enable>1</enable><upload>1</upload><chip_error_code>1676</chip_error_code><lenovo_error_code>-411676</lenovo_error_code><disc_eng>GSM FHC APC COUPLER LOSS SUBBAND COMPENSATION CHECK FAILED</disc_eng><disc_chs>err_comport_fail</disc_chs><value>.\log</value><helpdoc>..\doc\</helpdoc><prompt></prompt></item>
      <item><enable>1</enable><upload>1</upload><chip_error_code>1677</chip_error_code><lenovo_error_code>-411677</lenovo_error_code><disc_eng>GSM FHC AGC WRITE INIT VALUE FAILED</disc_eng><disc_chs>err_comport_fail</disc_chs><value>.\log</value><helpdoc>..\doc\</helpdoc><prompt></prompt></item>
      <item><enable>1</enable><upload>1</upload><chip_error_code>1678</chip_error_code><lenovo_error_code>-411678</lenovo_error_code><disc_eng>GSM FHC APC WRITE INIT VALUE FAILED</disc_eng><disc_chs>err_comport_fail</disc_chs><value>.\log</value><helpdoc>..\doc\</helpdoc><prompt></prompt></item>
      <item><enable>1</enable><upload>1</upload><chip_error_code>1679</chip_error_code><lenovo_error_code>-411679</lenovo_error_code><disc_eng>GSM FHC AGC WRITE CAL DATA FAILED</disc_eng><disc_chs>err_comport_fail</disc_chs><value>.\log</value><helpdoc>..\doc\</helpdoc><prompt></prompt></item>
      <item><enable>1</enable><upload>1</upload><chip_error_code>1680</chip_error_code><lenovo_error_code>-411680</lenovo_error_code><disc_eng>GSM FHC APC WRITE CAL DATA FAILED</disc_eng><disc_chs>err_comport_fail</disc_chs><value>.\log</value><helpdoc>..\doc\</helpdoc><prompt></prompt></item>
      <item><enable>1</enable><upload>1</upload><chip_error_code>1681</chip_error_code><lenovo_error_code>-411681</lenovo_error_code><disc_eng>GSM FHC AGC PARSE CONFIG FAILED</disc_eng><disc_chs>err_comport_fail</disc_chs><value>.\log</value><helpdoc>..\doc\</helpdoc><prompt></prompt></item>
      <item><enable>1</enable><upload>1</upload><chip_error_code>1682</chip_error_code><lenovo_error_code>-411682</lenovo_error_code><disc_eng>GSM FHC APC PARSE CONFIG FAILED</disc_eng><disc_chs>err_comport_fail</disc_chs><value>.\log</value><helpdoc>..\doc\</helpdoc><prompt></prompt></item>
      <item><enable>1</enable><upload>1</upload><chip_error_code>1683</chip_error_code><lenovo_error_code>-411683</lenovo_error_code><disc_eng>GSM FHC PARSE CONFIG FAILED</disc_eng><disc_chs>err_comport_fail</disc_chs><value>.\log</value><helpdoc>..\doc\</helpdoc><prompt></prompt></item>
      <item><enable>1</enable><upload>1</upload><chip_error_code>1684</chip_error_code><lenovo_error_code>-411684</lenovo_error_code><disc_eng>GSM FHC TESTER PRESETTING FAILED</disc_eng><disc_chs>err_comport_fail</disc_chs><value>.\log</value><helpdoc>..\doc\</helpdoc><prompt></prompt></item>
      <item><enable>1</enable><upload>1</upload><chip_error_code>1685</chip_error_code><lenovo_error_code>-411685</lenovo_error_code><disc_eng>GSM FHC AFC CHECK FAILED</disc_eng><disc_chs>err_comport_fail</disc_chs><value>.\log</value><helpdoc>..\doc\</helpdoc><prompt></prompt></item>
      <item><enable>1</enable><upload>1</upload><chip_error_code>1728</chip_error_code><lenovo_error_code>-411728</lenovo_error_code><disc_eng>GSM NSFT START</disc_eng><disc_chs>err_comport_fail</disc_chs><value>.\log</value><helpdoc>..\doc\</helpdoc><prompt></prompt></item>
      <item><enable>1</enable><upload>1</upload><chip_error_code>1729</chip_error_code><lenovo_error_code>-411729</lenovo_error_code><disc_eng>GSM NSFT TARGET START FAILED</disc_eng><disc_chs>err_comport_fail</disc_chs><value>.\log</value><helpdoc>..\doc\</helpdoc><prompt></prompt></item>
      <item><enable>1</enable><upload>1</upload><chip_error_code>1730</chip_error_code><lenovo_error_code>-411730</lenovo_error_code><disc_eng>GSM NSFT TARGET STOP FAILED</disc_eng><disc_chs>err_comport_fail</disc_chs><value>.\log</value><helpdoc>..\doc\</helpdoc><prompt></prompt></item>
      <item><enable>1</enable><upload>1</upload><chip_error_code>1731</chip_error_code><lenovo_error_code>-411731</lenovo_error_code><disc_eng>GSM NSFT TX MEASURE FAILED</disc_eng><disc_chs>err_comport_fail</disc_chs><value>.\log</value><helpdoc>..\doc\</helpdoc><prompt></prompt></item>
      <item><enable>1</enable><upload>1</upload><chip_error_code>1732</chip_error_code><lenovo_error_code>-411732</lenovo_error_code><disc_eng>GSM NSFT BER MEASURE FAILED</disc_eng><disc_chs>err_comport_fail</disc_chs><value>.\log</value><helpdoc>..\doc\</helpdoc><prompt></prompt></item>
      <item><enable>1</enable><upload>1</upload><chip_error_code>1733</chip_error_code><lenovo_error_code>-411733</lenovo_error_code><disc_eng>GSM NSFT CHECK FAILED</disc_eng><disc_chs>err_comport_fail</disc_chs><value>.\log</value><helpdoc>..\doc\</helpdoc><prompt></prompt></item>
      <item><enable>1</enable><upload>1</upload><chip_error_code>1734</chip_error_code><lenovo_error_code>-411734</lenovo_error_code><disc_eng>GSM NSFT DONE</disc_eng><disc_chs>err_comport_fail</disc_chs><value>.\log</value><helpdoc>..\doc\</helpdoc><prompt></prompt></item>
      <item><enable>1</enable><upload>1</upload><chip_error_code>1735</chip_error_code><lenovo_error_code>-411735</lenovo_error_code><disc_eng>GSM NSFT CONFIG DUT TPC ALGO FAILED</disc_eng><disc_chs>err_comport_fail</disc_chs><value>.\log</value><helpdoc>..\doc\</helpdoc><prompt></prompt></item>
      <item><enable>1</enable><upload>1</upload><chip_error_code>1736</chip_error_code><lenovo_error_code>-411736</lenovo_error_code><disc_eng>GSM NSFT TX TEST MAX POWER FAILED</disc_eng><disc_chs>err_comport_fail</disc_chs><value>.\log</value><helpdoc>..\doc\</helpdoc><prompt></prompt></item>
      <item><enable>1</enable><upload>1</upload><chip_error_code>1737</chip_error_code><lenovo_error_code>-411737</lenovo_error_code><disc_eng>GSM NSFT TX TEST MIN POWER FAILED</disc_eng><disc_chs>err_comport_fail</disc_chs><value>.\log</value><helpdoc>..\doc\</helpdoc><prompt></prompt></item>
      <item><enable>1</enable><upload>1</upload><chip_error_code>1738</chip_error_code><lenovo_error_code>-411738</lenovo_error_code><disc_eng>GSM NSFT TX TEST ILPC FAILED</disc_eng><disc_chs>err_comport_fail</disc_chs><value>.\log</value><helpdoc>..\doc\</helpdoc><prompt></prompt></item>
      <item><enable>1</enable><upload>1</upload><chip_error_code>1739</chip_error_code><lenovo_error_code>-411739</lenovo_error_code><disc_eng>GSM NSFT BER TEST FAILED</disc_eng><disc_chs>err_comport_fail</disc_chs><value>.\log</value><helpdoc>..\doc\</helpdoc><prompt></prompt></item>
      <item><enable>1</enable><upload>1</upload><chip_error_code>1740</chip_error_code><lenovo_error_code>-411740</lenovo_error_code><disc_eng>GSM NSFT DUT OPEN LOOP POWER CONTROL FAILED</disc_eng><disc_chs>err_comport_fail</disc_chs><value>.\log</value><helpdoc>..\doc\</helpdoc><prompt></prompt></item>
      <item><enable>1</enable><upload>1</upload><chip_error_code>1741</chip_error_code><lenovo_error_code>-411741</lenovo_error_code><disc_eng>GSM NSFT DUT OPEN LOOP POWER TEST FAILED</disc_eng><disc_chs>err_comport_fail</disc_chs><value>.\log</value><helpdoc>..\doc\</helpdoc><prompt></prompt></item>
      <item><enable>1</enable><upload>1</upload><chip_error_code>1742</chip_error_code><lenovo_error_code>-411742</lenovo_error_code><disc_eng>GSM NSFT PARSE CONFIG FAILED</disc_eng><disc_chs>err_comport_fail</disc_chs><value>.\log</value><helpdoc>..\doc\</helpdoc><prompt></prompt></item>
      <item><enable>1</enable><upload>1</upload><chip_error_code>1743</chip_error_code><lenovo_error_code>-411743</lenovo_error_code><disc_eng>GSM NSFT TESTER PRESETTING IN SYNC TEST FAILED</disc_eng><disc_chs>err_comport_fail</disc_chs><value>.\log</value><helpdoc>..\doc\</helpdoc><prompt></prompt></item>
      <item><enable>1</enable><upload>1</upload><chip_error_code>1744</chip_error_code><lenovo_error_code>-411744</lenovo_error_code><disc_eng>GSM NSFT TESTER PRESETTING IN PRACH TEST FAILED</disc_eng><disc_chs>err_comport_fail</disc_chs><value>.\log</value><helpdoc>..\doc\</helpdoc><prompt></prompt></item>
      <item><enable>1</enable><upload>1</upload><chip_error_code>1745</chip_error_code><lenovo_error_code>-411745</lenovo_error_code><disc_eng>GSM EDGE NSFT TARGET START FAILED</disc_eng><disc_chs>err_comport_fail</disc_chs><value>.\log</value><helpdoc>..\doc\</helpdoc><prompt></prompt></item>
      <item><enable>1</enable><upload>1</upload><chip_error_code>1746</chip_error_code><lenovo_error_code>-411746</lenovo_error_code><disc_eng>GSM EDGE NSFT TX MEASURE FAILED</disc_eng><disc_chs>err_comport_fail</disc_chs><value>.\log</value><helpdoc>..\doc\</helpdoc><prompt></prompt></item>
      <item><enable>1</enable><upload>1</upload><chip_error_code>1747</chip_error_code><lenovo_error_code>-411747</lenovo_error_code><disc_eng>GSM EDGE NSFT START</disc_eng><disc_chs>err_comport_fail</disc_chs><value>.\log</value><helpdoc>..\doc\</helpdoc><prompt></prompt></item>
      <item><enable>1</enable><upload>1</upload><chip_error_code>1748</chip_error_code><lenovo_error_code>-411748</lenovo_error_code><disc_eng>GSM EDGE NSFT DONE</disc_eng><disc_chs>err_comport_fail</disc_chs><value>.\log</value><helpdoc>..\doc\</helpdoc><prompt></prompt></item>
      <item><enable>1</enable><upload>1</upload><chip_error_code>1749</chip_error_code><lenovo_error_code>-411749</lenovo_error_code><disc_eng>GSM EDGE LIST MODE NSFT PARSE CONFIG FAILED</disc_eng><disc_chs>err_comport_fail</disc_chs><value>.\log</value><helpdoc>..\doc\</helpdoc><prompt></prompt></item>
      <item><enable>1</enable><upload>1</upload><chip_error_code>1750</chip_error_code><lenovo_error_code>-411750</lenovo_error_code><disc_eng>GSM EDGE LIST MODE NSFT PARSE TEST CASE FAILED</disc_eng><disc_chs>err_comport_fail</disc_chs><value>.\log</value><helpdoc>..\doc\</helpdoc><prompt></prompt></item>
      <item><enable>1</enable><upload>1</upload><chip_error_code>1751</chip_error_code><lenovo_error_code>-411751</lenovo_error_code><disc_eng>GGE LIST MODE NSFT TESTER PRESETTING FAILED</disc_eng><disc_chs>err_comport_fail</disc_chs><value>.\log</value><helpdoc>..\doc\</helpdoc><prompt></prompt></item>
      <item><enable>1</enable><upload>1</upload><chip_error_code>1752</chip_error_code><lenovo_error_code>-411752</lenovo_error_code><disc_eng>GSM EDGE LIST MODE NSFT START FAILED</disc_eng><disc_chs>err_comport_fail</disc_chs><value>.\log</value><helpdoc>..\doc\</helpdoc><prompt></prompt></item>
      <item><enable>1</enable><upload>1</upload><chip_error_code>1753</chip_error_code><lenovo_error_code>-411753</lenovo_error_code><disc_eng>GSM EDGE LIST MODE NSFT FETCH RESULT FAILED</disc_eng><disc_chs>err_comport_fail</disc_chs><value>.\log</value><helpdoc>..\doc\</helpdoc><prompt></prompt></item>
      <item><enable>1</enable><upload>1</upload><chip_error_code>1754</chip_error_code><lenovo_error_code>-411754</lenovo_error_code><disc_eng>GGE LIST MODE NSFT CHECK RESULT FAILED</disc_eng><disc_chs>err_comport_fail</disc_chs><value>.\log</value><helpdoc>..\doc\</helpdoc><prompt></prompt></item>
      <item><enable>1</enable><upload>1</upload><chip_error_code>1792</chip_error_code><lenovo_error_code>-411792</lenovo_error_code><disc_eng>GSM CAP ID START</disc_eng><disc_chs>err_comport_fail</disc_chs><value>.\log</value><helpdoc>..\doc\</helpdoc><prompt></prompt></item>
      <item><enable>1</enable><upload>1</upload><chip_error_code>1793</chip_error_code><lenovo_error_code>-411793</lenovo_error_code><disc_eng>GSM CAP ID DONE</disc_eng><disc_chs>err_comport_fail</disc_chs><value>.\log</value><helpdoc>..\doc\</helpdoc><prompt></prompt></item>
      <item><enable>1</enable><upload>1</upload><chip_error_code>1794</chip_error_code><lenovo_error_code>-411794</lenovo_error_code><disc_eng>GSM CAP ID CHECK FAILED</disc_eng><disc_chs>err_comport_fail</disc_chs><value>.\log</value><helpdoc>..\doc\</helpdoc><prompt></prompt></item>
      <item><enable>1</enable><upload>1</upload><chip_error_code>1795</chip_error_code><lenovo_error_code>-411795</lenovo_error_code><disc_eng>GSM CAP ID BAND SELECT FAILED</disc_eng><disc_chs>err_comport_fail</disc_chs><value>.\log</value><helpdoc>..\doc\</helpdoc><prompt></prompt></item>
      <item><enable>1</enable><upload>1</upload><chip_error_code>1796</chip_error_code><lenovo_error_code>-411796</lenovo_error_code><disc_eng>GSM CAP ID NB TX FAILED</disc_eng><disc_chs>err_comport_fail</disc_chs><value>.\log</value><helpdoc>..\doc\</helpdoc><prompt></prompt></item>
      <item><enable>1</enable><upload>1</upload><chip_error_code>1797</chip_error_code><lenovo_error_code>-411797</lenovo_error_code><disc_eng>GSM CAP ID DYNAMIC RANGE CHECK FAILED</disc_eng><disc_chs>err_comport_fail</disc_chs><value>.\log</value><helpdoc>..\doc\</helpdoc><prompt></prompt></item>
      <item><enable>1</enable><upload>1</upload><chip_error_code>1798</chip_error_code><lenovo_error_code>-411798</lenovo_error_code><disc_eng>GSM CAP ID GET CENTER FREQUENCY FAILED</disc_eng><disc_chs>err_comport_fail</disc_chs><value>.\log</value><helpdoc>..\doc\</helpdoc><prompt></prompt></item>
      <item><enable>1</enable><upload>1</upload><chip_error_code>1799</chip_error_code><lenovo_error_code>-411799</lenovo_error_code><disc_eng>GSM CAP GET CAPIBILITY3 FAILED</disc_eng><disc_chs>err_comport_fail</disc_chs><value>.\log</value><helpdoc>..\doc\</helpdoc><prompt></prompt></item>
      <item><enable>1</enable><upload>1</upload><chip_error_code>1800</chip_error_code><lenovo_error_code>-411800</lenovo_error_code><disc_eng>GSM CAP GET TD LID LEN FAILED</disc_eng><disc_chs>err_comport_fail</disc_chs><value>.\log</value><helpdoc>..\doc\</helpdoc><prompt></prompt></item>
      <item><enable>1</enable><upload>1</upload><chip_error_code>1801</chip_error_code><lenovo_error_code>-411801</lenovo_error_code><disc_eng>GSM CAP COMPOSE TD FAILED</disc_eng><disc_chs>err_comport_fail</disc_chs><value>.\log</value><helpdoc>..\doc\</helpdoc><prompt></prompt></item>
      <item><enable>1</enable><upload>1</upload><chip_error_code>1856</chip_error_code><lenovo_error_code>-411856</lenovo_error_code><disc_eng>GGE TADC START</disc_eng><disc_chs>err_comport_fail</disc_chs><value>.\log</value><helpdoc>..\doc\</helpdoc><prompt></prompt></item>
      <item><enable>1</enable><upload>1</upload><chip_error_code>1857</chip_error_code><lenovo_error_code>-411857</lenovo_error_code><disc_eng>GGE TADC MEASURE FAILED</disc_eng><disc_chs>err_comport_fail</disc_chs><value>.\log</value><helpdoc>..\doc\</helpdoc><prompt></prompt></item>
      <item><enable>1</enable><upload>1</upload><chip_error_code>1858</chip_error_code><lenovo_error_code>-411858</lenovo_error_code><disc_eng>GGE TADC GET NVRAM RECORD LENGTH FAILED</disc_eng><disc_chs>err_comport_fail</disc_chs><value>.\log</value><helpdoc>..\doc\</helpdoc><prompt></prompt></item>
      <item><enable>1</enable><upload>1</upload><chip_error_code>1859</chip_error_code><lenovo_error_code>-411859</lenovo_error_code><disc_eng>GGE TADC COMPOSE NVRAM FAILED</disc_eng><disc_chs>err_comport_fail</disc_chs><value>.\log</value><helpdoc>..\doc\</helpdoc><prompt></prompt></item>
      <item><enable>1</enable><upload>1</upload><chip_error_code>1860</chip_error_code><lenovo_error_code>-411860</lenovo_error_code><disc_eng>GGE TADC WRITE NVRAM INITIAL VALUE FAILED</disc_eng><disc_chs>err_comport_fail</disc_chs><value>.\log</value><helpdoc>..\doc\</helpdoc><prompt></prompt></item>
      <item><enable>1</enable><upload>1</upload><chip_error_code>1861</chip_error_code><lenovo_error_code>-411861</lenovo_error_code><disc_eng>GGE TADC WRITE NVRAM CAL DATA FAILED</disc_eng><disc_chs>err_comport_fail</disc_chs><value>.\log</value><helpdoc>..\doc\</helpdoc><prompt></prompt></item>
      <item><enable>1</enable><upload>1</upload><chip_error_code>1862</chip_error_code><lenovo_error_code>-411862</lenovo_error_code><disc_eng>GGE TADC INVALID CURRENT TEMPERATURE</disc_eng><disc_chs>err_comport_fail</disc_chs><value>.\log</value><helpdoc>..\doc\</helpdoc><prompt></prompt></item>
      <item><enable>1</enable><upload>1</upload><chip_error_code>1863</chip_error_code><lenovo_error_code>-411863</lenovo_error_code><disc_eng>GGE TADC CHECK START</disc_eng><disc_chs>err_comport_fail</disc_chs><value>.\log</value><helpdoc>..\doc\</helpdoc><prompt></prompt></item>
      <item><enable>1</enable><upload>1</upload><chip_error_code>1864</chip_error_code><lenovo_error_code>-411864</lenovo_error_code><disc_eng>GGE TADC CHECK FAILED</disc_eng><disc_chs>err_comport_fail</disc_chs><value>.\log</value><helpdoc>..\doc\</helpdoc><prompt></prompt></item>
      <item><enable>1</enable><upload>1</upload><chip_error_code>1865</chip_error_code><lenovo_error_code>-411865</lenovo_error_code><disc_eng>GGE TADC DONE</disc_eng><disc_chs>err_comport_fail</disc_chs><value>.\log</value><helpdoc>..\doc\</helpdoc><prompt></prompt></item>
      <item><enable>1</enable><upload>1</upload><chip_error_code>1866</chip_error_code><lenovo_error_code>-411866</lenovo_error_code><disc_eng>GGE TADC PARSE CONFIG FAILED</disc_eng><disc_chs>err_comport_fail</disc_chs><value>.\log</value><helpdoc>..\doc\</helpdoc><prompt></prompt></item>
      <item><enable>1</enable><upload>1</upload><chip_error_code>1867</chip_error_code><lenovo_error_code>-411867</lenovo_error_code><disc_eng>GGE TADC PARSE INI FAILED</disc_eng><disc_chs>err_comport_fail</disc_chs><value>.\log</value><helpdoc>..\doc\</helpdoc><prompt></prompt></item>
      <item><enable>1</enable><upload>1</upload><chip_error_code>1868</chip_error_code><lenovo_error_code>-411868</lenovo_error_code><disc_eng>GGE TADC INVALID SENSOR STATUS</disc_eng><disc_chs>err_comport_fail</disc_chs><value>.\log</value><helpdoc>..\doc\</helpdoc><prompt></prompt></item>
      <item><enable>1</enable><upload>1</upload><chip_error_code>1920</chip_error_code><lenovo_error_code>-411920</lenovo_error_code><disc_eng>GGE DCXO LPM CAL NB TX FAILED</disc_eng><disc_chs>err_comport_fail</disc_chs><value>.\log</value><helpdoc>..\doc\</helpdoc><prompt></prompt></item>
      <item><enable>1</enable><upload>1</upload><chip_error_code>1921</chip_error_code><lenovo_error_code>-411921</lenovo_error_code><disc_eng>GGE DCXO LPM CAL SET FREQUENCY BAND FAILED</disc_eng><disc_chs>err_comport_fail</disc_chs><value>.\log</value><helpdoc>..\doc\</helpdoc><prompt></prompt></item>
      <item><enable>1</enable><upload>1</upload><chip_error_code>1922</chip_error_code><lenovo_error_code>-411922</lenovo_error_code><disc_eng>GGE DCXO LPM CAL SET POWER MODE FAILED</disc_eng><disc_chs>err_comport_fail</disc_chs><value>.\log</value><helpdoc>..\doc\</helpdoc><prompt></prompt></item>
      <item><enable>1</enable><upload>1</upload><chip_error_code>1923</chip_error_code><lenovo_error_code>-411923</lenovo_error_code><disc_eng>GGE DCXO LPM CAL CHECK FAILED</disc_eng><disc_chs>err_comport_fail</disc_chs><value>.\log</value><helpdoc>..\doc\</helpdoc><prompt></prompt></item>
      <item><enable>1</enable><upload>1</upload><chip_error_code>1984</chip_error_code><lenovo_error_code>-411984</lenovo_error_code><disc_eng>GSM APC AD6546 START</disc_eng><disc_chs>err_comport_fail</disc_chs><value>.\log</value><helpdoc>..\doc\</helpdoc><prompt></prompt></item>
      <item><enable>1</enable><upload>1</upload><chip_error_code>1985</chip_error_code><lenovo_error_code>-411985</lenovo_error_code><disc_eng>GSM APC AD6546 DONE</disc_eng><disc_chs>err_comport_fail</disc_chs><value>.\log</value><helpdoc>..\doc\</helpdoc><prompt></prompt></item>
      <item><enable>1</enable><upload>1</upload><chip_error_code>1986</chip_error_code><lenovo_error_code>-411986</lenovo_error_code><disc_eng>GSM APC AD6546 SET SPEC COEF FAILED</disc_eng><disc_chs>err_comport_fail</disc_chs><value>.\log</value><helpdoc>..\doc\</helpdoc><prompt></prompt></item>
      <item><enable>1</enable><upload>1</upload><chip_error_code>1987</chip_error_code><lenovo_error_code>-411987</lenovo_error_code><disc_eng>GSM APC AD6546 SET APC RAMP LEVEL FAILED</disc_eng><disc_chs>err_comport_fail</disc_chs><value>.\log</value><helpdoc>..\doc\</helpdoc><prompt></prompt></item>
      <item><enable>1</enable><upload>1</upload><chip_error_code>1988</chip_error_code><lenovo_error_code>-411988</lenovo_error_code><disc_eng>GSM APC AD6546 WRITE CAL DATA FAILED</disc_eng><disc_chs>err_comport_fail</disc_chs><value>.\log</value><helpdoc>..\doc\</helpdoc><prompt></prompt></item>
      <item><enable>1</enable><upload>1</upload><chip_error_code>1989</chip_error_code><lenovo_error_code>-411989</lenovo_error_code><disc_eng>GSM APC AD6546 GET SEP CH FAILED</disc_eng><disc_chs>err_comport_fail</disc_chs><value>.\log</value><helpdoc>..\doc\</helpdoc><prompt></prompt></item>
      <item><enable>1</enable><upload>1</upload><chip_error_code>1990</chip_error_code><lenovo_error_code>-411990</lenovo_error_code><disc_eng>GSM APC AD6546 REQ RF START FAILED</disc_eng><disc_chs>err_comport_fail</disc_chs><value>.\log</value><helpdoc>..\doc\</helpdoc><prompt></prompt></item>
      <item><enable>1</enable><upload>1</upload><chip_error_code>1991</chip_error_code><lenovo_error_code>-411991</lenovo_error_code><disc_eng>GSM APC AD6546 SLOPE SKEW CHECK FAILED</disc_eng><disc_chs>err_comport_fail</disc_chs><value>.\log</value><helpdoc>..\doc\</helpdoc><prompt></prompt></item>
      <item><enable>1</enable><upload>1</upload><chip_error_code>1992</chip_error_code><lenovo_error_code>-411992</lenovo_error_code><disc_eng>GSM APC AD6546 MULTI SLOT SUPPORT FAILED</disc_eng><disc_chs>err_comport_fail</disc_chs><value>.\log</value><helpdoc>..\doc\</helpdoc><prompt></prompt></item>
      <item><enable>1</enable><upload>1</upload><chip_error_code>2048</chip_error_code><lenovo_error_code>-412048</lenovo_error_code><disc_eng>GSM AFC TRXOFFSET START</disc_eng><disc_chs>err_comport_fail</disc_chs><value>.\log</value><helpdoc>..\doc\</helpdoc><prompt></prompt></item>
      <item><enable>1</enable><upload>1</upload><chip_error_code>2049</chip_error_code><lenovo_error_code>-412049</lenovo_error_code><disc_eng>GSM AFC TRXOFFSET DONE</disc_eng><disc_chs>err_comport_fail</disc_chs><value>.\log</value><helpdoc>..\doc\</helpdoc><prompt></prompt></item>
      <item><enable>1</enable><upload>1</upload><chip_error_code>2050</chip_error_code><lenovo_error_code>-412050</lenovo_error_code><disc_eng>GSM AFC TRXOFFSET SLOPE FAILED</disc_eng><disc_chs>err_comport_fail</disc_chs><value>.\log</value><helpdoc>..\doc\</helpdoc><prompt></prompt></item>
      <item><enable>1</enable><upload>1</upload><chip_error_code>2051</chip_error_code><lenovo_error_code>-412051</lenovo_error_code><disc_eng>GSM AFC TRXOFFSET NB TX FAILED</disc_eng><disc_chs>err_comport_fail</disc_chs><value>.\log</value><helpdoc>..\doc\</helpdoc><prompt></prompt></item>
      <item><enable>1</enable><upload>1</upload><chip_error_code>2052</chip_error_code><lenovo_error_code>-412052</lenovo_error_code><disc_eng>GSM AFC TRXOFFSET COUNT LIMIT FAILED</disc_eng><disc_chs>err_comport_fail</disc_chs><value>.\log</value><helpdoc>..\doc\</helpdoc><prompt></prompt></item>
      <item><enable>1</enable><upload>1</upload><chip_error_code>2053</chip_error_code><lenovo_error_code>-412053</lenovo_error_code><disc_eng>GSM AFC TRXOFFSET TXOFFSET FAILED</disc_eng><disc_chs>err_comport_fail</disc_chs><value>.\log</value><helpdoc>..\doc\</helpdoc><prompt></prompt></item>
      <item><enable>1</enable><upload>1</upload><chip_error_code>2112</chip_error_code><lenovo_error_code>-412112</lenovo_error_code><disc_eng>GSM TXIQ START</disc_eng><disc_chs>err_comport_fail</disc_chs><value>.\log</value><helpdoc>..\doc\</helpdoc><prompt></prompt></item>
      <item><enable>1</enable><upload>1</upload><chip_error_code>2113</chip_error_code><lenovo_error_code>-412113</lenovo_error_code><disc_eng>GSM TXIQ DONE</disc_eng><disc_chs>err_comport_fail</disc_chs><value>.\log</value><helpdoc>..\doc\</helpdoc><prompt></prompt></item>
      <item><enable>1</enable><upload>1</upload><chip_error_code>2114</chip_error_code><lenovo_error_code>-412114</lenovo_error_code><disc_eng>GSM TXIQ GET RFID FAILED</disc_eng><disc_chs>err_comport_fail</disc_chs><value>.\log</value><helpdoc>..\doc\</helpdoc><prompt></prompt></item>
      <item><enable>1</enable><upload>1</upload><chip_error_code>2115</chip_error_code><lenovo_error_code>-412115</lenovo_error_code><disc_eng>GSM TXIQ GET BBTX CFG FAILED</disc_eng><disc_chs>err_comport_fail</disc_chs><value>.\log</value><helpdoc>..\doc\</helpdoc><prompt></prompt></item>
      <item><enable>1</enable><upload>1</upload><chip_error_code>2116</chip_error_code><lenovo_error_code>-412116</lenovo_error_code><disc_eng>GSM TXIQ CAL FAILED</disc_eng><disc_chs>err_comport_fail</disc_chs><value>.\log</value><helpdoc>..\doc\</helpdoc><prompt></prompt></item>
      <item><enable>1</enable><upload>1</upload><chip_error_code>2117</chip_error_code><lenovo_error_code>-412117</lenovo_error_code><disc_eng>GSM TXIQ MULTI SLOT SUPPORT FAILED</disc_eng><disc_chs>err_comport_fail</disc_chs><value>.\log</value><helpdoc>..\doc\</helpdoc><prompt></prompt></item>
      <item><enable>1</enable><upload>1</upload><chip_error_code>2118</chip_error_code><lenovo_error_code>-412118</lenovo_error_code><disc_eng>GSM TXIQ GET MSCAPABILITY FAILED</disc_eng><disc_chs>err_comport_fail</disc_chs><value>.\log</value><helpdoc>..\doc\</helpdoc><prompt></prompt></item>
      <item><enable>1</enable><upload>1</upload><chip_error_code>2176</chip_error_code><lenovo_error_code>-412176</lenovo_error_code><disc_eng>GSM AGC WCoef START</disc_eng><disc_chs>err_comport_fail</disc_chs><value>.\log</value><helpdoc>..\doc\</helpdoc><prompt></prompt></item>
      <item><enable>1</enable><upload>1</upload><chip_error_code>2177</chip_error_code><lenovo_error_code>-412177</lenovo_error_code><disc_eng>GSM AGC WCoef DONE</disc_eng><disc_chs>err_comport_fail</disc_chs><value>.\log</value><helpdoc>..\doc\</helpdoc><prompt></prompt></item>
      <item><enable>1</enable><upload>1</upload><chip_error_code>2178</chip_error_code><lenovo_error_code>-412178</lenovo_error_code><disc_eng>GSM AGC WCoef GET FAILED</disc_eng><disc_chs>err_comport_fail</disc_chs><value>.\log</value><helpdoc>..\doc\</helpdoc><prompt></prompt></item>
      <item><enable>1</enable><upload>1</upload><chip_error_code>2179</chip_error_code><lenovo_error_code>-412179</lenovo_error_code><disc_eng>GSM AGC WCoef GET LID VERSION FAILED</disc_eng><disc_chs>err_comport_fail</disc_chs><value>.\log</value><helpdoc>..\doc\</helpdoc><prompt></prompt></item>
      <item><enable>1</enable><upload>1</upload><chip_error_code>2180</chip_error_code><lenovo_error_code>-412180</lenovo_error_code><disc_eng>GSM AGC WCoef LID VERSION NOT SUPPORT</disc_eng><disc_chs>err_comport_fail</disc_chs><value>.\log</value><helpdoc>..\doc\</helpdoc><prompt></prompt></item>
      <item><enable>1</enable><upload>1</upload><chip_error_code>2181</chip_error_code><lenovo_error_code>-412181</lenovo_error_code><disc_eng>GSM AGC WCoef COMPOSE FAILED</disc_eng><disc_chs>err_comport_fail</disc_chs><value>.\log</value><helpdoc>..\doc\</helpdoc><prompt></prompt></item>
      <item><enable>1</enable><upload>1</upload><chip_error_code>2182</chip_error_code><lenovo_error_code>-412182</lenovo_error_code><disc_eng>GSM AGC WCoef GET RUNTIME FAILED</disc_eng><disc_chs>err_comport_fail</disc_chs><value>.\log</value><helpdoc>..\doc\</helpdoc><prompt></prompt></item>
      <item><enable>1</enable><upload>1</upload><chip_error_code>2183</chip_error_code><lenovo_error_code>-412183</lenovo_error_code><disc_eng>GSM AGC WCoef SELECT BAND FAILED</disc_eng><disc_chs>err_comport_fail</disc_chs><value>.\log</value><helpdoc>..\doc\</helpdoc><prompt></prompt></item>
      <item><enable>1</enable><upload>1</upload><chip_error_code>2184</chip_error_code><lenovo_error_code>-412184</lenovo_error_code><disc_eng>GSM AGC WCoef SEND PM FAILED</disc_eng><disc_chs>err_comport_fail</disc_chs><value>.\log</value><helpdoc>..\doc\</helpdoc><prompt></prompt></item>
      <item><enable>1</enable><upload>1</upload><chip_error_code>2185</chip_error_code><lenovo_error_code>-412185</lenovo_error_code><disc_eng>GSM AGC WCoef RETRY FAILED</disc_eng><disc_chs>err_comport_fail</disc_chs><value>.\log</value><helpdoc>..\doc\</helpdoc><prompt></prompt></item>
      <item><enable>1</enable><upload>1</upload><chip_error_code>2186</chip_error_code><lenovo_error_code>-412186</lenovo_error_code><disc_eng>GSM AGC WCoef SET DTS FAILED</disc_eng><disc_chs>err_comport_fail</disc_chs><value>.\log</value><helpdoc>..\doc\</helpdoc><prompt></prompt></item>
      <item><enable>1</enable><upload>1</upload><chip_error_code>2187</chip_error_code><lenovo_error_code>-412187</lenovo_error_code><disc_eng>GSM AGC WCoef SET MS FAILED</disc_eng><disc_chs>err_comport_fail</disc_chs><value>.\log</value><helpdoc>..\doc\</helpdoc><prompt></prompt></item>
      <item><enable>1</enable><upload>1</upload><chip_error_code>2188</chip_error_code><lenovo_error_code>-412188</lenovo_error_code><disc_eng>GSM AGC WCoef PARSE INIT FAILED</disc_eng><disc_chs>err_comport_fail</disc_chs><value>.\log</value><helpdoc>..\doc\</helpdoc><prompt></prompt></item>
      <item><enable>1</enable><upload>1</upload><chip_error_code>2189</chip_error_code><lenovo_error_code>-412189</lenovo_error_code><disc_eng>GSM AGC WCoef PARSE CONFIG FAILED</disc_eng><disc_chs>err_comport_fail</disc_chs><value>.\log</value><helpdoc>..\doc\</helpdoc><prompt></prompt></item>
      <item><enable>1</enable><upload>1</upload><chip_error_code>2190</chip_error_code><lenovo_error_code>-412190</lenovo_error_code><disc_eng>GSM AGC WCoef WRITE CAL FAILED</disc_eng><disc_chs>err_comport_fail</disc_chs><value>.\log</value><helpdoc>..\doc\</helpdoc><prompt></prompt></item>
      <item><enable>1</enable><upload>1</upload><chip_error_code>2240</chip_error_code><lenovo_error_code>-412240</lenovo_error_code><disc_eng>EDGE TX TEST START</disc_eng><disc_chs>err_comport_fail</disc_chs><value>.\log</value><helpdoc>..\doc\</helpdoc><prompt></prompt></item>
      <item><enable>1</enable><upload>1</upload><chip_error_code>2241</chip_error_code><lenovo_error_code>-412241</lenovo_error_code><disc_eng>EDGE TX TEST DONE</disc_eng><disc_chs>err_comport_fail</disc_chs><value>.\log</value><helpdoc>..\doc\</helpdoc><prompt></prompt></item>
      <item><enable>1</enable><upload>1</upload><chip_error_code>2242</chip_error_code><lenovo_error_code>-412242</lenovo_error_code><disc_eng>EDGE TX TEST TESTER PRESETTING FAILED</disc_eng><disc_chs>err_comport_fail</disc_chs><value>.\log</value><helpdoc>..\doc\</helpdoc><prompt></prompt></item>
      <item><enable>1</enable><upload>1</upload><chip_error_code>2243</chip_error_code><lenovo_error_code>-412243</lenovo_error_code><disc_eng>EDGE TX TEST DUT TX FAILED</disc_eng><disc_chs>err_comport_fail</disc_chs><value>.\log</value><helpdoc>..\doc\</helpdoc><prompt></prompt></item>
      <item><enable>1</enable><upload>1</upload><chip_error_code>2244</chip_error_code><lenovo_error_code>-412244</lenovo_error_code><disc_eng>EDGE TX TEST FETCH TX MEASUREMENT FAILED</disc_eng><disc_chs>err_comport_fail</disc_chs><value>.\log</value><helpdoc>..\doc\</helpdoc><prompt></prompt></item>
      <item><enable>1</enable><upload>1</upload><chip_error_code>2245</chip_error_code><lenovo_error_code>-412245</lenovo_error_code><disc_eng>EDGE TX TEST POWER CHECK FAILED</disc_eng><disc_chs>err_comport_fail</disc_chs><value>.\log</value><helpdoc>..\doc\</helpdoc><prompt></prompt></item>
      <item><enable>1</enable><upload>1</upload><chip_error_code>2304</chip_error_code><lenovo_error_code>-412304</lenovo_error_code><disc_eng>GSM PATH TEST START</disc_eng><disc_chs>err_comport_fail</disc_chs><value>.\log</value><helpdoc>..\doc\</helpdoc><prompt></prompt></item>
      <item><enable>1</enable><upload>1</upload><chip_error_code>2305</chip_error_code><lenovo_error_code>-412305</lenovo_error_code><disc_eng>GSM PATH TEST DONE</disc_eng><disc_chs>err_comport_fail</disc_chs><value>.\log</value><helpdoc>..\doc\</helpdoc><prompt></prompt></item>
      <item><enable>1</enable><upload>1</upload><chip_error_code>2306</chip_error_code><lenovo_error_code>-412306</lenovo_error_code><disc_eng>GSM PATH TEST TESTER PRESETTING FAILED</disc_eng><disc_chs>err_comport_fail</disc_chs><value>.\log</value><helpdoc>..\doc\</helpdoc><prompt></prompt></item>
      <item><enable>1</enable><upload>1</upload><chip_error_code>2307</chip_error_code><lenovo_error_code>-412307</lenovo_error_code><disc_eng>GSM PATH TEST TESTER CHANGE BAND FAILED</disc_eng><disc_chs>err_comport_fail</disc_chs><value>.\log</value><helpdoc>..\doc\</helpdoc><prompt></prompt></item>
      <item><enable>1</enable><upload>1</upload><chip_error_code>2308</chip_error_code><lenovo_error_code>-412308</lenovo_error_code><disc_eng>GSM PATH TEST DUT CHANGE BAND FAILED</disc_eng><disc_chs>err_comport_fail</disc_chs><value>.\log</value><helpdoc>..\doc\</helpdoc><prompt></prompt></item>
      <item><enable>1</enable><upload>1</upload><chip_error_code>2309</chip_error_code><lenovo_error_code>-412309</lenovo_error_code><disc_eng>GSM PATH TEST DUT TX FAILED</disc_eng><disc_chs>err_comport_fail</disc_chs><value>.\log</value><helpdoc>..\doc\</helpdoc><prompt></prompt></item>
      <item><enable>1</enable><upload>1</upload><chip_error_code>2310</chip_error_code><lenovo_error_code>-412310</lenovo_error_code><disc_eng>GSM PATH TEST FETCH TX MEASUREMENT FAILED</disc_eng><disc_chs>err_comport_fail</disc_chs><value>.\log</value><helpdoc>..\doc\</helpdoc><prompt></prompt></item>
      <item><enable>1</enable><upload>1</upload><chip_error_code>2311</chip_error_code><lenovo_error_code>-412311</lenovo_error_code><disc_eng>GSM PATH TEST POWER CHECK FAILED</disc_eng><disc_chs>err_comport_fail</disc_chs><value>.\log</value><helpdoc>..\doc\</helpdoc><prompt></prompt></item>
      <item><enable>1</enable><upload>1</upload><chip_error_code>2304</chip_error_code><lenovo_error_code>-412304</lenovo_error_code><disc_eng>CABLELOSS START</disc_eng><disc_chs>err_comport_fail</disc_chs><value>.\log</value><helpdoc>..\doc\</helpdoc><prompt></prompt></item>
      <item><enable>1</enable><upload>1</upload><chip_error_code>2305</chip_error_code><lenovo_error_code>-412305</lenovo_error_code><disc_eng>CABLELOSS DONE</disc_eng><disc_chs>err_comport_fail</disc_chs><value>.\log</value><helpdoc>..\doc\</helpdoc><prompt></prompt></item>
      <item><enable>1</enable><upload>1</upload><chip_error_code>2306</chip_error_code><lenovo_error_code>-412306</lenovo_error_code><disc_eng>CABLELOSS FAILED</disc_eng><disc_chs>err_comport_fail</disc_chs><value>.\log</value><helpdoc>..\doc\</helpdoc><prompt></prompt></item>
      <item><enable>1</enable><upload>1</upload><chip_error_code>2307</chip_error_code><lenovo_error_code>-412307</lenovo_error_code><disc_eng>CABLELOSS CHECK FAILED</disc_eng><disc_chs>err_comport_fail</disc_chs><value>.\log</value><helpdoc>..\doc\</helpdoc><prompt></prompt></item>
      <item><enable>1</enable><upload>1</upload><chip_error_code>2368</chip_error_code><lenovo_error_code>-412368</lenovo_error_code><disc_eng>GPSCOCLOCK START</disc_eng><disc_chs>err_comport_fail</disc_chs><value>.\log</value><helpdoc>..\doc\</helpdoc><prompt></prompt></item>
      <item><enable>1</enable><upload>1</upload><chip_error_code>2369</chip_error_code><lenovo_error_code>-412369</lenovo_error_code><disc_eng>GPSCOCLOCK DONE</disc_eng><disc_chs>err_comport_fail</disc_chs><value>.\log</value><helpdoc>..\doc\</helpdoc><prompt></prompt></item>
      <item><enable>1</enable><upload>1</upload><chip_error_code>2370</chip_error_code><lenovo_error_code>-412370</lenovo_error_code><disc_eng>GPSCOCLOCK PARSE CONFIG FAILED</disc_eng><disc_chs>err_comport_fail</disc_chs><value>.\log</value><helpdoc>..\doc\</helpdoc><prompt></prompt></item>
      <item><enable>1</enable><upload>1</upload><chip_error_code>2371</chip_error_code><lenovo_error_code>-412371</lenovo_error_code><disc_eng>GPSCOCLOCK BAND SELECT FAILED</disc_eng><disc_chs>err_comport_fail</disc_chs><value>.\log</value><helpdoc>..\doc\</helpdoc><prompt></prompt></item>
      <item><enable>1</enable><upload>1</upload><chip_error_code>2372</chip_error_code><lenovo_error_code>-412372</lenovo_error_code><disc_eng>GPSCOCLOCK C0C1 CAL FAILED</disc_eng><disc_chs>err_comport_fail</disc_chs><value>.\log</value><helpdoc>..\doc\</helpdoc><prompt></prompt></item>
      <item><enable>1</enable><upload>1</upload><chip_error_code>2373</chip_error_code><lenovo_error_code>-412373</lenovo_error_code><disc_eng>GPSCOCLOCK CHECK FAILED</disc_eng><disc_chs>err_comport_fail</disc_chs><value>.\log</value><helpdoc>..\doc\</helpdoc><prompt></prompt></item>
      <item><enable>1</enable><upload>1</upload><chip_error_code>2374</chip_error_code><lenovo_error_code>-412374</lenovo_error_code><disc_eng>GPSCOCLOCK DUT TX FAILED</disc_eng><disc_chs>err_comport_fail</disc_chs><value>.\log</value><helpdoc>..\doc\</helpdoc><prompt></prompt></item>
      <item><enable>1</enable><upload>1</upload><chip_error_code>2375</chip_error_code><lenovo_error_code>-412375</lenovo_error_code><disc_eng>GPSCOCLOCK SWITCH TO AP FAILED</disc_eng><disc_chs>err_comport_fail</disc_chs><value>.\log</value><helpdoc>..\doc\</helpdoc><prompt></prompt></item>
      <item><enable>1</enable><upload>1</upload><chip_error_code>2376</chip_error_code><lenovo_error_code>-412376</lenovo_error_code><disc_eng>GPSCOCLOCK SWITCH TO MODEM FAILED</disc_eng><disc_chs>err_comport_fail</disc_chs><value>.\log</value><helpdoc>..\doc\</helpdoc><prompt></prompt></item>
      <item><enable>1</enable><upload>1</upload><chip_error_code>2377</chip_error_code><lenovo_error_code>-412377</lenovo_error_code><disc_eng>GPSCOCLOCK GPS TCXO TYPE CHECK FAILED</disc_eng><disc_chs>err_comport_fail</disc_chs><value>.\log</value><helpdoc>..\doc\</helpdoc><prompt></prompt></item>
      <item><enable>1</enable><upload>1</upload><chip_error_code>2378</chip_error_code><lenovo_error_code>-412378</lenovo_error_code><disc_eng>GPSCOCLOCK GPS FIXED AFC CHECK FAILED</disc_eng><disc_chs>err_comport_fail</disc_chs><value>.\log</value><helpdoc>..\doc\</helpdoc><prompt></prompt></item>
      <item><enable>1</enable><upload>1</upload><chip_error_code>2379</chip_error_code><lenovo_error_code>-412379</lenovo_error_code><disc_eng>GPSCOCLOCK GET GPS TCXO TYPE FAILED</disc_eng><disc_chs>err_comport_fail</disc_chs><value>.\log</value><helpdoc>..\doc\</helpdoc><prompt></prompt></item>
      <item><enable>1</enable><upload>1</upload><chip_error_code>2380</chip_error_code><lenovo_error_code>-412380</lenovo_error_code><disc_eng>GPSCOCLOCK PARAMETER INCORRECT 0</disc_eng><disc_chs>err_comport_fail</disc_chs><value>.\log</value><helpdoc>..\doc\</helpdoc><prompt></prompt></item>
      <item><enable>1</enable><upload>1</upload><chip_error_code>2381</chip_error_code><lenovo_error_code>-412381</lenovo_error_code><disc_eng>GPSCOCLOCK PARAMETER INCORRECT 2</disc_eng><disc_chs>err_comport_fail</disc_chs><value>.\log</value><helpdoc>..\doc\</helpdoc><prompt></prompt></item>
      <item><enable>1</enable><upload>1</upload><chip_error_code>2382</chip_error_code><lenovo_error_code>-412382</lenovo_error_code><disc_eng>GPSCOCLOCK PARAMETER INCORRECT OTHERS</disc_eng><disc_chs>err_comport_fail</disc_chs><value>.\log</value><helpdoc>..\doc\</helpdoc><prompt></prompt></item>
      <item><enable>1</enable><upload>1</upload><chip_error_code>2432</chip_error_code><lenovo_error_code>-412432</lenovo_error_code><disc_eng>LTE PARSE COMMON CFG FAILED</disc_eng><disc_chs>err_comport_fail</disc_chs><value>.\log</value><helpdoc>..\doc\</helpdoc><prompt></prompt></item>
      <item><enable>1</enable><upload>1</upload><chip_error_code>2433</chip_error_code><lenovo_error_code>-412433</lenovo_error_code><disc_eng>LTE GET CAPABILITY FAILED</disc_eng><disc_chs>err_comport_fail</disc_chs><value>.\log</value><helpdoc>..\doc\</helpdoc><prompt></prompt></item>
      <item><enable>1</enable><upload>1</upload><chip_error_code>2434</chip_error_code><lenovo_error_code>-412434</lenovo_error_code><disc_eng>LTE GET AFC DAC FAILED</disc_eng><disc_chs>err_comport_fail</disc_chs><value>.\log</value><helpdoc>..\doc\</helpdoc><prompt></prompt></item>
      <item><enable>1</enable><upload>1</upload><chip_error_code>2435</chip_error_code><lenovo_error_code>-412435</lenovo_error_code><disc_eng>LTE SET TOOL USAGE FAILED</disc_eng><disc_chs>err_comport_fail</disc_chs><value>.\log</value><helpdoc>..\doc\</helpdoc><prompt></prompt></item>
      <item><enable>1</enable><upload>1</upload><chip_error_code>2496</chip_error_code><lenovo_error_code>-412496</lenovo_error_code><disc_eng>LTE AGC START</disc_eng><disc_chs>err_comport_fail</disc_chs><value>.\log</value><helpdoc>..\doc\</helpdoc><prompt></prompt></item>
      <item><enable>1</enable><upload>1</upload><chip_error_code>2497</chip_error_code><lenovo_error_code>-412497</lenovo_error_code><disc_eng>LTE AGC DONE</disc_eng><disc_chs>err_comport_fail</disc_chs><value>.\log</value><helpdoc>..\doc\</helpdoc><prompt></prompt></item>
      <item><enable>1</enable><upload>1</upload><chip_error_code>2498</chip_error_code><lenovo_error_code>-412498</lenovo_error_code><disc_eng>LTE AGC PARSE CONFIG FAILED</disc_eng><disc_chs>err_comport_fail</disc_chs><value>.\log</value><helpdoc>..\doc\</helpdoc><prompt></prompt></item>
      <item><enable>1</enable><upload>1</upload><chip_error_code>2499</chip_error_code><lenovo_error_code>-412499</lenovo_error_code><disc_eng>LTE AGC TESTER PRESETTING FAILED</disc_eng><disc_chs>err_comport_fail</disc_chs><value>.\log</value><helpdoc>..\doc\</helpdoc><prompt></prompt></item>
      <item><enable>1</enable><upload>1</upload><chip_error_code>2500</chip_error_code><lenovo_error_code>-412500</lenovo_error_code><disc_eng>LTE AGC TESTER CHANGE BAND FAILED</disc_eng><disc_chs>err_comport_fail</disc_chs><value>.\log</value><helpdoc>..\doc\</helpdoc><prompt></prompt></item>
      <item><enable>1</enable><upload>1</upload><chip_error_code>2501</chip_error_code><lenovo_error_code>-412501</lenovo_error_code><disc_eng>LTE AGC GAIN OFFSET OVERFLOW</disc_eng><disc_chs>err_comport_fail</disc_chs><value>.\log</value><helpdoc>..\doc\</helpdoc><prompt></prompt></item>
      <item><enable>1</enable><upload>1</upload><chip_error_code>2502</chip_error_code><lenovo_error_code>-412502</lenovo_error_code><disc_eng>LTE AGC RXD GAIN OFFSET OVERFLOW</disc_eng><disc_chs>err_comport_fail</disc_chs><value>.\log</value><helpdoc>..\doc\</helpdoc><prompt></prompt></item>
      <item><enable>1</enable><upload>1</upload><chip_error_code>2503</chip_error_code><lenovo_error_code>-412503</lenovo_error_code><disc_eng>LTE AGC TESTER CHANGE POWER FAILED</disc_eng><disc_chs>err_comport_fail</disc_chs><value>.\log</value><helpdoc>..\doc\</helpdoc><prompt></prompt></item>
      <item><enable>1</enable><upload>1</upload><chip_error_code>2504</chip_error_code><lenovo_error_code>-412504</lenovo_error_code><disc_eng>LTE AGC TESTER CHANGE DL FREQ FAILED</disc_eng><disc_chs>err_comport_fail</disc_chs><value>.\log</value><helpdoc>..\doc\</helpdoc><prompt></prompt></item>
      <item><enable>1</enable><upload>1</upload><chip_error_code>2505</chip_error_code><lenovo_error_code>-412505</lenovo_error_code><disc_eng>LTE AGC WRITE INIT VALUE FAILED</disc_eng><disc_chs>err_comport_fail</disc_chs><value>.\log</value><helpdoc>..\doc\</helpdoc><prompt></prompt></item>
      <item><enable>1</enable><upload>1</upload><chip_error_code>2506</chip_error_code><lenovo_error_code>-412506</lenovo_error_code><disc_eng>LTE AGC WRITE CAL DATA FAILED</disc_eng><disc_chs>err_comport_fail</disc_chs><value>.\log</value><helpdoc>..\doc\</helpdoc><prompt></prompt></item>
      <item><enable>1</enable><upload>1</upload><chip_error_code>2507</chip_error_code><lenovo_error_code>-412507</lenovo_error_code><disc_eng>LTE AGC VALUE CHECK FAILED</disc_eng><disc_chs>err_comport_fail</disc_chs><value>.\log</value><helpdoc>..\doc\</helpdoc><prompt></prompt></item>
      <item><enable>1</enable><upload>1</upload><chip_error_code>2508</chip_error_code><lenovo_error_code>-412508</lenovo_error_code><disc_eng>LTE AGC MEASURE FAILED</disc_eng><disc_chs>err_comport_fail</disc_chs><value>.\log</value><helpdoc>..\doc\</helpdoc><prompt></prompt></item>
      <item><enable>1</enable><upload>1</upload><chip_error_code>2509</chip_error_code><lenovo_error_code>-412509</lenovo_error_code><disc_eng>LTE AGC LNA MODE MISMATCH</disc_eng><disc_chs>err_comport_fail</disc_chs><value>.\log</value><helpdoc>..\doc\</helpdoc><prompt></prompt></item>
      <item><enable>1</enable><upload>1</upload><chip_error_code>2510</chip_error_code><lenovo_error_code>-412510</lenovo_error_code><disc_eng>LTE AGC GET TEMP INFO FAILED</disc_eng><disc_chs>err_comport_fail</disc_chs><value>.\log</value><helpdoc>..\doc\</helpdoc><prompt></prompt></item>
      <item><enable>1</enable><upload>1</upload><chip_error_code>2560</chip_error_code><lenovo_error_code>-412560</lenovo_error_code><disc_eng>LTE AFC START</disc_eng><disc_chs>err_comport_fail</disc_chs><value>.\log</value><helpdoc>..\doc\</helpdoc><prompt></prompt></item>
      <item><enable>1</enable><upload>1</upload><chip_error_code>2561</chip_error_code><lenovo_error_code>-412561</lenovo_error_code><disc_eng>LTE AFC DONE</disc_eng><disc_chs>err_comport_fail</disc_chs><value>.\log</value><helpdoc>..\doc\</helpdoc><prompt></prompt></item>
      <item><enable>1</enable><upload>1</upload><chip_error_code>2562</chip_error_code><lenovo_error_code>-412562</lenovo_error_code><disc_eng>LTE AFC PARSE CONFIG FAILED</disc_eng><disc_chs>err_comport_fail</disc_chs><value>.\log</value><helpdoc>..\doc\</helpdoc><prompt></prompt></item>
      <item><enable>1</enable><upload>1</upload><chip_error_code>2563</chip_error_code><lenovo_error_code>-412563</lenovo_error_code><disc_eng>LTE AFC PARSE INI FAILED</disc_eng><disc_chs>err_comport_fail</disc_chs><value>.\log</value><helpdoc>..\doc\</helpdoc><prompt></prompt></item>
      <item><enable>1</enable><upload>1</upload><chip_error_code>2564</chip_error_code><lenovo_error_code>-412564</lenovo_error_code><disc_eng>LTE AFC TESTER PRESETTING FAILED</disc_eng><disc_chs>err_comport_fail</disc_chs><value>.\log</value><helpdoc>..\doc\</helpdoc><prompt></prompt></item>
      <item><enable>1</enable><upload>1</upload><chip_error_code>2565</chip_error_code><lenovo_error_code>-412565</lenovo_error_code><disc_eng>LTE AFC WRITE INIT VALUE FAILED</disc_eng><disc_chs>err_comport_fail</disc_chs><value>.\log</value><helpdoc>..\doc\</helpdoc><prompt></prompt></item>
      <item><enable>1</enable><upload>1</upload><chip_error_code>2566</chip_error_code><lenovo_error_code>-412566</lenovo_error_code><disc_eng>LTE AFC WRITE CAL DATA FAILED</disc_eng><disc_chs>err_comport_fail</disc_chs><value>.\log</value><helpdoc>..\doc\</helpdoc><prompt></prompt></item>
      <item><enable>1</enable><upload>1</upload><chip_error_code>2567</chip_error_code><lenovo_error_code>-412567</lenovo_error_code><disc_eng>LTE AFC WRITE NVRAM FAILED</disc_eng><disc_chs>err_comport_fail</disc_chs><value>.\log</value><helpdoc>..\doc\</helpdoc><prompt></prompt></item>
      <item><enable>1</enable><upload>1</upload><chip_error_code>2568</chip_error_code><lenovo_error_code>-412568</lenovo_error_code><disc_eng>LTE AFC VALUE CHECK FAILED</disc_eng><disc_chs>err_comport_fail</disc_chs><value>.\log</value><helpdoc>..\doc\</helpdoc><prompt></prompt></item>
      <item><enable>1</enable><upload>1</upload><chip_error_code>2569</chip_error_code><lenovo_error_code>-412569</lenovo_error_code><disc_eng>LTE AFC DUT TX FAILED</disc_eng><disc_chs>err_comport_fail</disc_chs><value>.\log</value><helpdoc>..\doc\</helpdoc><prompt></prompt></item>
      <item><enable>1</enable><upload>1</upload><chip_error_code>2624</chip_error_code><lenovo_error_code>-412624</lenovo_error_code><disc_eng>LTE APC START</disc_eng><disc_chs>err_comport_fail</disc_chs><value>.\log</value><helpdoc>..\doc\</helpdoc><prompt></prompt></item>
      <item><enable>1</enable><upload>1</upload><chip_error_code>2625</chip_error_code><lenovo_error_code>-412625</lenovo_error_code><disc_eng>LTE APC DONE</disc_eng><disc_chs>err_comport_fail</disc_chs><value>.\log</value><helpdoc>..\doc\</helpdoc><prompt></prompt></item>
      <item><enable>1</enable><upload>1</upload><chip_error_code>2626</chip_error_code><lenovo_error_code>-412626</lenovo_error_code><disc_eng>LTE APC PA SUBBAND COMPENSATION OUT OF RANGE</disc_eng><disc_chs>err_comport_fail</disc_chs><value>.\log</value><helpdoc>..\doc\</helpdoc><prompt></prompt></item>
      <item><enable>1</enable><upload>1</upload><chip_error_code>2627</chip_error_code><lenovo_error_code>-412627</lenovo_error_code><disc_eng>LTE APC COUPLER SUBBAND COMPENSATION OUT OF RANGE</disc_eng><disc_chs>err_comport_fail</disc_chs><value>.\log</value><helpdoc>..\doc\</helpdoc><prompt></prompt></item>
      <item><enable>1</enable><upload>1</upload><chip_error_code>2628</chip_error_code><lenovo_error_code>-412628</lenovo_error_code><disc_eng>LTE APC SUBBAND CAL INIT TX MEASUREMENT FAILED</disc_eng><disc_chs>err_comport_fail</disc_chs><value>.\log</value><helpdoc>..\doc\</helpdoc><prompt></prompt></item>
      <item><enable>1</enable><upload>1</upload><chip_error_code>2629</chip_error_code><lenovo_error_code>-412629</lenovo_error_code><disc_eng>LTE APC SUBBAND CAL DUT TX FAILED</disc_eng><disc_chs>err_comport_fail</disc_chs><value>.\log</value><helpdoc>..\doc\</helpdoc><prompt></prompt></item>
      <item><enable>1</enable><upload>1</upload><chip_error_code>2630</chip_error_code><lenovo_error_code>-412630</lenovo_error_code><disc_eng>LTE APC SUBBAND CAL FETCH TX MEASUREMENT FAILED</disc_eng><disc_chs>err_comport_fail</disc_chs><value>.\log</value><helpdoc>..\doc\</helpdoc><prompt></prompt></item>
      <item><enable>1</enable><upload>1</upload><chip_error_code>2631</chip_error_code><lenovo_error_code>-412631</lenovo_error_code><disc_eng>LTE APC SET PA OCT LEVEL CONTROL TO TARGET FAILED</disc_eng><disc_chs>err_comport_fail</disc_chs><value>.\log</value><helpdoc>..\doc\</helpdoc><prompt></prompt></item>
      <item><enable>1</enable><upload>1</upload><chip_error_code>2632</chip_error_code><lenovo_error_code>-412632</lenovo_error_code><disc_eng>LTE APC COUPLER LOSS OUT OF RANGE</disc_eng><disc_chs>err_comport_fail</disc_chs><value>.\log</value><helpdoc>..\doc\</helpdoc><prompt></prompt></item>
      <item><enable>1</enable><upload>1</upload><chip_error_code>2633</chip_error_code><lenovo_error_code>-412633</lenovo_error_code><disc_eng>LTE APC PA GAIN PING PONG DETECTED</disc_eng><disc_chs>err_comport_fail</disc_chs><value>.\log</value><helpdoc>..\doc\</helpdoc><prompt></prompt></item>
      <item><enable>1</enable><upload>1</upload><chip_error_code>2634</chip_error_code><lenovo_error_code>-412634</lenovo_error_code><disc_eng>LTE APC PA GAIN CAL EXCEEDS MAX ITERATION</disc_eng><disc_chs>err_comport_fail</disc_chs><value>.\log</value><helpdoc>..\doc\</helpdoc><prompt></prompt></item>
      <item><enable>1</enable><upload>1</upload><chip_error_code>2635</chip_error_code><lenovo_error_code>-412635</lenovo_error_code><disc_eng>LTE APC PA CAL INIT TX MEASUREMENT FAILED</disc_eng><disc_chs>err_comport_fail</disc_chs><value>.\log</value><helpdoc>..\doc\</helpdoc><prompt></prompt></item>
      <item><enable>1</enable><upload>1</upload><chip_error_code>2636</chip_error_code><lenovo_error_code>-412636</lenovo_error_code><disc_eng>LTE APC PA CAL FETCH TX MEASUREMENT FAILED</disc_eng><disc_chs>err_comport_fail</disc_chs><value>.\log</value><helpdoc>..\doc\</helpdoc><prompt></prompt></item>
      <item><enable>1</enable><upload>1</upload><chip_error_code>2637</chip_error_code><lenovo_error_code>-412637</lenovo_error_code><disc_eng>LTE APC COUPLER LOSS CAL DETECTOR MEASUREMENT FAILED</disc_eng><disc_chs>err_comport_fail</disc_chs><value>.\log</value><helpdoc>..\doc\</helpdoc><prompt></prompt></item>
      <item><enable>1</enable><upload>1</upload><chip_error_code>2638</chip_error_code><lenovo_error_code>-412638</lenovo_error_code><disc_eng>LTE APC DUT TX FAILED</disc_eng><disc_chs>err_comport_fail</disc_chs><value>.\log</value><helpdoc>..\doc\</helpdoc><prompt></prompt></item>
      <item><enable>1</enable><upload>1</upload><chip_error_code>2639</chip_error_code><lenovo_error_code>-412639</lenovo_error_code><disc_eng>LTE APC WRITE CAL DATA FAILED</disc_eng><disc_chs>err_comport_fail</disc_chs><value>.\log</value><helpdoc>..\doc\</helpdoc><prompt></prompt></item>
      <item><enable>1</enable><upload>1</upload><chip_error_code>2640</chip_error_code><lenovo_error_code>-412640</lenovo_error_code><disc_eng>LTE APC WRITE INIT VALUE FAILED</disc_eng><disc_chs>err_comport_fail</disc_chs><value>.\log</value><helpdoc>..\doc\</helpdoc><prompt></prompt></item>
      <item><enable>1</enable><upload>1</upload><chip_error_code>2641</chip_error_code><lenovo_error_code>-412641</lenovo_error_code><disc_eng>LTE APC PA GAIN CHECK FAILED</disc_eng><disc_chs>err_comport_fail</disc_chs><value>.\log</value><helpdoc>..\doc\</helpdoc><prompt></prompt></item>
      <item><enable>1</enable><upload>1</upload><chip_error_code>2642</chip_error_code><lenovo_error_code>-412642</lenovo_error_code><disc_eng>LTE APC COUPLER LOSS CHECK FAILED</disc_eng><disc_chs>err_comport_fail</disc_chs><value>.\log</value><helpdoc>..\doc\</helpdoc><prompt></prompt></item>
      <item><enable>1</enable><upload>1</upload><chip_error_code>2643</chip_error_code><lenovo_error_code>-412643</lenovo_error_code><disc_eng>LTE APC PA SUBBAND COMPENSATION CHECK FAILED</disc_eng><disc_chs>err_comport_fail</disc_chs><value>.\log</value><helpdoc>..\doc\</helpdoc><prompt></prompt></item>
      <item><enable>1</enable><upload>1</upload><chip_error_code>2644</chip_error_code><lenovo_error_code>-412644</lenovo_error_code><disc_eng>LTE APC COUPLER LOSS SUBBAND COMPENSATION CHECK FAILED</disc_eng><disc_chs>err_comport_fail</disc_chs><value>.\log</value><helpdoc>..\doc\</helpdoc><prompt></prompt></item>
      <item><enable>1</enable><upload>1</upload><chip_error_code>2645</chip_error_code><lenovo_error_code>-412645</lenovo_error_code><disc_eng>LTE APC TESTER PRESETTING FAILED</disc_eng><disc_chs>err_comport_fail</disc_chs><value>.\log</value><helpdoc>..\doc\</helpdoc><prompt></prompt></item>
      <item><enable>1</enable><upload>1</upload><chip_error_code>2646</chip_error_code><lenovo_error_code>-412646</lenovo_error_code><disc_eng>LTE APC TESTER CHANGE BAND FAILED</disc_eng><disc_chs>err_comport_fail</disc_chs><value>.\log</value><helpdoc>..\doc\</helpdoc><prompt></prompt></item>
      <item><enable>1</enable><upload>1</upload><chip_error_code>2647</chip_error_code><lenovo_error_code>-412647</lenovo_error_code><disc_eng>LTE APC TESTER CHANGE EXPECTED POWER IN PA GAIN CAL FAILED</disc_eng><disc_chs>err_comport_fail</disc_chs><value>.\log</value><helpdoc>..\doc\</helpdoc><prompt></prompt></item>
      <item><enable>1</enable><upload>1</upload><chip_error_code>2648</chip_error_code><lenovo_error_code>-412648</lenovo_error_code><disc_eng>LTE APC TESTER CHANGE UL FREQUENCY FAILED</disc_eng><disc_chs>err_comport_fail</disc_chs><value>.\log</value><helpdoc>..\doc\</helpdoc><prompt></prompt></item>
      <item><enable>1</enable><upload>1</upload><chip_error_code>2649</chip_error_code><lenovo_error_code>-412649</lenovo_error_code><disc_eng>LTE APC PARSE CONFIG FAILED</disc_eng><disc_chs>err_comport_fail</disc_chs><value>.\log</value><helpdoc>..\doc\</helpdoc><prompt></prompt></item>
      <item><enable>1</enable><upload>1</upload><chip_error_code>2650</chip_error_code><lenovo_error_code>-412650</lenovo_error_code><disc_eng>LTE APC GET TPC TABLE INDEX ERROR</disc_eng><disc_chs>err_comport_fail</disc_chs><value>.\log</value><helpdoc>..\doc\</helpdoc><prompt></prompt></item>
      <item><enable>1</enable><upload>1</upload><chip_error_code>2651</chip_error_code><lenovo_error_code>-412651</lenovo_error_code><disc_eng>LTE APC GET TEMP INFO FAILED</disc_eng><disc_chs>err_comport_fail</disc_chs><value>.\log</value><helpdoc>..\doc\</helpdoc><prompt></prompt></item>
      <item><enable>1</enable><upload>1</upload><chip_error_code>2688</chip_error_code><lenovo_error_code>-412688</lenovo_error_code><disc_eng>LTE FHC START</disc_eng><disc_chs>err_comport_fail</disc_chs><value>.\log</value><helpdoc>..\doc\</helpdoc><prompt></prompt></item>
      <item><enable>1</enable><upload>1</upload><chip_error_code>2689</chip_error_code><lenovo_error_code>-412689</lenovo_error_code><disc_eng>LTE FHC DONE</disc_eng><disc_chs>err_comport_fail</disc_chs><value>.\log</value><helpdoc>..\doc\</helpdoc><prompt></prompt></item>
      <item><enable>1</enable><upload>1</upload><chip_error_code>2690</chip_error_code><lenovo_error_code>-412690</lenovo_error_code><disc_eng>LTE FHC AGC PARSE CONFIG FAILED</disc_eng><disc_chs>err_comport_fail</disc_chs><value>.\log</value><helpdoc>..\doc\</helpdoc><prompt></prompt></item>
      <item><enable>1</enable><upload>1</upload><chip_error_code>2691</chip_error_code><lenovo_error_code>-412691</lenovo_error_code><disc_eng>LTE FHC APC PARSE CONFIG FAILED</disc_eng><disc_chs>err_comport_fail</disc_chs><value>.\log</value><helpdoc>..\doc\</helpdoc><prompt></prompt></item>
      <item><enable>1</enable><upload>1</upload><chip_error_code>2692</chip_error_code><lenovo_error_code>-412692</lenovo_error_code><disc_eng>LTE TESTER SETTING PRESETTING FAILED</disc_eng><disc_chs>err_comport_fail</disc_chs><value>.\log</value><helpdoc>..\doc\</helpdoc><prompt></prompt></item>
      <item><enable>1</enable><upload>1</upload><chip_error_code>2693</chip_error_code><lenovo_error_code>-412693</lenovo_error_code><disc_eng>LTE FHC AGC WRITE INIT VALUE FAILED</disc_eng><disc_chs>err_comport_fail</disc_chs><value>.\log</value><helpdoc>..\doc\</helpdoc><prompt></prompt></item>
      <item><enable>1</enable><upload>1</upload><chip_error_code>2694</chip_error_code><lenovo_error_code>-412694</lenovo_error_code><disc_eng>LTE FHC APC WRITE INIT VALUE FAILED</disc_eng><disc_chs>err_comport_fail</disc_chs><value>.\log</value><helpdoc>..\doc\</helpdoc><prompt></prompt></item>
      <item><enable>1</enable><upload>1</upload><chip_error_code>2695</chip_error_code><lenovo_error_code>-412695</lenovo_error_code><disc_eng>LTE FHC AGC WRITE CAL DATA FAILED</disc_eng><disc_chs>err_comport_fail</disc_chs><value>.\log</value><helpdoc>..\doc\</helpdoc><prompt></prompt></item>
      <item><enable>1</enable><upload>1</upload><chip_error_code>2696</chip_error_code><lenovo_error_code>-412696</lenovo_error_code><disc_eng>LTE FHC APC WRITE CAL DATA FAILED</disc_eng><disc_chs>err_comport_fail</disc_chs><value>.\log</value><helpdoc>..\doc\</helpdoc><prompt></prompt></item>
      <item><enable>1</enable><upload>1</upload><chip_error_code>2697</chip_error_code><lenovo_error_code>-412697</lenovo_error_code><disc_eng>LTE FHC AGC CHECK FAILED</disc_eng><disc_chs>err_comport_fail</disc_chs><value>.\log</value><helpdoc>..\doc\</helpdoc><prompt></prompt></item>
      <item><enable>1</enable><upload>1</upload><chip_error_code>2698</chip_error_code><lenovo_error_code>-412698</lenovo_error_code><disc_eng>LTE FHC APC CHECK FAILED</disc_eng><disc_chs>err_comport_fail</disc_chs><value>.\log</value><helpdoc>..\doc\</helpdoc><prompt></prompt></item>
      <item><enable>1</enable><upload>1</upload><chip_error_code>2699</chip_error_code><lenovo_error_code>-412699</lenovo_error_code><disc_eng>LTE FHC START FAILED</disc_eng><disc_chs>err_comport_fail</disc_chs><value>.\log</value><helpdoc>..\doc\</helpdoc><prompt></prompt></item>
      <item><enable>1</enable><upload>1</upload><chip_error_code>2700</chip_error_code><lenovo_error_code>-412700</lenovo_error_code><disc_eng>LTE FHC AGC EVALUATE FAILED</disc_eng><disc_chs>err_comport_fail</disc_chs><value>.\log</value><helpdoc>..\doc\</helpdoc><prompt></prompt></item>
      <item><enable>1</enable><upload>1</upload><chip_error_code>2701</chip_error_code><lenovo_error_code>-412701</lenovo_error_code><disc_eng>LTE FHC AGC LNA MODE MISMATCH</disc_eng><disc_chs>err_comport_fail</disc_chs><value>.\log</value><helpdoc>..\doc\</helpdoc><prompt></prompt></item>
      <item><enable>1</enable><upload>1</upload><chip_error_code>2752</chip_error_code><lenovo_error_code>-412752</lenovo_error_code><disc_eng>LTE TADC START</disc_eng><disc_chs>err_comport_fail</disc_chs><value>.\log</value><helpdoc>..\doc\</helpdoc><prompt></prompt></item>
      <item><enable>1</enable><upload>1</upload><chip_error_code>2753</chip_error_code><lenovo_error_code>-412753</lenovo_error_code><disc_eng>LTE TADC MEASURE FAILED</disc_eng><disc_chs>err_comport_fail</disc_chs><value>.\log</value><helpdoc>..\doc\</helpdoc><prompt></prompt></item>
      <item><enable>1</enable><upload>1</upload><chip_error_code>2754</chip_error_code><lenovo_error_code>-412754</lenovo_error_code><disc_eng>LTE TADC GET NVRAM RECORD LENGTH FAILED</disc_eng><disc_chs>err_comport_fail</disc_chs><value>.\log</value><helpdoc>..\doc\</helpdoc><prompt></prompt></item>
      <item><enable>1</enable><upload>1</upload><chip_error_code>2755</chip_error_code><lenovo_error_code>-412755</lenovo_error_code><disc_eng>LTE TADC COMPOSE NVRAM FAILED</disc_eng><disc_chs>err_comport_fail</disc_chs><value>.\log</value><helpdoc>..\doc\</helpdoc><prompt></prompt></item>
      <item><enable>1</enable><upload>1</upload><chip_error_code>2756</chip_error_code><lenovo_error_code>-412756</lenovo_error_code><disc_eng>LTE TADC WRITE NVRAM INITIAL VALUE FAILED</disc_eng><disc_chs>err_comport_fail</disc_chs><value>.\log</value><helpdoc>..\doc\</helpdoc><prompt></prompt></item>
      <item><enable>1</enable><upload>1</upload><chip_error_code>2757</chip_error_code><lenovo_error_code>-412757</lenovo_error_code><disc_eng>LTE TADC WRITE NVRAM CAL DATA FAILED</disc_eng><disc_chs>err_comport_fail</disc_chs><value>.\log</value><helpdoc>..\doc\</helpdoc><prompt></prompt></item>
      <item><enable>1</enable><upload>1</upload><chip_error_code>2758</chip_error_code><lenovo_error_code>-412758</lenovo_error_code><disc_eng>LTE TADC INVALID CURRENT TEMPERATURE</disc_eng><disc_chs>err_comport_fail</disc_chs><value>.\log</value><helpdoc>..\doc\</helpdoc><prompt></prompt></item>
      <item><enable>1</enable><upload>1</upload><chip_error_code>2759</chip_error_code><lenovo_error_code>-412759</lenovo_error_code><disc_eng>LTE TADC CHECK START</disc_eng><disc_chs>err_comport_fail</disc_chs><value>.\log</value><helpdoc>..\doc\</helpdoc><prompt></prompt></item>
      <item><enable>1</enable><upload>1</upload><chip_error_code>2760</chip_error_code><lenovo_error_code>-412760</lenovo_error_code><disc_eng>LTE TADC CHECK FAILED</disc_eng><disc_chs>err_comport_fail</disc_chs><value>.\log</value><helpdoc>..\doc\</helpdoc><prompt></prompt></item>
      <item><enable>1</enable><upload>1</upload><chip_error_code>2761</chip_error_code><lenovo_error_code>-412761</lenovo_error_code><disc_eng>LTE TADC DONE</disc_eng><disc_chs>err_comport_fail</disc_chs><value>.\log</value><helpdoc>..\doc\</helpdoc><prompt></prompt></item>
      <item><enable>1</enable><upload>1</upload><chip_error_code>2762</chip_error_code><lenovo_error_code>-412762</lenovo_error_code><disc_eng>LTE TADC PARSE CONFIG FAILED</disc_eng><disc_chs>err_comport_fail</disc_chs><value>.\log</value><helpdoc>..\doc\</helpdoc><prompt></prompt></item>
      <item><enable>1</enable><upload>1</upload><chip_error_code>2763</chip_error_code><lenovo_error_code>-412763</lenovo_error_code><disc_eng>LTE TADC PARSE INI FAILED</disc_eng><disc_chs>err_comport_fail</disc_chs><value>.\log</value><helpdoc>..\doc\</helpdoc><prompt></prompt></item>
      <item><enable>1</enable><upload>1</upload><chip_error_code>2764</chip_error_code><lenovo_error_code>-412764</lenovo_error_code><disc_eng>LTE TADC INVALID SENSOR STATUS</disc_eng><disc_chs>err_comport_fail</disc_chs><value>.\log</value><helpdoc>..\doc\</helpdoc><prompt></prompt></item>
      <item><enable>1</enable><upload>1</upload><chip_error_code>2816</chip_error_code><lenovo_error_code>-412816</lenovo_error_code><disc_eng>LTE NSFT START</disc_eng><disc_chs>err_comport_fail</disc_chs><value>.\log</value><helpdoc>..\doc\</helpdoc><prompt></prompt></item>
      <item><enable>1</enable><upload>1</upload><chip_error_code>2817</chip_error_code><lenovo_error_code>-412817</lenovo_error_code><disc_eng>LTE NSFT DONE</disc_eng><disc_chs>err_comport_fail</disc_chs><value>.\log</value><helpdoc>..\doc\</helpdoc><prompt></prompt></item>
      <item><enable>1</enable><upload>1</upload><chip_error_code>2818</chip_error_code><lenovo_error_code>-412818</lenovo_error_code><disc_eng>LTE NSFT PARSE CONFIG FAILED</disc_eng><disc_chs>err_comport_fail</disc_chs><value>.\log</value><helpdoc>..\doc\</helpdoc><prompt></prompt></item>
      <item><enable>1</enable><upload>1</upload><chip_error_code>2819</chip_error_code><lenovo_error_code>-412819</lenovo_error_code><disc_eng>LTE NSFT TESTER PRESETTING IN SYNC TEST FAILED</disc_eng><disc_chs>err_comport_fail</disc_chs><value>.\log</value><helpdoc>..\doc\</helpdoc><prompt></prompt></item>
      <item><enable>1</enable><upload>1</upload><chip_error_code>2820</chip_error_code><lenovo_error_code>-412820</lenovo_error_code><disc_eng>LTE NSFT TARGET RX START FAILED</disc_eng><disc_chs>err_comport_fail</disc_chs><value>.\log</value><helpdoc>..\doc\</helpdoc><prompt></prompt></item>
      <item><enable>1</enable><upload>1</upload><chip_error_code>2821</chip_error_code><lenovo_error_code>-412821</lenovo_error_code><disc_eng>LTE NSFT TESTER TESTCASE SETTING IN RX SYNC TEST FAILED</disc_eng><disc_chs>err_comport_fail</disc_chs><value>.\log</value><helpdoc>..\doc\</helpdoc><prompt></prompt></item>
      <item><enable>1</enable><upload>1</upload><chip_error_code>2822</chip_error_code><lenovo_error_code>-412822</lenovo_error_code><disc_eng>LTE NSFT RX TEST FAILED</disc_eng><disc_chs>err_comport_fail</disc_chs><value>.\log</value><helpdoc>..\doc\</helpdoc><prompt></prompt></item>
      <item><enable>1</enable><upload>1</upload><chip_error_code>2823</chip_error_code><lenovo_error_code>-412823</lenovo_error_code><disc_eng>LTE NSFT CHECK FAILED</disc_eng><disc_chs>err_comport_fail</disc_chs><value>.\log</value><helpdoc>..\doc\</helpdoc><prompt></prompt></item>
      <item><enable>1</enable><upload>1</upload><chip_error_code>2824</chip_error_code><lenovo_error_code>-412824</lenovo_error_code><disc_eng>LTE NSFT TARGET TX START FAILED</disc_eng><disc_chs>err_comport_fail</disc_chs><value>.\log</value><helpdoc>..\doc\</helpdoc><prompt></prompt></item>
      <item><enable>1</enable><upload>1</upload><chip_error_code>2880</chip_error_code><lenovo_error_code>-412880</lenovo_error_code><disc_eng>MULTIRAT TADC START</disc_eng><disc_chs>err_comport_fail</disc_chs><value>.\log</value><helpdoc>..\doc\</helpdoc><prompt></prompt></item>
      <item><enable>1</enable><upload>1</upload><chip_error_code>2881</chip_error_code><lenovo_error_code>-412881</lenovo_error_code><disc_eng>MULTIRAT TADC DONE</disc_eng><disc_chs>err_comport_fail</disc_chs><value>.\log</value><helpdoc>..\doc\</helpdoc><prompt></prompt></item>
      <item><enable>1</enable><upload>1</upload><chip_error_code>2882</chip_error_code><lenovo_error_code>-412882</lenovo_error_code><disc_eng>MULTIRAT TADC CAPABILITY INCONSISTENT</disc_eng><disc_chs>err_comport_fail</disc_chs><value>.\log</value><helpdoc>..\doc\</helpdoc><prompt></prompt></item>
      <item><enable>1</enable><upload>1</upload><chip_error_code>2883</chip_error_code><lenovo_error_code>-412883</lenovo_error_code><disc_eng>MULTIRAT TADC ALL RAT CFG INI INCOMPLETE</disc_eng><disc_chs>err_comport_fail</disc_chs><value>.\log</value><helpdoc>..\doc\</helpdoc><prompt></prompt></item>
      <item><enable>1</enable><upload>1</upload><chip_error_code>2944</chip_error_code><lenovo_error_code>-412944</lenovo_error_code><disc_eng>GGE NSFT LIST START</disc_eng><disc_chs>err_comport_fail</disc_chs><value>.\log</value><helpdoc>..\doc\</helpdoc><prompt></prompt></item>
      <item><enable>1</enable><upload>1</upload><chip_error_code>2945</chip_error_code><lenovo_error_code>-412945</lenovo_error_code><disc_eng>GGE NSFT LIST DONE</disc_eng><disc_chs>err_comport_fail</disc_chs><value>.\log</value><helpdoc>..\doc\</helpdoc><prompt></prompt></item>
      <item><enable>1</enable><upload>1</upload><chip_error_code>3008</chip_error_code><lenovo_error_code>-413008</lenovo_error_code><disc_eng>WCDMA LIST MODE NSFT START</disc_eng><disc_chs>err_comport_fail</disc_chs><value>.\log</value><helpdoc>..\doc\</helpdoc><prompt></prompt></item>
      <item><enable>1</enable><upload>1</upload><chip_error_code>3009</chip_error_code><lenovo_error_code>-413009</lenovo_error_code><disc_eng>WCDMA LIST MODE NSFT TARGET START FAILED</disc_eng><disc_chs>err_comport_fail</disc_chs><value>.\log</value><helpdoc>..\doc\</helpdoc><prompt></prompt></item>
      <item><enable>1</enable><upload>1</upload><chip_error_code>3010</chip_error_code><lenovo_error_code>-413010</lenovo_error_code><disc_eng>WCDMA LIST MODE NSFT TARGET STOP FAILED</disc_eng><disc_chs>err_comport_fail</disc_chs><value>.\log</value><helpdoc>..\doc\</helpdoc><prompt></prompt></item>
      <item><enable>1</enable><upload>1</upload><chip_error_code>3011</chip_error_code><lenovo_error_code>-413011</lenovo_error_code><disc_eng>WCDMA LIST MODE NSFT TX MEASURE FAILED</disc_eng><disc_chs>err_comport_fail</disc_chs><value>.\log</value><helpdoc>..\doc\</helpdoc><prompt></prompt></item>
      <item><enable>1</enable><upload>1</upload><chip_error_code>3012</chip_error_code><lenovo_error_code>-413012</lenovo_error_code><disc_eng>WCDMA LIST MODE NSFT BER MEASURE FAILED</disc_eng><disc_chs>err_comport_fail</disc_chs><value>.\log</value><helpdoc>..\doc\</helpdoc><prompt></prompt></item>
      <item><enable>1</enable><upload>1</upload><chip_error_code>3013</chip_error_code><lenovo_error_code>-413013</lenovo_error_code><disc_eng>WCDMA LIST MODE NSFT CHECK FAILED</disc_eng><disc_chs>err_comport_fail</disc_chs><value>.\log</value><helpdoc>..\doc\</helpdoc><prompt></prompt></item>
      <item><enable>1</enable><upload>1</upload><chip_error_code>3014</chip_error_code><lenovo_error_code>-413014</lenovo_error_code><disc_eng>WCDMA LIST MODE NSFT DONE</disc_eng><disc_chs>err_comport_fail</disc_chs><value>.\log</value><helpdoc>..\doc\</helpdoc><prompt></prompt></item>
      <item><enable>1</enable><upload>1</upload><chip_error_code>3015</chip_error_code><lenovo_error_code>-413015</lenovo_error_code><disc_eng>WCDMA LIST MODE NSFT CONFIG DUT TPC ALGO FAILED</disc_eng><disc_chs>err_comport_fail</disc_chs><value>.\log</value><helpdoc>..\doc\</helpdoc><prompt></prompt></item>
      <item><enable>1</enable><upload>1</upload><chip_error_code>3016</chip_error_code><lenovo_error_code>-413016</lenovo_error_code><disc_eng>WCDMA LIST MODE NSFT TX TEST MAX POWER FAILED</disc_eng><disc_chs>err_comport_fail</disc_chs><value>.\log</value><helpdoc>..\doc\</helpdoc><prompt></prompt></item>
      <item><enable>1</enable><upload>1</upload><chip_error_code>3017</chip_error_code><lenovo_error_code>-413017</lenovo_error_code><disc_eng>WCDMA LIST MODE NSFT TX TEST MIN POWER FAILED</disc_eng><disc_chs>err_comport_fail</disc_chs><value>.\log</value><helpdoc>..\doc\</helpdoc><prompt></prompt></item>
      <item><enable>1</enable><upload>1</upload><chip_error_code>3018</chip_error_code><lenovo_error_code>-413018</lenovo_error_code><disc_eng>WCDMA LIST MODE NSFT TX TEST ILPC FAILED</disc_eng><disc_chs>err_comport_fail</disc_chs><value>.\log</value><helpdoc>..\doc\</helpdoc><prompt></prompt></item>
      <item><enable>1</enable><upload>1</upload><chip_error_code>3019</chip_error_code><lenovo_error_code>-413019</lenovo_error_code><disc_eng>WCDMA LIST MODE NSFT BER TEST FAILED</disc_eng><disc_chs>err_comport_fail</disc_chs><value>.\log</value><helpdoc>..\doc\</helpdoc><prompt></prompt></item>
      <item><enable>1</enable><upload>1</upload><chip_error_code>3020</chip_error_code><lenovo_error_code>-413020</lenovo_error_code><disc_eng>WCDMA LIST MODE NSFT PARSE CONFIG FAILED</disc_eng><disc_chs>err_comport_fail</disc_chs><value>.\log</value><helpdoc>..\doc\</helpdoc><prompt></prompt></item>
      <item><enable>1</enable><upload>1</upload><chip_error_code>3021</chip_error_code><lenovo_error_code>-413021</lenovo_error_code><disc_eng>WCDMA LIST MODE NSFT TESTER PRESETTING FAILED</disc_eng><disc_chs>err_comport_fail</disc_chs><value>.\log</value><helpdoc>..\doc\</helpdoc><prompt></prompt></item>
      <item><enable>1</enable><upload>1</upload><chip_error_code>3022</chip_error_code><lenovo_error_code>-413022</lenovo_error_code><disc_eng>WCDMA LIST MODE NSFT NOT SUPPORTED BAND</disc_eng><disc_chs>err_comport_fail</disc_chs><value>.\log</value><helpdoc>..\doc\</helpdoc><prompt></prompt></item>
      <item><enable>1</enable><upload>1</upload><chip_error_code>3023</chip_error_code><lenovo_error_code>-413023</lenovo_error_code><disc_eng>WCDMA LIST MODE NSFT TESTER SETTING IN SYNC TEST FAILED</disc_eng><disc_chs>err_comport_fail</disc_chs><value>.\log</value><helpdoc>..\doc\</helpdoc><prompt></prompt></item>
      <item><enable>1</enable><upload>1</upload><chip_error_code>3024</chip_error_code><lenovo_error_code>-413024</lenovo_error_code><disc_eng>WCDMA LIST MODE NSFT TARGET START SYNC CS FAILED</disc_eng><disc_chs>err_comport_fail</disc_chs><value>.\log</value><helpdoc>..\doc\</helpdoc><prompt></prompt></item>
      <item><enable>1</enable><upload>1</upload><chip_error_code>3025</chip_error_code><lenovo_error_code>-413025</lenovo_error_code><disc_eng>WCDMA LIST MODE NSFT TARGET START SYNC SFN FAILED</disc_eng><disc_chs>err_comport_fail</disc_chs><value>.\log</value><helpdoc>..\doc\</helpdoc><prompt></prompt></item>
      <item><enable>1</enable><upload>1</upload><chip_error_code>3072</chip_error_code><lenovo_error_code>-413072</lenovo_error_code><disc_eng>TDSCDMA NSFT LIST START</disc_eng><disc_chs>err_comport_fail</disc_chs><value>.\log</value><helpdoc>..\doc\</helpdoc><prompt></prompt></item>
      <item><enable>1</enable><upload>1</upload><chip_error_code>3073</chip_error_code><lenovo_error_code>-413073</lenovo_error_code><disc_eng>TDSCDMA NSFT LIST DONE</disc_eng><disc_chs>err_comport_fail</disc_chs><value>.\log</value><helpdoc>..\doc\</helpdoc><prompt></prompt></item>
      <item><enable>1</enable><upload>1</upload><chip_error_code>3136</chip_error_code><lenovo_error_code>-413136</lenovo_error_code><disc_eng>LTE PATH TEST START</disc_eng><disc_chs>err_comport_fail</disc_chs><value>.\log</value><helpdoc>..\doc\</helpdoc><prompt></prompt></item>
      <item><enable>1</enable><upload>1</upload><chip_error_code>3137</chip_error_code><lenovo_error_code>-413137</lenovo_error_code><disc_eng>LTE PATH TEST DONE</disc_eng><disc_chs>err_comport_fail</disc_chs><value>.\log</value><helpdoc>..\doc\</helpdoc><prompt></prompt></item>
      <item><enable>1</enable><upload>1</upload><chip_error_code>3138</chip_error_code><lenovo_error_code>-413138</lenovo_error_code><disc_eng>LTE PATH TEST TESTER PRESETTING FAILED</disc_eng><disc_chs>err_comport_fail</disc_chs><value>.\log</value><helpdoc>..\doc\</helpdoc><prompt></prompt></item>
      <item><enable>1</enable><upload>1</upload><chip_error_code>3139</chip_error_code><lenovo_error_code>-413139</lenovo_error_code><disc_eng>LTE PATH TEST TESTER CHANGE BAND FAILED</disc_eng><disc_chs>err_comport_fail</disc_chs><value>.\log</value><helpdoc>..\doc\</helpdoc><prompt></prompt></item>
      <item><enable>1</enable><upload>1</upload><chip_error_code>3140</chip_error_code><lenovo_error_code>-413140</lenovo_error_code><disc_eng>LTE PATH TEST DUT CHANGE BAND FAILED</disc_eng><disc_chs>err_comport_fail</disc_chs><value>.\log</value><helpdoc>..\doc\</helpdoc><prompt></prompt></item>
      <item><enable>1</enable><upload>1</upload><chip_error_code>3141</chip_error_code><lenovo_error_code>-413141</lenovo_error_code><disc_eng>LTE PATH TEST DUT TX FAILED</disc_eng><disc_chs>err_comport_fail</disc_chs><value>.\log</value><helpdoc>..\doc\</helpdoc><prompt></prompt></item>
      <item><enable>1</enable><upload>1</upload><chip_error_code>3142</chip_error_code><lenovo_error_code>-413142</lenovo_error_code><disc_eng>LTE PATH TEST FETCH TX MEASUREMENT FAILED</disc_eng><disc_chs>err_comport_fail</disc_chs><value>.\log</value><helpdoc>..\doc\</helpdoc><prompt></prompt></item>
      <item><enable>1</enable><upload>1</upload><chip_error_code>3143</chip_error_code><lenovo_error_code>-413143</lenovo_error_code><disc_eng>LTE PATH TEST POWER CHECK FAILED</disc_eng><disc_chs>err_comport_fail</disc_chs><value>.\log</value><helpdoc>..\doc\</helpdoc><prompt></prompt></item>
      <item><enable>1</enable><upload>1</upload><chip_error_code>3200</chip_error_code><lenovo_error_code>-413200</lenovo_error_code><disc_eng>LTE ETM START</disc_eng><disc_chs>err_comport_fail</disc_chs><value>.\log</value><helpdoc>..\doc\</helpdoc><prompt></prompt></item>
      <item><enable>1</enable><upload>1</upload><chip_error_code>3201</chip_error_code><lenovo_error_code>-413201</lenovo_error_code><disc_eng>LTE ETM DONE</disc_eng><disc_chs>err_comport_fail</disc_chs><value>.\log</value><helpdoc>..\doc\</helpdoc><prompt></prompt></item>
      <item><enable>1</enable><upload>1</upload><chip_error_code>3202</chip_error_code><lenovo_error_code>-413202</lenovo_error_code><disc_eng>LTE ETM CALIBRATION FAILED</disc_eng><disc_chs>err_comport_fail</disc_chs><value>.\log</value><helpdoc>..\doc\</helpdoc><prompt></prompt></item>
      <item><enable>1</enable><upload>1</upload><chip_error_code>3008</chip_error_code><lenovo_error_code>-413008</lenovo_error_code><disc_eng>WCDMA LIST MODE NSFT START</disc_eng><disc_chs>err_comport_fail</disc_chs><value>.\log</value><helpdoc>..\doc\</helpdoc><prompt></prompt></item>
      <item><enable>1</enable><upload>1</upload><chip_error_code>3009</chip_error_code><lenovo_error_code>-413009</lenovo_error_code><disc_eng>WCDMA LIST MODE NSFT TARGET START FAILED</disc_eng><disc_chs>err_comport_fail</disc_chs><value>.\log</value><helpdoc>..\doc\</helpdoc><prompt></prompt></item>
      <item><enable>1</enable><upload>1</upload><chip_error_code>3010</chip_error_code><lenovo_error_code>-413010</lenovo_error_code><disc_eng>WCDMA LIST MODE NSFT TARGET STOP FAILED</disc_eng><disc_chs>err_comport_fail</disc_chs><value>.\log</value><helpdoc>..\doc\</helpdoc><prompt></prompt></item>
      <item><enable>1</enable><upload>1</upload><chip_error_code>3011</chip_error_code><lenovo_error_code>-413011</lenovo_error_code><disc_eng>WCDMA LIST MODE NSFT TX MEASURE FAILED</disc_eng><disc_chs>err_comport_fail</disc_chs><value>.\log</value><helpdoc>..\doc\</helpdoc><prompt></prompt></item>
      <item><enable>1</enable><upload>1</upload><chip_error_code>3012</chip_error_code><lenovo_error_code>-413012</lenovo_error_code><disc_eng>WCDMA LIST MODE NSFT BER MEASURE FAILED</disc_eng><disc_chs>err_comport_fail</disc_chs><value>.\log</value><helpdoc>..\doc\</helpdoc><prompt></prompt></item>
      <item><enable>1</enable><upload>1</upload><chip_error_code>3013</chip_error_code><lenovo_error_code>-413013</lenovo_error_code><disc_eng>WCDMA LIST MODE NSFT CHECK FAILED</disc_eng><disc_chs>err_comport_fail</disc_chs><value>.\log</value><helpdoc>..\doc\</helpdoc><prompt></prompt></item>
      <item><enable>1</enable><upload>1</upload><chip_error_code>3014</chip_error_code><lenovo_error_code>-413014</lenovo_error_code><disc_eng>WCDMA LIST MODE NSFT DONE</disc_eng><disc_chs>err_comport_fail</disc_chs><value>.\log</value><helpdoc>..\doc\</helpdoc><prompt></prompt></item>
      <item><enable>1</enable><upload>1</upload><chip_error_code>3015</chip_error_code><lenovo_error_code>-413015</lenovo_error_code><disc_eng>WCDMA LIST MODE NSFT CONFIG DUT TPC ALGO FAILED</disc_eng><disc_chs>err_comport_fail</disc_chs><value>.\log</value><helpdoc>..\doc\</helpdoc><prompt></prompt></item>
      <item><enable>1</enable><upload>1</upload><chip_error_code>3016</chip_error_code><lenovo_error_code>-413016</lenovo_error_code><disc_eng>WCDMA LIST MODE NSFT TX TEST MAX POWER FAILED</disc_eng><disc_chs>err_comport_fail</disc_chs><value>.\log</value><helpdoc>..\doc\</helpdoc><prompt></prompt></item>
      <item><enable>1</enable><upload>1</upload><chip_error_code>3017</chip_error_code><lenovo_error_code>-413017</lenovo_error_code><disc_eng>WCDMA LIST MODE NSFT TX TEST MIN POWER FAILED</disc_eng><disc_chs>err_comport_fail</disc_chs><value>.\log</value><helpdoc>..\doc\</helpdoc><prompt></prompt></item>
      <item><enable>1</enable><upload>1</upload><chip_error_code>3018</chip_error_code><lenovo_error_code>-413018</lenovo_error_code><disc_eng>WCDMA LIST MODE NSFT TX TEST ILPC FAILED</disc_eng><disc_chs>err_comport_fail</disc_chs><value>.\log</value><helpdoc>..\doc\</helpdoc><prompt></prompt></item>
      <item><enable>1</enable><upload>1</upload><chip_error_code>3019</chip_error_code><lenovo_error_code>-413019</lenovo_error_code><disc_eng>WCDMA LIST MODE NSFT BER TEST FAILED</disc_eng><disc_chs>err_comport_fail</disc_chs><value>.\log</value><helpdoc>..\doc\</helpdoc><prompt></prompt></item>
      <item><enable>1</enable><upload>1</upload><chip_error_code>3020</chip_error_code><lenovo_error_code>-413020</lenovo_error_code><disc_eng>WCDMA LIST MODE NSFT PARSE CONFIG FAILED</disc_eng><disc_chs>err_comport_fail</disc_chs><value>.\log</value><helpdoc>..\doc\</helpdoc><prompt></prompt></item>
      <item><enable>1</enable><upload>1</upload><chip_error_code>3021</chip_error_code><lenovo_error_code>-413021</lenovo_error_code><disc_eng>WCDMA LIST MODE NSFT TESTER PRESETTING FAILED</disc_eng><disc_chs>err_comport_fail</disc_chs><value>.\log</value><helpdoc>..\doc\</helpdoc><prompt></prompt></item>
      <item><enable>1</enable><upload>1</upload><chip_error_code>3022</chip_error_code><lenovo_error_code>-413022</lenovo_error_code><disc_eng>WCDMA LIST MODE NSFT NOT SUPPORTED BAND</disc_eng><disc_chs>err_comport_fail</disc_chs><value>.\log</value><helpdoc>..\doc\</helpdoc><prompt></prompt></item>
      <item><enable>1</enable><upload>1</upload><chip_error_code>3023</chip_error_code><lenovo_error_code>-413023</lenovo_error_code><disc_eng>WCDMA LIST MODE NSFT TESTER SETTING IN SYNC TEST FAILED</disc_eng><disc_chs>err_comport_fail</disc_chs><value>.\log</value><helpdoc>..\doc\</helpdoc><prompt></prompt></item>
      <item><enable>1</enable><upload>1</upload><chip_error_code>3024</chip_error_code><lenovo_error_code>-413024</lenovo_error_code><disc_eng>WCDMA LIST MODE NSFT TARGET START SYNC CS FAILED</disc_eng><disc_chs>err_comport_fail</disc_chs><value>.\log</value><helpdoc>..\doc\</helpdoc><prompt></prompt></item>
      <item><enable>1</enable><upload>1</upload><chip_error_code>3025</chip_error_code><lenovo_error_code>-413025</lenovo_error_code><disc_eng>WCDMA LIST MODE NSFT TARGET START SYNC SFN FAILED</disc_eng><disc_chs>err_comport_fail</disc_chs><value>.\log</value><helpdoc>..\doc\</helpdoc><prompt></prompt></item>
      <item><enable>1</enable><upload>1</upload><chip_error_code>3072</chip_error_code><lenovo_error_code>-413072</lenovo_error_code><disc_eng>TDSCDMA NSFT LIST START</disc_eng><disc_chs>err_comport_fail</disc_chs><value>.\log</value><helpdoc>..\doc\</helpdoc><prompt></prompt></item>
      <item><enable>1</enable><upload>1</upload><chip_error_code>3073</chip_error_code><lenovo_error_code>-413073</lenovo_error_code><disc_eng>TDSCDMA NSFT LIST DONE</disc_eng><disc_chs>err_comport_fail</disc_chs><value>.\log</value><helpdoc>..\doc\</helpdoc><prompt></prompt></item>
      <item><enable>1</enable><upload>1</upload><chip_error_code>3136</chip_error_code><lenovo_error_code>-413136</lenovo_error_code><disc_eng>LTE PATH TEST START</disc_eng><disc_chs>err_comport_fail</disc_chs><value>.\log</value><helpdoc>..\doc\</helpdoc><prompt></prompt></item>
      <item><enable>1</enable><upload>1</upload><chip_error_code>3137</chip_error_code><lenovo_error_code>-413137</lenovo_error_code><disc_eng>LTE PATH TEST DONE</disc_eng><disc_chs>err_comport_fail</disc_chs><value>.\log</value><helpdoc>..\doc\</helpdoc><prompt></prompt></item>
      <item><enable>1</enable><upload>1</upload><chip_error_code>3138</chip_error_code><lenovo_error_code>-413138</lenovo_error_code><disc_eng>LTE PATH TEST TESTER PRESETTING FAILED</disc_eng><disc_chs>err_comport_fail</disc_chs><value>.\log</value><helpdoc>..\doc\</helpdoc><prompt></prompt></item>
      <item><enable>1</enable><upload>1</upload><chip_error_code>3139</chip_error_code><lenovo_error_code>-413139</lenovo_error_code><disc_eng>LTE PATH TEST TESTER CHANGE BAND FAILED</disc_eng><disc_chs>err_comport_fail</disc_chs><value>.\log</value><helpdoc>..\doc\</helpdoc><prompt></prompt></item>
      <item><enable>1</enable><upload>1</upload><chip_error_code>3140</chip_error_code><lenovo_error_code>-413140</lenovo_error_code><disc_eng>LTE PATH TEST DUT CHANGE BAND FAILED</disc_eng><disc_chs>err_comport_fail</disc_chs><value>.\log</value><helpdoc>..\doc\</helpdoc><prompt></prompt></item>
      <item><enable>1</enable><upload>1</upload><chip_error_code>3141</chip_error_code><lenovo_error_code>-413141</lenovo_error_code><disc_eng>LTE PATH TEST DUT TX FAILED</disc_eng><disc_chs>err_comport_fail</disc_chs><value>.\log</value><helpdoc>..\doc\</helpdoc><prompt></prompt></item>
      <item><enable>1</enable><upload>1</upload><chip_error_code>3142</chip_error_code><lenovo_error_code>-413142</lenovo_error_code><disc_eng>LTE PATH TEST FETCH TX MEASUREMENT FAILED</disc_eng><disc_chs>err_comport_fail</disc_chs><value>.\log</value><helpdoc>..\doc\</helpdoc><prompt></prompt></item>
      <item><enable>1</enable><upload>1</upload><chip_error_code>3143</chip_error_code><lenovo_error_code>-413143</lenovo_error_code><disc_eng>LTE PATH TEST POWER CHECK FAILED</disc_eng><disc_chs>err_comport_fail</disc_chs><value>.\log</value><helpdoc>..\doc\</helpdoc><prompt></prompt></item>
      <item><enable>1</enable><upload>1</upload><chip_error_code>3200</chip_error_code><lenovo_error_code>-413200</lenovo_error_code><disc_eng>LTE ETM START</disc_eng><disc_chs>err_comport_fail</disc_chs><value>.\log</value><helpdoc>..\doc\</helpdoc><prompt></prompt></item>
      <item><enable>1</enable><upload>1</upload><chip_error_code>3201</chip_error_code><lenovo_error_code>-413201</lenovo_error_code><disc_eng>LTE ETM DONE</disc_eng><disc_chs>err_comport_fail</disc_chs><value>.\log</value><helpdoc>..\doc\</helpdoc><prompt></prompt></item>
      <item><enable>1</enable><upload>1</upload><chip_error_code>3202</chip_error_code><lenovo_error_code>-413202</lenovo_error_code><disc_eng>LTE ETM CALIBRATION FAILED</disc_eng><disc_chs>err_comport_fail</disc_chs><value>.\log</value><helpdoc>..\doc\</helpdoc><prompt></prompt></item>
      <item><enable>1</enable><upload>1</upload><chip_error_code>3264</chip_error_code><lenovo_error_code>-413264</lenovo_error_code><disc_eng>LTE CAP ID start</disc_eng><disc_chs>err_comport_fail</disc_chs><value>.\log</value><helpdoc>..\doc\</helpdoc><prompt></prompt></item>
      <item><enable>1</enable><upload>1</upload><chip_error_code>3265</chip_error_code><lenovo_error_code>-413265</lenovo_error_code><disc_eng>LTE CAP ID DONE</disc_eng><disc_chs>err_comport_fail</disc_chs><value>.\log</value><helpdoc>..\doc\</helpdoc><prompt></prompt></item>
      <item><enable>1</enable><upload>1</upload><chip_error_code>3266</chip_error_code><lenovo_error_code>-413266</lenovo_error_code><disc_eng>LTE CAP ID CHECK FAILED</disc_eng><disc_chs>err_comport_fail</disc_chs><value>.\log</value><helpdoc>..\doc\</helpdoc><prompt></prompt></item>
      <item><enable>1</enable><upload>1</upload><chip_error_code>3267</chip_error_code><lenovo_error_code>-413267</lenovo_error_code><disc_eng>LTE CAP ID SET CAPID FAILED</disc_eng><disc_chs>err_comport_fail</disc_chs><value>.\log</value><helpdoc>..\doc\</helpdoc><prompt></prompt></item>
      <item><enable>1</enable><upload>1</upload><chip_error_code>3268</chip_error_code><lenovo_error_code>-413268</lenovo_error_code><disc_eng>LTE CAP ID GET AFC DATA FAILED</disc_eng><disc_chs>err_comport_fail</disc_chs><value>.\log</value><helpdoc>..\doc\</helpdoc><prompt></prompt></item>
      <item><enable>1</enable><upload>1</upload><chip_error_code>3269</chip_error_code><lenovo_error_code>-413269</lenovo_error_code><disc_eng>LTE CAP ID VALUE CHECK FAILED</disc_eng><disc_chs>err_comport_fail</disc_chs><value>.\log</value><helpdoc>..\doc\</helpdoc><prompt></prompt></item>
      <item><enable>1</enable><upload>1</upload><chip_error_code>4000</chip_error_code><lenovo_error_code>-414000</lenovo_error_code><disc_eng>SET C2K POWER CONTROL MODE FAILED</disc_eng><disc_chs>err_comport_fail</disc_chs><value>.\log</value><helpdoc>..\doc\</helpdoc><prompt></prompt></item>
      <item><enable>1</enable><upload>1</upload><chip_error_code>4001</chip_error_code><lenovo_error_code>-414001</lenovo_error_code><disc_eng>C2K PS POWER FAILED</disc_eng><disc_chs>err_comport_fail</disc_chs><value>.\log</value><helpdoc>..\doc\</helpdoc><prompt></prompt></item>
      <item><enable>1</enable><upload>1</upload><chip_error_code>4002</chip_error_code><lenovo_error_code>-414002</lenovo_error_code><disc_eng>C2K GET CAPABILITY FAILED</disc_eng><disc_chs>err_comport_fail</disc_chs><value>.\log</value><helpdoc>..\doc\</helpdoc><prompt></prompt></item>
      <item><enable>1</enable><upload>1</upload><chip_error_code>4003</chip_error_code><lenovo_error_code>-414003</lenovo_error_code><disc_eng>SET C2K PA DRIFT COMPENSATION FAILED</disc_eng><disc_chs>err_comport_fail</disc_chs><value>.\log</value><helpdoc>..\doc\</helpdoc><prompt></prompt></item>
      <item><enable>1</enable><upload>1</upload><chip_error_code>4004</chip_error_code><lenovo_error_code>-414004</lenovo_error_code><disc_eng>C2K TADC start</disc_eng><disc_chs>err_comport_fail</disc_chs><value>.\log</value><helpdoc>..\doc\</helpdoc><prompt></prompt></item>
      <item><enable>1</enable><upload>1</upload><chip_error_code>4005</chip_error_code><lenovo_error_code>-414005</lenovo_error_code><disc_eng>C2K TADC MEASURE FAILED</disc_eng><disc_chs>err_comport_fail</disc_chs><value>.\log</value><helpdoc>..\doc\</helpdoc><prompt></prompt></item>
      <item><enable>1</enable><upload>1</upload><chip_error_code>4006</chip_error_code><lenovo_error_code>-414006</lenovo_error_code><disc_eng>C2K TADC GET NVRAM RECORD LENGTH FAILED</disc_eng><disc_chs>err_comport_fail</disc_chs><value>.\log</value><helpdoc>..\doc\</helpdoc><prompt></prompt></item>
      <item><enable>1</enable><upload>1</upload><chip_error_code>4007</chip_error_code><lenovo_error_code>-414007</lenovo_error_code><disc_eng>C2K TADC COMPOSE NVRAM FAILED</disc_eng><disc_chs>err_comport_fail</disc_chs><value>.\log</value><helpdoc>..\doc\</helpdoc><prompt></prompt></item>
      <item><enable>1</enable><upload>1</upload><chip_error_code>4008</chip_error_code><lenovo_error_code>-414008</lenovo_error_code><disc_eng>C2K TADC WRITE NVRAM INITIAL VALUE FAILED</disc_eng><disc_chs>err_comport_fail</disc_chs><value>.\log</value><helpdoc>..\doc\</helpdoc><prompt></prompt></item>
      <item><enable>1</enable><upload>1</upload><chip_error_code>4009</chip_error_code><lenovo_error_code>-414009</lenovo_error_code><disc_eng>C2K TADC WRITE NVRAM CAL DATA FAILED</disc_eng><disc_chs>err_comport_fail</disc_chs><value>.\log</value><helpdoc>..\doc\</helpdoc><prompt></prompt></item>
      <item><enable>1</enable><upload>1</upload><chip_error_code>4010</chip_error_code><lenovo_error_code>-414010</lenovo_error_code><disc_eng>C2K TADC INVALID CURRENT TEMPERATURE</disc_eng><disc_chs>err_comport_fail</disc_chs><value>.\log</value><helpdoc>..\doc\</helpdoc><prompt></prompt></item>
      <item><enable>1</enable><upload>1</upload><chip_error_code>4011</chip_error_code><lenovo_error_code>-414011</lenovo_error_code><disc_eng>C2K TADC CHECK start</disc_eng><disc_chs>err_comport_fail</disc_chs><value>.\log</value><helpdoc>..\doc\</helpdoc><prompt></prompt></item>
      <item><enable>1</enable><upload>1</upload><chip_error_code>4012</chip_error_code><lenovo_error_code>-414012</lenovo_error_code><disc_eng>C2K TADC CHECK FAILED</disc_eng><disc_chs>err_comport_fail</disc_chs><value>.\log</value><helpdoc>..\doc\</helpdoc><prompt></prompt></item>
      <item><enable>1</enable><upload>1</upload><chip_error_code>4013</chip_error_code><lenovo_error_code>-414013</lenovo_error_code><disc_eng>C2K TADC DONE</disc_eng><disc_chs>err_comport_fail</disc_chs><value>.\log</value><helpdoc>..\doc\</helpdoc><prompt></prompt></item>
      <item><enable>1</enable><upload>1</upload><chip_error_code>4014</chip_error_code><lenovo_error_code>-414014</lenovo_error_code><disc_eng>C2K TADC PARSE CONFIG FAILED</disc_eng><disc_chs>err_comport_fail</disc_chs><value>.\log</value><helpdoc>..\doc\</helpdoc><prompt></prompt></item>
      <item><enable>1</enable><upload>1</upload><chip_error_code>4015</chip_error_code><lenovo_error_code>-414015</lenovo_error_code><disc_eng>C2K AFC start</disc_eng><disc_chs>err_comport_fail</disc_chs><value>.\log</value><helpdoc>..\doc\</helpdoc><prompt></prompt></item>
      <item><enable>1</enable><upload>1</upload><chip_error_code>4016</chip_error_code><lenovo_error_code>-414016</lenovo_error_code><disc_eng>C2K AFC TX FAILED</disc_eng><disc_chs>err_comport_fail</disc_chs><value>.\log</value><helpdoc>..\doc\</helpdoc><prompt></prompt></item>
      <item><enable>1</enable><upload>1</upload><chip_error_code>4017</chip_error_code><lenovo_error_code>-414017</lenovo_error_code><disc_eng>C2K AFC CONFIG FAILED</disc_eng><disc_chs>err_comport_fail</disc_chs><value>.\log</value><helpdoc>..\doc\</helpdoc><prompt></prompt></item>
      <item><enable>1</enable><upload>1</upload><chip_error_code>4018</chip_error_code><lenovo_error_code>-414018</lenovo_error_code><disc_eng>C2K AFC CHECK FAILED</disc_eng><disc_chs>err_comport_fail</disc_chs><value>.\log</value><helpdoc>..\doc\</helpdoc><prompt></prompt></item>
      <item><enable>1</enable><upload>1</upload><chip_error_code>4019</chip_error_code><lenovo_error_code>-414019</lenovo_error_code><disc_eng>C2K AFC DONE</disc_eng><disc_chs>err_comport_fail</disc_chs><value>.\log</value><helpdoc>..\doc\</helpdoc><prompt></prompt></item>
      <item><enable>1</enable><upload>1</upload><chip_error_code>4020</chip_error_code><lenovo_error_code>-414020</lenovo_error_code><disc_eng>C2K AGC start</disc_eng><disc_chs>err_comport_fail</disc_chs><value>.\log</value><helpdoc>..\doc\</helpdoc><prompt></prompt></item>
      <item><enable>1</enable><upload>1</upload><chip_error_code>4021</chip_error_code><lenovo_error_code>-414021</lenovo_error_code><disc_eng>C2K AGC CHECK start</disc_eng><disc_chs>err_comport_fail</disc_chs><value>.\log</value><helpdoc>..\doc\</helpdoc><prompt></prompt></item>
      <item><enable>1</enable><upload>1</upload><chip_error_code>4022</chip_error_code><lenovo_error_code>-414022</lenovo_error_code><disc_eng>C2K AGC DONE</disc_eng><disc_chs>err_comport_fail</disc_chs><value>.\log</value><helpdoc>..\doc\</helpdoc><prompt></prompt></item>
      <item><enable>1</enable><upload>1</upload><chip_error_code>4023</chip_error_code><lenovo_error_code>-414023</lenovo_error_code><disc_eng>C2K AGC MEASURE FAILED</disc_eng><disc_chs>err_comport_fail</disc_chs><value>.\log</value><helpdoc>..\doc\</helpdoc><prompt></prompt></item>
      <item><enable>1</enable><upload>1</upload><chip_error_code>4024</chip_error_code><lenovo_error_code>-414024</lenovo_error_code><disc_eng>C2K AGC CHECK DIGI GAIN FAILED</disc_eng><disc_chs>err_comport_fail</disc_chs><value>.\log</value><helpdoc>..\doc\</helpdoc><prompt></prompt></item>
      <item><enable>1</enable><upload>1</upload><chip_error_code>4025</chip_error_code><lenovo_error_code>-414025</lenovo_error_code><disc_eng>C2K AGC CHECK GAIN STEP DELTA FAILED</disc_eng><disc_chs>err_comport_fail</disc_chs><value>.\log</value><helpdoc>..\doc\</helpdoc><prompt></prompt></item>
      <item><enable>1</enable><upload>1</upload><chip_error_code>4026</chip_error_code><lenovo_error_code>-414026</lenovo_error_code><disc_eng>C2K AGC CHECK SUBBAND COMPENSATION FAILED</disc_eng><disc_chs>err_comport_fail</disc_chs><value>.\log</value><helpdoc>..\doc\</helpdoc><prompt></prompt></item>
      <item><enable>1</enable><upload>1</upload><chip_error_code>4027</chip_error_code><lenovo_error_code>-414027</lenovo_error_code><disc_eng>C2K AGC CHECK LNA MODE FAILED</disc_eng><disc_chs>err_comport_fail</disc_chs><value>.\log</value><helpdoc>..\doc\</helpdoc><prompt></prompt></item>
      <item><enable>1</enable><upload>1</upload><chip_error_code>4028</chip_error_code><lenovo_error_code>-414028</lenovo_error_code><disc_eng>C2K AGC WRITE INIT VALUE FAILED</disc_eng><disc_chs>err_comport_fail</disc_chs><value>.\log</value><helpdoc>..\doc\</helpdoc><prompt></prompt></item>
      <item><enable>1</enable><upload>1</upload><chip_error_code>4029</chip_error_code><lenovo_error_code>-414029</lenovo_error_code><disc_eng>C2K AGC WRITE CAL DATA FAILED</disc_eng><disc_chs>err_comport_fail</disc_chs><value>.\log</value><helpdoc>..\doc\</helpdoc><prompt></prompt></item>
      <item><enable>1</enable><upload>1</upload><chip_error_code>4030</chip_error_code><lenovo_error_code>-414030</lenovo_error_code><disc_eng>C2K AGC PARSE CONFIG FAILED</disc_eng><disc_chs>err_comport_fail</disc_chs><value>.\log</value><helpdoc>..\doc\</helpdoc><prompt></prompt></item>
      <item><enable>1</enable><upload>1</upload><chip_error_code>4031</chip_error_code><lenovo_error_code>-414031</lenovo_error_code><disc_eng>C2K AGC TESTER PRESETTING FAILED</disc_eng><disc_chs>err_comport_fail</disc_chs><value>.\log</value><helpdoc>..\doc\</helpdoc><prompt></prompt></item>
      <item><enable>1</enable><upload>1</upload><chip_error_code>4032</chip_error_code><lenovo_error_code>-414032</lenovo_error_code><disc_eng>C2K AGC TESTER CHANGE BAND FAILED</disc_eng><disc_chs>err_comport_fail</disc_chs><value>.\log</value><helpdoc>..\doc\</helpdoc><prompt></prompt></item>
      <item><enable>1</enable><upload>1</upload><chip_error_code>4033</chip_error_code><lenovo_error_code>-414033</lenovo_error_code><disc_eng>C2K AGC TESTER CHANGE CHANNEL FAILED</disc_eng><disc_chs>err_comport_fail</disc_chs><value>.\log</value><helpdoc>..\doc\</helpdoc><prompt></prompt></item>
      <item><enable>1</enable><upload>1</upload><chip_error_code>4034</chip_error_code><lenovo_error_code>-414034</lenovo_error_code><disc_eng>C2K AGC TESTER CHANGE POWER FAILED</disc_eng><disc_chs>err_comport_fail</disc_chs><value>.\log</value><helpdoc>..\doc\</helpdoc><prompt></prompt></item>
      <item><enable>1</enable><upload>1</upload><chip_error_code>4035</chip_error_code><lenovo_error_code>-414035</lenovo_error_code><disc_eng>C2K AGC RECEIVER CTRL FAILED</disc_eng><disc_chs>err_comport_fail</disc_chs><value>.\log</value><helpdoc>..\doc\</helpdoc><prompt></prompt></item>
      <item><enable>1</enable><upload>1</upload><chip_error_code>4036</chip_error_code><lenovo_error_code>-414036</lenovo_error_code><disc_eng>C2K AGC SET GAIN STATE FAILED</disc_eng><disc_chs>err_comport_fail</disc_chs><value>.\log</value><helpdoc>..\doc\</helpdoc><prompt></prompt></item>
      <item><enable>1</enable><upload>1</upload><chip_error_code>4037</chip_error_code><lenovo_error_code>-414037</lenovo_error_code><disc_eng>C2K AGC SET ANTENNA PATH FAILED</disc_eng><disc_chs>err_comport_fail</disc_chs><value>.\log</value><helpdoc>..\doc\</helpdoc><prompt></prompt></item>
      <item><enable>1</enable><upload>1</upload><chip_error_code>4038</chip_error_code><lenovo_error_code>-414038</lenovo_error_code><disc_eng>C2K APC start</disc_eng><disc_chs>err_comport_fail</disc_chs><value>.\log</value><helpdoc>..\doc\</helpdoc><prompt></prompt></item>
      <item><enable>1</enable><upload>1</upload><chip_error_code>4039</chip_error_code><lenovo_error_code>-414039</lenovo_error_code><disc_eng>C2K APC CHECK start</disc_eng><disc_chs>err_comport_fail</disc_chs><value>.\log</value><helpdoc>..\doc\</helpdoc><prompt></prompt></item>
      <item><enable>1</enable><upload>1</upload><chip_error_code>4040</chip_error_code><lenovo_error_code>-414040</lenovo_error_code><disc_eng>C2K APC DONE</disc_eng><disc_chs>err_comport_fail</disc_chs><value>.\log</value><helpdoc>..\doc\</helpdoc><prompt></prompt></item>
      <item><enable>1</enable><upload>1</upload><chip_error_code>4041</chip_error_code><lenovo_error_code>-414041</lenovo_error_code><disc_eng>C2K APC COUPLER LOSS OUT OF RANGE</disc_eng><disc_chs>err_comport_fail</disc_chs><value>.\log</value><helpdoc>..\doc\</helpdoc><prompt></prompt></item>
      <item><enable>1</enable><upload>1</upload><chip_error_code>4042</chip_error_code><lenovo_error_code>-414042</lenovo_error_code><disc_eng>C2K APC PA GAIN PING PONG DETECTED</disc_eng><disc_chs>err_comport_fail</disc_chs><value>.\log</value><helpdoc>..\doc\</helpdoc><prompt></prompt></item>
      <item><enable>1</enable><upload>1</upload><chip_error_code>4043</chip_error_code><lenovo_error_code>-414043</lenovo_error_code><disc_eng>C2K APC PA GAIN CAL EXCEEDS MAX ITERATION</disc_eng><disc_chs>err_comport_fail</disc_chs><value>.\log</value><helpdoc>..\doc\</helpdoc><prompt></prompt></item>
      <item><enable>1</enable><upload>1</upload><chip_error_code>4044</chip_error_code><lenovo_error_code>-414044</lenovo_error_code><disc_eng>C2K APC PA SUBBAND COMPENSATION OUT OF RANGE</disc_eng><disc_chs>err_comport_fail</disc_chs><value>.\log</value><helpdoc>..\doc\</helpdoc><prompt></prompt></item>
      <item><enable>1</enable><upload>1</upload><chip_error_code>4045</chip_error_code><lenovo_error_code>-414045</lenovo_error_code><disc_eng>C2K APC COUPLER SUBBAND COMPENSATION OUT OF RANGE</disc_eng><disc_chs>err_comport_fail</disc_chs><value>.\log</value><helpdoc>..\doc\</helpdoc><prompt></prompt></item>
      <item><enable>1</enable><upload>1</upload><chip_error_code>4046</chip_error_code><lenovo_error_code>-414046</lenovo_error_code><disc_eng>C2K APC SET PA OCT LEVEL CONTROL TO TARGET FAILED</disc_eng><disc_chs>err_comport_fail</disc_chs><value>.\log</value><helpdoc>..\doc\</helpdoc><prompt></prompt></item>
      <item><enable>1</enable><upload>1</upload><chip_error_code>4047</chip_error_code><lenovo_error_code>-414047</lenovo_error_code><disc_eng>C2K APC SET COMPENSATION TO TARGET FAILED</disc_eng><disc_chs>err_comport_fail</disc_chs><value>.\log</value><helpdoc>..\doc\</helpdoc><prompt></prompt></item>
      <item><enable>1</enable><upload>1</upload><chip_error_code>4048</chip_error_code><lenovo_error_code>-414048</lenovo_error_code><disc_eng>C2K APC DETECTOR MEASUREMENT FAILED</disc_eng><disc_chs>err_comport_fail</disc_chs><value>.\log</value><helpdoc>..\doc\</helpdoc><prompt></prompt></item>
      <item><enable>1</enable><upload>1</upload><chip_error_code>4049</chip_error_code><lenovo_error_code>-414049</lenovo_error_code><disc_eng>C2K APC DUT TX FAILED</disc_eng><disc_chs>err_comport_fail</disc_chs><value>.\log</value><helpdoc>..\doc\</helpdoc><prompt></prompt></item>
      <item><enable>1</enable><upload>1</upload><chip_error_code>4050</chip_error_code><lenovo_error_code>-414050</lenovo_error_code><disc_eng>C2K APC PA GAIN CHECK FAILED</disc_eng><disc_chs>err_comport_fail</disc_chs><value>.\log</value><helpdoc>..\doc\</helpdoc><prompt></prompt></item>
      <item><enable>1</enable><upload>1</upload><chip_error_code>4051</chip_error_code><lenovo_error_code>-414051</lenovo_error_code><disc_eng>C2K APC COUPLER LOSS CHECK FAILED</disc_eng><disc_chs>err_comport_fail</disc_chs><value>.\log</value><helpdoc>..\doc\</helpdoc><prompt></prompt></item>
      <item><enable>1</enable><upload>1</upload><chip_error_code>4052</chip_error_code><lenovo_error_code>-414052</lenovo_error_code><disc_eng>C2K APC PA SUBBAND COMPENSATION CHECK FAILED</disc_eng><disc_chs>err_comport_fail</disc_chs><value>.\log</value><helpdoc>..\doc\</helpdoc><prompt></prompt></item>
      <item><enable>1</enable><upload>1</upload><chip_error_code>4053</chip_error_code><lenovo_error_code>-414053</lenovo_error_code><disc_eng>C2K APC COUPLER LOSS SUBBAND COMPENSATION CHECK FAILED</disc_eng><disc_chs>err_comport_fail</disc_chs><value>.\log</value><helpdoc>..\doc\</helpdoc><prompt></prompt></item>
      <item><enable>1</enable><upload>1</upload><chip_error_code>4054</chip_error_code><lenovo_error_code>-414054</lenovo_error_code><disc_eng>C2K APC INIT TX MEASUREMENT FAILED</disc_eng><disc_chs>err_comport_fail</disc_chs><value>.\log</value><helpdoc>..\doc\</helpdoc><prompt></prompt></item>
      <item><enable>1</enable><upload>1</upload><chip_error_code>4055</chip_error_code><lenovo_error_code>-414055</lenovo_error_code><disc_eng>C2K APC FETCH TX MEASUREMENT FAILED</disc_eng><disc_chs>err_comport_fail</disc_chs><value>.\log</value><helpdoc>..\doc\</helpdoc><prompt></prompt></item>
      <item><enable>1</enable><upload>1</upload><chip_error_code>4056</chip_error_code><lenovo_error_code>-414056</lenovo_error_code><disc_eng>C2K APC PA CAL INIT TX MEASUREMENT FAILED</disc_eng><disc_chs>err_comport_fail</disc_chs><value>.\log</value><helpdoc>..\doc\</helpdoc><prompt></prompt></item>
      <item><enable>1</enable><upload>1</upload><chip_error_code>4057</chip_error_code><lenovo_error_code>-414057</lenovo_error_code><disc_eng>C2K APC PA CAL DUT TX FAILED</disc_eng><disc_chs>err_comport_fail</disc_chs><value>.\log</value><helpdoc>..\doc\</helpdoc><prompt></prompt></item>
      <item><enable>1</enable><upload>1</upload><chip_error_code>4058</chip_error_code><lenovo_error_code>-414058</lenovo_error_code><disc_eng>C2K APC PA CAL FETCH TX MEASUREMENT FAILED</disc_eng><disc_chs>err_comport_fail</disc_chs><value>.\log</value><helpdoc>..\doc\</helpdoc><prompt></prompt></item>
      <item><enable>1</enable><upload>1</upload><chip_error_code>4059</chip_error_code><lenovo_error_code>-414059</lenovo_error_code><disc_eng>C2K APC COUPLER LOSS CAL INIT TX MEASUREMENT FAILED</disc_eng><disc_chs>err_comport_fail</disc_chs><value>.\log</value><helpdoc>..\doc\</helpdoc><prompt></prompt></item>
      <item><enable>1</enable><upload>1</upload><chip_error_code>4060</chip_error_code><lenovo_error_code>-414060</lenovo_error_code><disc_eng>C2K APC COUPLER LOSS CAL DUT TX FAILED</disc_eng><disc_chs>err_comport_fail</disc_chs><value>.\log</value><helpdoc>..\doc\</helpdoc><prompt></prompt></item>
      <item><enable>1</enable><upload>1</upload><chip_error_code>4061</chip_error_code><lenovo_error_code>-414061</lenovo_error_code><disc_eng>C2K APC COUPLER LOSS CAL FETCH TX MEASUREMENT FAILED</disc_eng><disc_chs>err_comport_fail</disc_chs><value>.\log</value><helpdoc>..\doc\</helpdoc><prompt></prompt></item>
      <item><enable>1</enable><upload>1</upload><chip_error_code>4062</chip_error_code><lenovo_error_code>-414062</lenovo_error_code><disc_eng>C2K APC SUBBAND CAL INIT TX MEASUREMENT FAILED</disc_eng><disc_chs>err_comport_fail</disc_chs><value>.\log</value><helpdoc>..\doc\</helpdoc><prompt></prompt></item>
      <item><enable>1</enable><upload>1</upload><chip_error_code>4063</chip_error_code><lenovo_error_code>-414063</lenovo_error_code><disc_eng>C2K APC SUBBAND CAL DUT TX FAILED</disc_eng><disc_chs>err_comport_fail</disc_chs><value>.\log</value><helpdoc>..\doc\</helpdoc><prompt></prompt></item>
      <item><enable>1</enable><upload>1</upload><chip_error_code>4064</chip_error_code><lenovo_error_code>-414064</lenovo_error_code><disc_eng>C2K APC SUBBAND CAL FETCH TX MEASUREMENT FAILED</disc_eng><disc_chs>err_comport_fail</disc_chs><value>.\log</value><helpdoc>..\doc\</helpdoc><prompt></prompt></item>
      <item><enable>1</enable><upload>1</upload><chip_error_code>4065</chip_error_code><lenovo_error_code>-414065</lenovo_error_code><disc_eng>C2K APC COUPLER LOSS CAL DETECTOR MEASUREMENT FAILED</disc_eng><disc_chs>err_comport_fail</disc_chs><value>.\log</value><helpdoc>..\doc\</helpdoc><prompt></prompt></item>
      <item><enable>1</enable><upload>1</upload><chip_error_code>4066</chip_error_code><lenovo_error_code>-414066</lenovo_error_code><disc_eng>C2K APC SUBBAND CAL DETECTOR MEASUREMENT FAILED</disc_eng><disc_chs>err_comport_fail</disc_chs><value>.\log</value><helpdoc>..\doc\</helpdoc><prompt></prompt></item>
      <item><enable>1</enable><upload>1</upload><chip_error_code>4067</chip_error_code><lenovo_error_code>-414067</lenovo_error_code><disc_eng>C2K APC WRITE INIT VALUE FAILED</disc_eng><disc_chs>err_comport_fail</disc_chs><value>.\log</value><helpdoc>..\doc\</helpdoc><prompt></prompt></item>
      <item><enable>1</enable><upload>1</upload><chip_error_code>4068</chip_error_code><lenovo_error_code>-414068</lenovo_error_code><disc_eng>C2K APC WRITE CAL DATA FAILED</disc_eng><disc_chs>err_comport_fail</disc_chs><value>.\log</value><helpdoc>..\doc\</helpdoc><prompt></prompt></item>
      <item><enable>1</enable><upload>1</upload><chip_error_code>4069</chip_error_code><lenovo_error_code>-414069</lenovo_error_code><disc_eng>C2K APC PARSE CONFIG FAILED</disc_eng><disc_chs>err_comport_fail</disc_chs><value>.\log</value><helpdoc>..\doc\</helpdoc><prompt></prompt></item>
      <item><enable>1</enable><upload>1</upload><chip_error_code>4070</chip_error_code><lenovo_error_code>-414070</lenovo_error_code><disc_eng>C2K APC TESTER PRESETTING FAILED</disc_eng><disc_chs>err_comport_fail</disc_chs><value>.\log</value><helpdoc>..\doc\</helpdoc><prompt></prompt></item>
      <item><enable>1</enable><upload>1</upload><chip_error_code>4071</chip_error_code><lenovo_error_code>-414071</lenovo_error_code><disc_eng>C2K APC TESTER CHANGE BAND FAILED</disc_eng><disc_chs>err_comport_fail</disc_chs><value>.\log</value><helpdoc>..\doc\</helpdoc><prompt></prompt></item>
      <item><enable>1</enable><upload>1</upload><chip_error_code>4072</chip_error_code><lenovo_error_code>-414072</lenovo_error_code><disc_eng>C2K APC TESTER CHANGE EXPECTED POWER IN PA GAIN CAL FAILED</disc_eng><disc_chs>err_comport_fail</disc_chs><value>.\log</value><helpdoc>..\doc\</helpdoc><prompt></prompt></item>
      <item><enable>1</enable><upload>1</upload><chip_error_code>4073</chip_error_code><lenovo_error_code>-414073</lenovo_error_code><disc_eng>C2K APC TESTER CHANGE EXPECTED POWER IN SUBBAND CAL FAILED</disc_eng><disc_chs>err_comport_fail</disc_chs><value>.\log</value><helpdoc>..\doc\</helpdoc><prompt></prompt></item>
      <item><enable>1</enable><upload>1</upload><chip_error_code>4074</chip_error_code><lenovo_error_code>-414074</lenovo_error_code><disc_eng>C2K APC TESTER CHANGE EXPECTED POWER IN COUPLER LOSS CAL FAILED</disc_eng><disc_chs>err_comport_fail</disc_chs><value>.\log</value><helpdoc>..\doc\</helpdoc><prompt></prompt></item>
      <item><enable>1</enable><upload>1</upload><chip_error_code>4075</chip_error_code><lenovo_error_code>-414075</lenovo_error_code><disc_eng>C2K FHC start</disc_eng><disc_chs>err_comport_fail</disc_chs><value>.\log</value><helpdoc>..\doc\</helpdoc><prompt></prompt></item>
      <item><enable>1</enable><upload>1</upload><chip_error_code>4076</chip_error_code><lenovo_error_code>-414076</lenovo_error_code><disc_eng>C2K FHC START FAILED</disc_eng><disc_chs>err_comport_fail</disc_chs><value>.\log</value><helpdoc>..\doc\</helpdoc><prompt></prompt></item>
      <item><enable>1</enable><upload>1</upload><chip_error_code>4077</chip_error_code><lenovo_error_code>-414077</lenovo_error_code><disc_eng>C2K FHC QUERY FAILED</disc_eng><disc_chs>err_comport_fail</disc_chs><value>.\log</value><helpdoc>..\doc\</helpdoc><prompt></prompt></item>
      <item><enable>1</enable><upload>1</upload><chip_error_code>4078</chip_error_code><lenovo_error_code>-414078</lenovo_error_code><disc_eng>C2K FHC CHECK FAILED</disc_eng><disc_chs>err_comport_fail</disc_chs><value>.\log</value><helpdoc>..\doc\</helpdoc><prompt></prompt></item>
      <item><enable>1</enable><upload>1</upload><chip_error_code>4079</chip_error_code><lenovo_error_code>-414079</lenovo_error_code><disc_eng>C2K FHC DONE</disc_eng><disc_chs>err_comport_fail</disc_chs><value>.\log</value><helpdoc>..\doc\</helpdoc><prompt></prompt></item>
      <item><enable>1</enable><upload>1</upload><chip_error_code>4080</chip_error_code><lenovo_error_code>-414080</lenovo_error_code><disc_eng>C2K FHC AGC CHECK DIGI GAIN FAILED</disc_eng><disc_chs>err_comport_fail</disc_chs><value>.\log</value><helpdoc>..\doc\</helpdoc><prompt></prompt></item>
      <item><enable>1</enable><upload>1</upload><chip_error_code>4081</chip_error_code><lenovo_error_code>-414081</lenovo_error_code><disc_eng>C2K FHC AGC CHECK GAIN STEP DELTA FAILED</disc_eng><disc_chs>err_comport_fail</disc_chs><value>.\log</value><helpdoc>..\doc\</helpdoc><prompt></prompt></item>
      <item><enable>1</enable><upload>1</upload><chip_error_code>4082</chip_error_code><lenovo_error_code>-414082</lenovo_error_code><disc_eng>C2K FHC AGC CHECK SUBBAND COMPENSATION FAILED</disc_eng><disc_chs>err_comport_fail</disc_chs><value>.\log</value><helpdoc>..\doc\</helpdoc><prompt></prompt></item>
      <item><enable>1</enable><upload>1</upload><chip_error_code>4083</chip_error_code><lenovo_error_code>-414083</lenovo_error_code><disc_eng>C2K FHC AGC LNA MODE CHECK FAILED</disc_eng><disc_chs>err_comport_fail</disc_chs><value>.\log</value><helpdoc>..\doc\</helpdoc><prompt></prompt></item>
      <item><enable>1</enable><upload>1</upload><chip_error_code>4084</chip_error_code><lenovo_error_code>-414084</lenovo_error_code><disc_eng>C2K FHC APC PA GAIN CHECK FAILED</disc_eng><disc_chs>err_comport_fail</disc_chs><value>.\log</value><helpdoc>..\doc\</helpdoc><prompt></prompt></item>
      <item><enable>1</enable><upload>1</upload><chip_error_code>4085</chip_error_code><lenovo_error_code>-414085</lenovo_error_code><disc_eng>C2K FHC APC COUPLER LOSS CHECK FAILED</disc_eng><disc_chs>err_comport_fail</disc_chs><value>.\log</value><helpdoc>..\doc\</helpdoc><prompt></prompt></item>
      <item><enable>1</enable><upload>1</upload><chip_error_code>4086</chip_error_code><lenovo_error_code>-414086</lenovo_error_code><disc_eng>C2K FHC APC PA SUBBAND COMPENSATION CHECK FAILED</disc_eng><disc_chs>err_comport_fail</disc_chs><value>.\log</value><helpdoc>..\doc\</helpdoc><prompt></prompt></item>
      <item><enable>1</enable><upload>1</upload><chip_error_code>4087</chip_error_code><lenovo_error_code>-414087</lenovo_error_code><disc_eng>C2K FHC APC COUPLER LOSS SUBBAND COMPENSATION CHECK FAILED</disc_eng><disc_chs>err_comport_fail</disc_chs><value>.\log</value><helpdoc>..\doc\</helpdoc><prompt></prompt></item>
      <item><enable>1</enable><upload>1</upload><chip_error_code>4088</chip_error_code><lenovo_error_code>-414088</lenovo_error_code><disc_eng>C2K FHC AGC WRITE INIT VALUE FAILED</disc_eng><disc_chs>err_comport_fail</disc_chs><value>.\log</value><helpdoc>..\doc\</helpdoc><prompt></prompt></item>
      <item><enable>1</enable><upload>1</upload><chip_error_code>4089</chip_error_code><lenovo_error_code>-414089</lenovo_error_code><disc_eng>C2K FHC APC WRITE INIT VALUE FAILED</disc_eng><disc_chs>err_comport_fail</disc_chs><value>.\log</value><helpdoc>..\doc\</helpdoc><prompt></prompt></item>
      <item><enable>1</enable><upload>1</upload><chip_error_code>4090</chip_error_code><lenovo_error_code>-414090</lenovo_error_code><disc_eng>C2K FHC AGC WRITE CAL DATA FAILED</disc_eng><disc_chs>err_comport_fail</disc_chs><value>.\log</value><helpdoc>..\doc\</helpdoc><prompt></prompt></item>
      <item><enable>1</enable><upload>1</upload><chip_error_code>4091</chip_error_code><lenovo_error_code>-414091</lenovo_error_code><disc_eng>C2K FHC APC WRITE CAL DATA FAILED</disc_eng><disc_chs>err_comport_fail</disc_chs><value>.\log</value><helpdoc>..\doc\</helpdoc><prompt></prompt></item>
      <item><enable>1</enable><upload>1</upload><chip_error_code>4092</chip_error_code><lenovo_error_code>-414092</lenovo_error_code><disc_eng>C2K FHC AGC PARSE CONFIG FAILED</disc_eng><disc_chs>err_comport_fail</disc_chs><value>.\log</value><helpdoc>..\doc\</helpdoc><prompt></prompt></item>
      <item><enable>1</enable><upload>1</upload><chip_error_code>4093</chip_error_code><lenovo_error_code>-414093</lenovo_error_code><disc_eng>C2K FHC APC PARSE CONFIG FAILED</disc_eng><disc_chs></disc_chs><value>.\log</value><helpdoc>..\doc\</helpdoc><prompt></prompt></item>
      <item><enable>1</enable><upload>1</upload><chip_error_code>4094</chip_error_code><lenovo_error_code>-414094</lenovo_error_code><disc_eng>C2K FHC PARSE CONFIG FAILED</disc_eng><disc_chs>err_comport_fail</disc_chs><value>.\log</value><helpdoc>..\doc\</helpdoc><prompt></prompt></item>
      <item><enable>1</enable><upload>1</upload><chip_error_code>4095</chip_error_code><lenovo_error_code>-414095</lenovo_error_code><disc_eng>C2K FHC TESTER PRESETTING FAILED</disc_eng><disc_chs>err_comport_fail</disc_chs><value>.\log</value><helpdoc>..\doc\</helpdoc><prompt></prompt></item>
      <item><enable>1</enable><upload>1</upload><chip_error_code>4096</chip_error_code><lenovo_error_code>-414096</lenovo_error_code><disc_eng>C2K NSFT start</disc_eng><disc_chs>err_comport_fail</disc_chs><value>.\log</value><helpdoc>..\doc\</helpdoc><prompt></prompt></item>
      <item><enable>1</enable><upload>1</upload><chip_error_code>4097</chip_error_code><lenovo_error_code>-414097</lenovo_error_code><disc_eng>C2K NSFT TARGET START FAILED</disc_eng><disc_chs>err_comport_fail</disc_chs><value>.\log</value><helpdoc>..\doc\</helpdoc><prompt></prompt></item>
      <item><enable>1</enable><upload>1</upload><chip_error_code>4098</chip_error_code><lenovo_error_code>-414098</lenovo_error_code><disc_eng>C2K NSFT TARGET STOP FAILED</disc_eng><disc_chs>err_comport_fail</disc_chs><value>.\log</value><helpdoc>..\doc\</helpdoc><prompt></prompt></item>
      <item><enable>1</enable><upload>1</upload><chip_error_code>4099</chip_error_code><lenovo_error_code>-414099</lenovo_error_code><disc_eng>C2K NSFT TX MEASURE FAILED</disc_eng><disc_chs>err_comport_fail</disc_chs><value>.\log</value><helpdoc>..\doc\</helpdoc><prompt></prompt></item>
      <item><enable>1</enable><upload>1</upload><chip_error_code>4100</chip_error_code><lenovo_error_code>-414100</lenovo_error_code><disc_eng>C2K NSFT FER MEASURE FAILED</disc_eng><disc_chs>err_comport_fail</disc_chs><value>.\log</value><helpdoc>..\doc\</helpdoc><prompt></prompt></item>
      <item><enable>1</enable><upload>1</upload><chip_error_code>4101</chip_error_code><lenovo_error_code>-414101</lenovo_error_code><disc_eng>C2K NSFT CHECK FAILED</disc_eng><disc_chs>err_comport_fail</disc_chs><value>.\log</value><helpdoc>..\doc\</helpdoc><prompt></prompt></item>
      <item><enable>1</enable><upload>1</upload><chip_error_code>4102</chip_error_code><lenovo_error_code>-414102</lenovo_error_code><disc_eng>C2K NSFT DONE</disc_eng><disc_chs>err_comport_fail</disc_chs><value>.\log</value><helpdoc>..\doc\</helpdoc><prompt></prompt></item>
      <item><enable>1</enable><upload>1</upload><chip_error_code>4103</chip_error_code><lenovo_error_code>-414103</lenovo_error_code><disc_eng>C2K NSFT CONFIG DUT TPC FAILED</disc_eng><disc_chs>err_comport_fail</disc_chs><value>.\log</value><helpdoc>..\doc\</helpdoc><prompt></prompt></item>
      <item><enable>1</enable><upload>1</upload><chip_error_code>4104</chip_error_code><lenovo_error_code>-414104</lenovo_error_code><disc_eng>C2K NSFT TX TEST MAX POWER FAILED</disc_eng><disc_chs>err_comport_fail</disc_chs><value>.\log</value><helpdoc>..\doc\</helpdoc><prompt></prompt></item>
      <item><enable>1</enable><upload>1</upload><chip_error_code>4105</chip_error_code><lenovo_error_code>-414105</lenovo_error_code><disc_eng>C2K NSFT TX TEST MIN POWER FAILED</disc_eng><disc_chs>err_comport_fail</disc_chs><value>.\log</value><helpdoc>..\doc\</helpdoc><prompt></prompt></item>
      <item><enable>1</enable><upload>1</upload><chip_error_code>4106</chip_error_code><lenovo_error_code>-414106</lenovo_error_code><disc_eng>C2K NSFT TX TEST ILPC FAILED</disc_eng><disc_chs>err_comport_fail</disc_chs><value>.\log</value><helpdoc>..\doc\</helpdoc><prompt></prompt></item>
      <item><enable>1</enable><upload>1</upload><chip_error_code>4107</chip_error_code><lenovo_error_code>-414107</lenovo_error_code><disc_eng>C2K NSFT FER TEST FAILED</disc_eng><disc_chs>err_comport_fail</disc_chs><value>.\log</value><helpdoc>..\doc\</helpdoc><prompt></prompt></item>
      <item><enable>1</enable><upload>1</upload><chip_error_code>4108</chip_error_code><lenovo_error_code>-414108</lenovo_error_code><disc_eng>C2K NSFT POWER UP FAILED</disc_eng><disc_chs>err_comport_fail</disc_chs><value>.\log</value><helpdoc>..\doc\</helpdoc><prompt></prompt></item>
      <item><enable>1</enable><upload>1</upload><chip_error_code>4109</chip_error_code><lenovo_error_code>-414109</lenovo_error_code><disc_eng>C2K NSFT DUT OPEN LOOP POWER TEST FAILED</disc_eng><disc_chs>err_comport_fail</disc_chs><value>.\log</value><helpdoc>..\doc\</helpdoc><prompt></prompt></item>
      <item><enable>1</enable><upload>1</upload><chip_error_code>4110</chip_error_code><lenovo_error_code>-414110</lenovo_error_code><disc_eng>C2K NSFT PARSE CONFIG FAILED</disc_eng><disc_chs>err_comport_fail</disc_chs><value>.\log</value><helpdoc>..\doc\</helpdoc><prompt></prompt></item>
      <item><enable>1</enable><upload>1</upload><chip_error_code>4111</chip_error_code><lenovo_error_code>-414111</lenovo_error_code><disc_eng>C2K NSFT TESTER PRESETTING IN SYNC TEST FAILED</disc_eng><disc_chs>err_comport_fail</disc_chs><value>.\log</value><helpdoc>..\doc\</helpdoc><prompt></prompt></item>
      <item><enable>1</enable><upload>1</upload><chip_error_code>4112</chip_error_code><lenovo_error_code>-414112</lenovo_error_code><disc_eng>C2K NSFT TESTER PRESETTING IN APP TEST FAILED</disc_eng><disc_chs>err_comport_fail</disc_chs><value>.\log</value><helpdoc>..\doc\</helpdoc><prompt></prompt></item>
      <item><enable>1</enable><upload>1</upload><chip_error_code>4113</chip_error_code><lenovo_error_code>-414113</lenovo_error_code><disc_eng>C2K NSFT TESTER TESTCASE SETTING IN SYNC TEST FAILED</disc_eng><disc_chs>err_comport_fail</disc_chs><value>.\log</value><helpdoc>..\doc\</helpdoc><prompt></prompt></item>
      <item><enable>1</enable><upload>1</upload><chip_error_code>4114</chip_error_code><lenovo_error_code>-414114</lenovo_error_code><disc_eng>C2K NSFT TESTER TESTCASE SETTING IN APP TEST FAILED</disc_eng><disc_chs>err_comport_fail</disc_chs><value>.\log</value><helpdoc>..\doc\</helpdoc><prompt></prompt></item>
      <item><enable>1</enable><upload>1</upload><chip_error_code>4115</chip_error_code><lenovo_error_code>-414115</lenovo_error_code><disc_eng>C2K NSFT NOT SUPPORTED BAND</disc_eng><disc_chs>err_comport_fail</disc_chs><value>.\log</value><helpdoc>..\doc\</helpdoc><prompt></prompt></item>
      <item><enable>1</enable><upload>1</upload><chip_error_code>4116</chip_error_code><lenovo_error_code>-414116</lenovo_error_code><disc_eng>C2K DCXO AFC start</disc_eng><disc_chs>err_comport_fail</disc_chs><value>.\log</value><helpdoc>..\doc\</helpdoc><prompt></prompt></item>
      <item><enable>1</enable><upload>1</upload><chip_error_code>4117</chip_error_code><lenovo_error_code>-414117</lenovo_error_code><disc_eng>C2K DCXO AFC DONE</disc_eng><disc_chs>err_comport_fail</disc_chs><value>.\log</value><helpdoc>..\doc\</helpdoc><prompt></prompt></item>
      <item><enable>1</enable><upload>1</upload><chip_error_code>4118</chip_error_code><lenovo_error_code>-414118</lenovo_error_code><disc_eng>C2K DCXO AFC CHECK FAILED</disc_eng><disc_chs>err_comport_fail</disc_chs><value>.\log</value><helpdoc>..\doc\</helpdoc><prompt></prompt></item>
      <item><enable>1</enable><upload>1</upload><chip_error_code>4119</chip_error_code><lenovo_error_code>-414119</lenovo_error_code><disc_eng>C2K DCXO AFC TX FAILED</disc_eng><disc_chs>err_comport_fail</disc_chs><value>.\log</value><helpdoc>..\doc\</helpdoc><prompt></prompt></item>
      <item><enable>1</enable><upload>1</upload><chip_error_code>4120</chip_error_code><lenovo_error_code>-414120</lenovo_error_code><disc_eng>C2K DCXO AFC GET MAX CAPID FAILED</disc_eng><disc_chs>err_comport_fail</disc_chs><value>.\log</value><helpdoc>..\doc\</helpdoc><prompt></prompt></item>
      <item><enable>1</enable><upload>1</upload><chip_error_code>4121</chip_error_code><lenovo_error_code>-414121</lenovo_error_code><disc_eng>C2K DCXO AFC BINARY SEARCH FAILED</disc_eng><disc_chs>err_comport_fail</disc_chs><value>.\log</value><helpdoc>..\doc\</helpdoc><prompt></prompt></item>
      <item><enable>1</enable><upload>1</upload><chip_error_code>4122</chip_error_code><lenovo_error_code>-414122</lenovo_error_code><disc_eng>C2K DCXO AFC SET CAPID FAILED</disc_eng><disc_chs>err_comport_fail</disc_chs><value>.\log</value><helpdoc>..\doc\</helpdoc><prompt></prompt></item>
      <item><enable>1</enable><upload>1</upload><chip_error_code>4123</chip_error_code><lenovo_error_code>-414123</lenovo_error_code><disc_eng>C2K COMMON start</disc_eng><disc_chs>err_comport_fail</disc_chs><value>.\log</value><helpdoc>..\doc\</helpdoc><prompt></prompt></item>
      <item><enable>1</enable><upload>1</upload><chip_error_code>4124</chip_error_code><lenovo_error_code>-414124</lenovo_error_code><disc_eng>C2K COMMON DONE</disc_eng><disc_chs>err_comport_fail</disc_chs><value>.\log</value><helpdoc>..\doc\</helpdoc><prompt></prompt></item>
      <item><enable>1</enable><upload>1</upload><chip_error_code>4125</chip_error_code><lenovo_error_code>-414125</lenovo_error_code><disc_eng>C2K COMMON WRITE CAL DATA FAILED</disc_eng><disc_chs>err_comport_fail</disc_chs><value>.\log</value><helpdoc>..\doc\</helpdoc><prompt></prompt></item>
      <item><enable>1</enable><upload>1</upload><chip_error_code>4126</chip_error_code><lenovo_error_code>-414126</lenovo_error_code><disc_eng>C2K CLEAR RF NVRAM FAILED</disc_eng><disc_chs>err_comport_fail</disc_chs><value>.\log</value><helpdoc>..\doc\</helpdoc><prompt></prompt></item>
      <item><enable>1</enable><upload>1</upload><chip_error_code>4127</chip_error_code><lenovo_error_code>-414127</lenovo_error_code><disc_eng>C2K FLUSH NVRAM FAILED</disc_eng><disc_chs>err_comport_fail</disc_chs><value>.\log</value><helpdoc>..\doc\</helpdoc><prompt></prompt></item>
      <item><enable>1</enable><upload>1</upload><chip_error_code>4128</chip_error_code><lenovo_error_code>-414128</lenovo_error_code><disc_eng>C2K CAL INIT NVRAM FAILED</disc_eng><disc_chs>err_comport_fail</disc_chs><value>.\log</value><helpdoc>..\doc\</helpdoc><prompt></prompt></item>
      <item><enable>1</enable><upload>1</upload><chip_error_code>4131</chip_error_code><lenovo_error_code>-414131</lenovo_error_code><disc_eng>C2K LIST MODE NSFT start</disc_eng><disc_chs>err_comport_fail</disc_chs><value>.\log</value><helpdoc>..\doc\</helpdoc><prompt></prompt></item>
      <item><enable>1</enable><upload>1</upload><chip_error_code>4132</chip_error_code><lenovo_error_code>-414132</lenovo_error_code><disc_eng>C2K LIST MODE NSFT TARGET START FAILED</disc_eng><disc_chs>err_comport_fail</disc_chs><value>.\log</value><helpdoc>..\doc\</helpdoc><prompt></prompt></item>
      <item><enable>1</enable><upload>1</upload><chip_error_code>4133</chip_error_code><lenovo_error_code>-414133</lenovo_error_code><disc_eng>C2K LIST MODE NSFT TARGET STOP FAILED</disc_eng><disc_chs>err_comport_fail</disc_chs><value>.\log</value><helpdoc>..\doc\</helpdoc><prompt></prompt></item>
      <item><enable>1</enable><upload>1</upload><chip_error_code>4134</chip_error_code><lenovo_error_code>-414134</lenovo_error_code><disc_eng>C2K LIST MODE NSFT TX MEASURE FAILED</disc_eng><disc_chs>err_comport_fail</disc_chs><value>.\log</value><helpdoc>..\doc\</helpdoc><prompt></prompt></item>
      <item><enable>1</enable><upload>1</upload><chip_error_code>4135</chip_error_code><lenovo_error_code>-414135</lenovo_error_code><disc_eng>C2K LIST MODE NSFT FER MEASURE FAILED</disc_eng><disc_chs>err_comport_fail</disc_chs><value>.\log</value><helpdoc>..\doc\</helpdoc><prompt></prompt></item>
      <item><enable>1</enable><upload>1</upload><chip_error_code>4136</chip_error_code><lenovo_error_code>-414136</lenovo_error_code><disc_eng>C2K LIST MODE NSFT CHECK FAILED</disc_eng><disc_chs>err_comport_fail</disc_chs><value>.\log</value><helpdoc>..\doc\</helpdoc><prompt></prompt></item>
      <item><enable>1</enable><upload>1</upload><chip_error_code>4137</chip_error_code><lenovo_error_code>-414137</lenovo_error_code><disc_eng>C2K LIST MODE NSFT DONE</disc_eng><disc_chs>err_comport_fail</disc_chs><value>.\log</value><helpdoc>..\doc\</helpdoc><prompt></prompt></item>
      <item><enable>1</enable><upload>1</upload><chip_error_code>4138</chip_error_code><lenovo_error_code>-414138</lenovo_error_code><disc_eng>C2K LIST MODE NSFT TX TEST MAX POWER FAILED</disc_eng><disc_chs>err_comport_fail</disc_chs><value>.\log</value><helpdoc>..\doc\</helpdoc><prompt></prompt></item>
      <item><enable>1</enable><upload>1</upload><chip_error_code>4139</chip_error_code><lenovo_error_code>-414139</lenovo_error_code><disc_eng>C2K LIST MODE NSFT TX TEST MIN POWER FAILED</disc_eng><disc_chs>err_comport_fail</disc_chs><value>.\log</value><helpdoc>..\doc\</helpdoc><prompt></prompt></item>
      <item><enable>1</enable><upload>1</upload><chip_error_code>4140</chip_error_code><lenovo_error_code>-414140</lenovo_error_code><disc_eng>C2K LIST MODE NSFT FER TEST FAILED</disc_eng><disc_chs>err_comport_fail</disc_chs><value>.\log</value><helpdoc>..\doc\</helpdoc><prompt></prompt></item>
      <item><enable>1</enable><upload>1</upload><chip_error_code>4141</chip_error_code><lenovo_error_code>-414141</lenovo_error_code><disc_eng>C2K LIST MODE NSFT PARSE CONFIG FAILED</disc_eng><disc_chs>err_comport_fail</disc_chs><value>.\log</value><helpdoc>..\doc\</helpdoc><prompt></prompt></item>
      <item><enable>1</enable><upload>1</upload><chip_error_code>4142</chip_error_code><lenovo_error_code>-414142</lenovo_error_code><disc_eng>C2K LIST MODE NSFT TESTER PRESETTING FAILED</disc_eng><disc_chs>err_comport_fail</disc_chs><value>.\log</value><helpdoc>..\doc\</helpdoc><prompt></prompt></item>
      <item><enable>1</enable><upload>1</upload><chip_error_code>4143</chip_error_code><lenovo_error_code>-414143</lenovo_error_code><disc_eng>C2K LIST MODE NSFT TESTER SETTING IN SYNC TEST FAILED</disc_eng><disc_chs>err_comport_fail</disc_chs><value>.\log</value><helpdoc>..\doc\</helpdoc><prompt></prompt></item>
      <item><enable>1</enable><upload>1</upload><chip_error_code>9001</chip_error_code><lenovo_error_code>-419001</lenovo_error_code><disc_eng>RF Stop failed: (Possibly non-recoverable error occurred)</disc_eng><disc_chs>测试出现异常而中断</disc_chs><value>.\log</value><helpdoc>..\doc\</helpdoc><prompt></prompt></item>
      <item><enable>1</enable><upload>1</upload><chip_error_code>9009</chip_error_code><lenovo_error_code>-419009</lenovo_error_code><disc_eng>Can not find the com port</disc_eng><disc_chs>无法找到串口</disc_chs><value>.\log</value><helpdoc>..\doc\</helpdoc><prompt></prompt></item>
      <item><enable>1</enable><upload>1</upload><chip_error_code>9010</chip_error_code><lenovo_error_code>-419010</lenovo_error_code><disc_eng>The dut com port could not opened</disc_eng><disc_chs>手机串口未正常打开</disc_chs><value>.\log</value><helpdoc>..\doc\</helpdoc><prompt></prompt></item>
      <item><enable>1</enable><upload>1</upload><chip_error_code>9011</chip_error_code><lenovo_error_code>-419011</lenovo_error_code><disc_eng>The dut can't enter test mode, please check the dut, power supply and comport cable connection</disc_eng><disc_chs>未进入测试模式，请检查手机，电源，串口等连接是否异常</disc_chs><value>.\log</value><helpdoc>..\doc\</helpdoc><prompt></prompt></item>
      <item><enable>1</enable><upload>1</upload><chip_error_code>9012</chip_error_code><lenovo_error_code>-419012</lenovo_error_code><disc_eng>You shouldn't calilbrate the golden unit</disc_eng><disc_chs>不能校准金板</disc_chs><value>.\log</value><helpdoc>..\doc\</helpdoc><prompt></prompt></item>
      <item><enable>1</enable><upload>1</upload><chip_error_code>9020</chip_error_code><lenovo_error_code>-419020</lenovo_error_code><disc_eng>Invalid serial number, please check</disc_eng><disc_chs>无效SN，请返回写SN站点</disc_chs><value>.\log</value><helpdoc>..\doc\</helpdoc><prompt></prompt></item>
      <item><enable>1</enable><upload>1</upload><chip_error_code>9021</chip_error_code><lenovo_error_code>-419021</lenovo_error_code><disc_eng>Connect the serial port failed</disc_eng><disc_chs>串口连接失败</disc_chs><value>.\log</value><helpdoc>..\doc\</helpdoc><prompt></prompt></item>
      <item><enable>1</enable><upload>1</upload><chip_error_code>9022</chip_error_code><lenovo_error_code>-419022</lenovo_error_code><disc_eng>Close the fixture failed</disc_eng><disc_chs>夹具关闭失败</disc_chs><value>.\log</value><helpdoc>..\doc\</helpdoc><prompt></prompt></item>
      <item><enable>1</enable><upload>1</upload><chip_error_code>9033</chip_error_code><lenovo_error_code>-419033</lenovo_error_code><disc_eng>SW Switch fail</disc_eng><disc_chs>切换软体失败</disc_chs><value>.\log</value><helpdoc>..\doc\</helpdoc><prompt></prompt></item>
      <item><enable>1</enable><upload>1</upload><chip_error_code>9098</chip_error_code><lenovo_error_code>-419098</lenovo_error_code><disc_eng>Error happened and can not finish the calibration and verification process</disc_eng><disc_chs>未完成校准和非信令测试流程</disc_chs><value>.\log</value><helpdoc>..\doc\</helpdoc><prompt></prompt></item>
      <item><enable>1</enable><upload>1</upload><chip_error_code>9111</chip_error_code><lenovo_error_code>-419111</lenovo_error_code><disc_eng>Error happened and test tool exit</disc_eng><disc_chs>测试出现异常而退出</disc_chs><value>.\log</value><helpdoc>..\doc\</helpdoc><prompt></prompt></item>
      <item><enable>1</enable><upload>1</upload><chip_error_code>9330</chip_error_code><lenovo_error_code>-419330</lenovo_error_code><disc_eng>Release the RF fixture failed</disc_eng><disc_chs>释放屏蔽箱失败</disc_chs><value>.\log</value><helpdoc>..\doc\</helpdoc><prompt></prompt></item>
      <item><enable>1</enable><upload>1</upload><chip_error_code>9310</chip_error_code><lenovo_error_code>-419310</lenovo_error_code><disc_eng>Close the RF fixture failed</disc_eng><disc_chs>关闭屏蔽箱失败</disc_chs><value>.\log</value><helpdoc>..\doc\</helpdoc><prompt></prompt></item>
      <item><enable>1</enable><upload>1</upload><chip_error_code>9410</chip_error_code><lenovo_error_code>-419410</lenovo_error_code><disc_eng>Disconnect the power supplyb failed</disc_eng><disc_chs>关闭程控电源失败</disc_chs><value>.\log</value><helpdoc>..\doc\</helpdoc><prompt></prompt></item>
      <item><enable>1</enable><upload>1</upload><chip_error_code>9411</chip_error_code><lenovo_error_code>-419411</lenovo_error_code><disc_eng>Connect to power supply failed</disc_eng><disc_chs>打开程控电源失败</disc_chs><value>.\log</value><helpdoc>..\doc\</helpdoc><prompt></prompt></item>
	  </err_setting>                                              
	</setting>                                                    
</cfg>                                                          
